### ISSUE TITLE
GNU ARC toolchain debugging, constantly report error "Polling target arc700.cpu failed, GDB will be halted. Polling again in 100ms"

### ISSUE THREAD

**Issue by lipinggoke** [foss-for-synopsys-dwc-arc-processors/openocd#30]
I am using GNU ARC Toochain (version 2018.09) to debug my proram on ARC700 IP Based  Soc, but it couldn't make the promram run normally under OpenOCD debug mode.
    
while I run the program, it run and halt instantly, and the OpenOCD report this error :

    "Polling target arc700.cpu failed, GDB will be halted. Polling again in 100ms"
    "Polling target arc700.cpu succeeded again, trying to reexamine"
    
Then I run the program again, the same situation isrepeated,  including the same error.
    
Could Synopsis give some suggestions to solve this problem?
    
Here are the OpenOCD scripts for ARC700 chip:

    D:\ARC_Gnu\share\openocd\scripts>cat board\snps_board_gk2301.cfg  | grep -v "^ *\#"

    source [find interface/ftdi/digilent-hs1.cfg]

    debug_level 2
    adapter_khz 1000

    transport select jtag

    source [find target/snps_target_gk2301.cfg]

    init
    reset halt

    D:\ARC_Gnu\share\openocd\scripts>cat target\snps_target_gk2301.cfg | grep -v "^ *\#"

    source [find cpu/arc/arcompact.tcl]

    set _CHIPNAME arc700
    set _TARGETNAME $_CHIPNAME.cpu

    jtag newtap $_CHIPNAME cpu -irlen 4 -ircapture 0x1 -expected-id 0x200034b1 \
                           -expected-id 0x201034b1 -expected-id 0x100434b1

    set _coreid 0
    set _dbgbase [expr 0x00000000 | ($_coreid << 13)]

    set _sram_addr 0x10000000
    set _sram_size 0x8000

    target create $_TARGETNAME arc700 -chain-position $_TARGETNAME
    $_TARGETNAME configure -coreid $_coreid
    $_TARGETNAME configure -dbgbase $_dbgbase
    $_TARGETNAME configure -endian little
    $_TARGETNAME configure -work-area-phys $_sram_addr -work-area-size $_sram_size

    $_TARGETNAME configure -event reset-assert "arc_arcompact_reset $_TARGETNAME"

    arc_arcompact_init_regs

    D:\ARC_Gnu\share\openocd\scripts>
    
and these are the OpenOCD console log:

    Open On-Chip Debugger 0.9.0-dev-g72f0b9b (2018-11-21-18:58)
    Licensed under GNU GPL v2
    For bug reports, read
        	http://openocd.sourceforge.net/doc/doxygen/bugs.html
    debug_level: 0
    debug_level: 2
    adapter speed: 5000 kHz
    Info : clock speed 5000 kHz
    Info : JTAG tap: arc700.cpu tap/device found: 0x100434b1 (mfg: 0x258, part: 0x0043, ver: 0x1)
    Info : JTAG tap: arc700.cpu tap/device found: 0x100434b1 (mfg: 0x258, part: 0x0043, ver: 0x1)
    target state: halted
    Info : accepting 'gdb' connection on tcp/3333
    Polling target arc700.cpu failed, GDB will be halted. Polling again in 100ms
    Polling target arc700.cpu succeeded again, trying to reexamine
    Polling target arc700.cpu failed, GDB will be halted. Polling again in 100ms
    Polling target arc700.cpu succeeded again, trying to reexamine
    Polling target arc700.cpu failed, GDB will be halted. Polling again in 100ms
    Polling target arc700.cpu succeeded again, trying to reexamine

Could anyone help and give some suggestions ? 

Thanks in advance.

**Comment by lipinggoke** [comment]
I find that maybe it is because of the lack of actionpoint module in the chip.

Here are the detail openocd logs:

    Debug: 4796 52978 arc32.c:643 arc32_reset_caches_states(): Resetting internal variables of caches states
    Debug: 4797 52978 arc32.c:1112 arc32_get_register_field(): getting register field (reg_name=debug, field_name=bh)
    Debug: 4798 52979 arc_jtag.c:298 arc_jtag_read_registers(): Reading aux registers: addr[0]=0x5;count=1
    Debug: 4799 52980 arc_jtag.c:341 arc_jtag_read_registers(): Read from register: buf[0]=0x0
    Debug: 4800 52980 arc_regs.c:84 arc_regs_get_core_reg(): Get register gdb_num=69, name=debug, value=0x0
    Debug: 4801 52981 arc32.c:1154 arc32_get_register_field(): return (value=0x0)
    Debug: 4802 52981 arc32.c:1112 arc32_get_register_field(): getting register field (reg_name=debug, field_name=ah)
    Debug: 4803 52982 arc_dbg.c:405 get_current_actionpoint(): error while calling "arc32_get_register_field(target, arc_reg_debug, "ah", &debug_ah)"
    Debug: 4804 52982 arc_dbg.c:473 arc_dbg_examine_debug_reason(): error while calling "get_current_actionpoint(target, &actionpoint)"
    Debug: 4805 52982 arc_dbg.c:506 arc_dbg_debug_entry(): error while calling "arc_dbg_examine_debug_reason(target)"
    Debug: 4806 52983 arc_ocd.c:70 arc_ocd_poll(): error while calling "arc_dbg_debug_entry(target)"
    User : 4807 52983 target.c:2422 handle_target(): Polling target arc700.cpu failed, GDB will be halted. Polling again in 100ms
    Debug: 4808 52985 target.c:1411 target_call_event_callbacks(): target event 0 (gdb-halt)

And the SoC truely didn't integrate actionpoint module.

Is there option for configuration to prohibit OpenOCD to use actionpoint for debugging?

**Comment by lipinggoke** [comment]
It seems the ah and bh field of debug register have some relation with this case.

    Debug: 1151 390237 arc32.c:643 arc32_reset_caches_states(): Resetting internal variables of caches states
    Debug: 1152 390243 arc32.c:1112 arc32_get_register_field(): getting register field (reg_name=debug, field_name=bh)
    Debug: 1153 390250 arc_jtag.c:298 arc_jtag_read_registers(): Reading aux registers: addr[0]=0x5;count=1
    Debug: 1155 390257 arc_jtag.c:341 arc_jtag_read_registers(): Read from register: buf[0]=0x0
    Debug: 1156 390263 arc_regs.c:84 arc_regs_get_core_reg(): Get register gdb_num=69, name=debug, value=0x0
    Debug: 1157 390270 arc32.c:1154 arc32_get_register_field(): return (value=0x0)
    Debug: 1158 390274 arc32.c:1112 arc32_get_register_field(): getting register field (reg_name=debug, field_name=ah)
    Debug: 1159 390281 arc32.c:1154 arc32_get_register_field(): return (value=0x0)
    Debug: 1160 390285 target.c:1411 target_call_event_callbacks(): target event 0 (gdb-halt)
    Debug: 1161 390290 target.c:1411 target_call_event_callbacks(): target event 1 (halted)
    Debug: 1162 390296 target.c:1411 target_call_event_callbacks(): target event 6 (gdb-end)

Is there any documented description of the relationship between these two field of debug register and GDB?

**Comment by EvgeniiDidin** [comment]
Hi @lipinggoke,

I do not  see any failures in openocd log. According to line:
```
Debug: 1097 389896 arc_jtag.c:224 arc_jtag_write_registers(): Writing to aux registers: addr[0]=0x5;count=1;buffer[0]=0x20000002 
```
there are two reason why processor halted:
  * processor halted itself with asm command "flag 1" 
  * it was halted by host(gdb).

Could you please tell, what openocd/gdb behaviour do you expect?

**Comment by lipinggoke** [comment]
Hi @EvgeniiDidin,

   This is my test program:

	int main(void)
	{
		int a = 1;
		int b = 1;
		int c = 0;

		do
		{
			for(int i=0; i<10; i++)
			{
				c += (a+i)*(b+i);
			}
		}while(1);

		return c;
	}

and these are my gdb debug log:


	D:\MyWork\GNU_ARC_Prj\HelloGCC>arc-elf32-gdb Hello.elf
	GNU gdb (ARCompact/ARCv2 ISA elf32 toolchain 2018.09) 8.0.50.20171026-git
	Copyright (C) 2017 Free Software Foundation, Inc.
	License GPLv3+: GNU GPL version 3 or later <http://gnu.org/licenses/gpl.html>
	This is free software: you are free to change and redistribute it.
	There is NO WARRANTY, to the extent permitted by law.  Type "show copying"
	and "show warranty" for details.
	This GDB was configured as "--host=i686-w64-mingw32 --target=arc-elf32".
	Type "show configuration" for configuration details.
	For bug reporting instructions, please see:
	<https://github.com/foss-for-synopsys-dwc-arc-processors/toolchain/issues>.
	Find the GDB manual and other documentation resources online at:
	<http://www.gnu.org/software/gdb/documentation/>.
	For help, type "help".
	Type "apropos word" to search for commands related to "word"...
	Reading symbols from Hello.elf...done.
	(gdb) target remote:3333
	Remote debugging using :3333
	0x0000214a in ?? ()
	(gdb) load
	Loading section .text, size 0x540 lma 0x40040000
	Start address 0x40040000, load size 1344
	Transfer rate: 48 KB/sec, 1344 bytes/write.
	(gdb) i all
	r0             0x0      0
	r1             0x0      0
	r2             0xa      10
	r3             0xa3b0d631       2746275377
	r4             0x1      1
	r5             0x0      0
	r6             0x0      0
	r7             0x0      0
	r8             0x0      0
	r9             0x0      0
	r10            0x0      0
	r11            0x0      0
	r12            0x0      0
	r13            0x0      0
	r14            0x0      0
	r15            0x0      0
	r16            0x0      0
	r17            0x0      0
	r18            0x0      0
	r19            0x0      0
	r20            0x0      0
	r21            0x0      0
	r22            0x0      0
	r23            0x0      0
	r24            0x0      0
	r25            0x0      0
	gp             0x10004000       0x10004000
	fp             0x10007fdc       0x10007fdc
	sp             0x10007fcc       0x10007fcc
	ilink1         0x0      0x0
	ilink2         0x0      0x0
	blink          0x0      0x0
	lp_count       0x0      0
	pcl            0x2148   0x2148
	pc             0x40040000       0x40040000 <_reset>
	status32       0x1      [ H ]
	lp_start       0x0      0x0
	lp_end         0x0      0x0
	identity       {arcver = 0x33, arcnum = 0x1, chipid = 0xad}     {arcver = 51, arcnum = 1, chipid = 173}
	debug          {ss = 0x0, fh = 0x0, ah = 0x0, asr = 0x0, is = 0x0, ra = 0x0, zz = 0x0, ed = 0x0, ep = 0x0, ub = 0x0, bh = 0x0,
	  sh = 0x0, ld = 0x0}   {ss = false, fh = false, ah = false, asr = 0, is = false, ra = false, zz = false, ed = false, ep = false,
	  ub = false, bh = false, sh = false, ld = false}
	(gdb) b _reset
	Breakpoint 1 at 0x40040000: file IVT.S, line 15.
	(gdb) b _start
	Breakpoint 2 at 0x40040100: file StartUp.S, line 22.
	(gdb) b main
	Breakpoint 3 at 0x400404ea: file main.c, line 81.
	(gdb) j _reset
	Continuing at 0x40040000.

	Breakpoint 1, _reset () at IVT.S:15
	15          jal     _start
	(gdb) c
	Continuing.

	Breakpoint 2, _start () at StartUp.S:22
	22          bl cap_runaway
	(gdb) c
	Continuing.

	Breakpoint 3, main () at main.c:81
	81              int a = 1;
	(gdb) i b
	Num     Type           Disp Enb Address    What
	1       breakpoint     keep y   0x40040000 IVT.S:15
			breakpoint already hit 1 time
	2       breakpoint     keep y   0x40040100 StartUp.S:22
			breakpoint already hit 1 time
	3       breakpoint     keep y   0x400404ea in main at main.c:81
			breakpoint already hit 1 time
	(gdb) d  1 2 3
	(gdb) i b
	No breakpoints or watchpoints.
	(gdb) c
	Continuing.

	Program stopped.
	main () at main.c:89
	89                              c += (a+i)*(b+i);
	(gdb) i all
	r0             0x0      0
	r1             0x0      0
	r2             0x7      7
	r3             0x1      1
	r4             0x1      1
	r5             0x0      0
	r6             0x0      0
	r7             0x0      0
	r8             0x0      0
	r9             0x0      0
	r10            0x0      0
	r11            0x0      0
	r12            0x0      0
	r13            0x0      0
	r14            0x0      0
	r15            0x0      0
	r16            0x0      0
	r17            0x0      0
	r18            0x0      0
	r19            0x0      0
	r20            0x0      0
	r21            0x0      0
	r22            0x0      0
	r23            0x0      0
	r24            0x0      0
	r25            0x0      0
	gp             0x10004000       0x10004000
	fp             0x10007fdc       0x10007fdc
	sp             0x10007fcc       0x10007fcc
	ilink1         0x0      0x0
	ilink2         0x0      0x0
	blink          0x0      0x0
	lp_count       0x0      0
	pcl            0x40040504       0x40040504 <main+36>
	pc             0x40040504       0x40040504 <main+36>
	status32       0x600    [ C N ]
	lp_start       0x0      0x0
	lp_end         0x0      0x0
	identity       {arcver = 0x33, arcnum = 0x1, chipid = 0xad}     {arcver = 51, arcnum = 1, chipid = 173}
	debug          {ss = 0x0, fh = 0x0, ah = 0x0, asr = 0x0, is = 0x0, ra = 0x0, zz = 0x0, ed = 0x0, ep = 0x0, ub = 0x0, bh = 0x0,
	  sh = 0x0, ld = 0x0}   {ss = false, fh = false, ah = false, asr = 0, is = false, ra = false, zz = false, ed = false, ep = false,
	  ub = false, bh = false, sh = false, ld = false}
	(gdb) c
	Continuing.

	Program stopped.
	0x40040520 in main () at main.c:89
	89                              c += (a+i)*(b+i);
	(gdb) i all
	r0             0x0      0
	r1             0x0      0
	r2             0x6      6
	r3             0x2290b2aa       579908266
	r4             0x1      1
	r5             0x0      0
	r6             0x0      0
	r7             0x0      0
	r8             0x0      0
	r9             0x0      0
	r10            0x0      0
	r11            0x0      0
	r12            0x0      0
	r13            0x0      0
	r14            0x0      0
	r15            0x0      0
	r16            0x0      0
	r17            0x0      0
	r18            0x0      0
	r19            0x0      0
	r20            0x0      0
	r21            0x0      0
	r22            0x0      0
	r23            0x0      0
	r24            0x0      0
	r25            0x0      0
	gp             0x10004000       0x10004000
	fp             0x10007fdc       0x10007fdc
	sp             0x10007fcc       0x10007fcc
	ilink1         0x0      0x0
	ilink2         0x0      0x0
	blink          0x0      0x0
	lp_count       0x0      0
	pcl            0x40040528       0x40040528 <main+72>
	pc             0x40040520       0x40040520 <main+64>
	status32       0x600    [ C N ]
	lp_start       0x0      0x0
	lp_end         0x0      0x0
	identity       {arcver = 0x33, arcnum = 0x1, chipid = 0xad}     {arcver = 51, arcnum = 1, chipid = 173}
	debug          {ss = 0x0, fh = 0x0, ah = 0x0, asr = 0x0, is = 0x0, ra = 0x0, zz = 0x0, ed = 0x0, ep = 0x0, ub = 0x0, bh = 0x0,
	  sh = 0x0, ld = 0x0}   {ss = false, fh = false, ah = false, asr = 0, is = false, ra = false, zz = false, ed = false, ep = false,
	  ub = false, bh = false, sh = false, ld = false}
	(gdb) c
	Continuing.

	Program stopped.
	0x4004050e in main () at main.c:89
	89                              c += (a+i)*(b+i);
	(gdb) i all
	r0             0x0      0
	r1             0x0      0
	r2             0x5e5c5702       1583109890
	r3             0x1      1
	r4             0x1      1
	r5             0x0      0
	r6             0x0      0
	r7             0x0      0
	r8             0x0      0
	r9             0x0      0
	r10            0x0      0
	r11            0x0      0
	r12            0x0      0
	r13            0x0      0
	r14            0x0      0
	r15            0x0      0
	r16            0x0      0
	r17            0x0      0
	r18            0x0      0
	r19            0x0      0
	r20            0x0      0
	r21            0x0      0
	r22            0x0      0
	r23            0x0      0
	r24            0x0      0
	r25            0x0      0
	gp             0x10004000       0x10004000
	fp             0x10007fdc       0x10007fdc
	sp             0x10007fcc       0x10007fcc
	ilink1         0x0      0x0
	ilink2         0x0      0x0
	blink          0x0      0x0
	lp_count       0x0      0
	pcl            0x40040520       0x40040520 <main+64>
	pc             0x4004050e       0x4004050e <main+46>
	status32       0x800    [ Z ]
	lp_start       0x0      0x0
	lp_end         0x0      0x0
	identity       {arcver = 0x33, arcnum = 0x1, chipid = 0xad}     {arcver = 51, arcnum = 1, chipid = 173}
	debug          {ss = 0x0, fh = 0x0, ah = 0x0, asr = 0x0, is = 0x0, ra = 0x0, zz = 0x0, ed = 0x0, ep = 0x0, ub = 0x0, bh = 0x0,
	  sh = 0x0, ld = 0x0}   {ss = false, fh = false, ah = false, asr = 0, is = false, ra = false, zz = false, ed = false, ep = false,
	  ub = false, bh = false, sh = false, ld = false}
	(gdb) c
	Continuing.

	Program stopped.
	main () at main.c:89
	89                              c += (a+i)*(b+i);
	(gdb) i all
	r0             0x0      0
	r1             0x0      0
	r2             0x5      5
	r3             0xcc7bee8f       3430674063
	r4             0x1      1
	r5             0x0      0
	r6             0x0      0
	r7             0x0      0
	r8             0x0      0
	r9             0x0      0
	r10            0x0      0
	r11            0x0      0
	r12            0x0      0
	r13            0x0      0
	r14            0x0      0
	r15            0x0      0
	r16            0x0      0
	r17            0x0      0
	r18            0x0      0
	r19            0x0      0
	r20            0x0      0
	r21            0x0      0
	r22            0x0      0
	r23            0x0      0
	r24            0x0      0
	r25            0x0      0
	gp             0x10004000       0x10004000
	fp             0x10007fdc       0x10007fdc
	sp             0x10007fcc       0x10007fcc
	ilink1         0x0      0x0
	ilink2         0x0      0x0
	blink          0x0      0x0
	lp_count       0x0      0
	pcl            0x40040504       0x40040504 <main+36>
	pc             0x40040504       0x40040504 <main+36>
	status32       0x800    [ Z ]
	lp_start       0x0      0x0
	lp_end         0x0      0x0
	identity       {arcver = 0x33, arcnum = 0x1, chipid = 0xad}     {arcver = 51, arcnum = 1, chipid = 173}
	debug          {ss = 0x0, fh = 0x0, ah = 0x0, asr = 0x0, is = 0x0, ra = 0x0, zz = 0x0, ed = 0x0, ep = 0x0, ub = 0x0, bh = 0x0,
	  sh = 0x0, ld = 0x0}   {ss = false, fh = false, ah = false, asr = 0, is = false, ra = false, zz = false, ed = false, ep = false,
	  ub = false, bh = false, sh = false, ld = false}
	(gdb) c
	Continuing.

	Program stopped.
	0x40040534 in main () at main.c:87
	87                      for(int i=0; i<10; i++)
	(gdb) i all
	r0             0x0      0
	r1             0x0      0
	r2             0x9      9
	r3             0x1      1
	r4             0x1      1
	r5             0x0      0
	r6             0x0      0
	r7             0x0      0
	r8             0x0      0
	r9             0x0      0
	r10            0x0      0
	r11            0x0      0
	r12            0x0      0
	r13            0x0      0
	r14            0x0      0
	r15            0x0      0
	r16            0x0      0
	r17            0x0      0
	r18            0x0      0
	r19            0x0      0
	r20            0x0      0
	r21            0x0      0
	r22            0x0      0
	r23            0x0      0
	r24            0x0      0
	r25            0x0      0
	gp             0x10004000       0x10004000
	fp             0x10007fdc       0x10007fdc
	sp             0x10007fcc       0x10007fcc
	ilink1         0x0      0x0
	ilink2         0x0      0x0
	blink          0x0      0x0
	lp_count       0x0      0
	pcl            0x40040520       0x40040520 <main+64>
	pc             0x40040534       0x40040534 <main+84>
	status32       0x600    [ C N ]
	lp_start       0x0      0x0
	lp_end         0x0      0x0
	identity       {arcver = 0x33, arcnum = 0x1, chipid = 0xad}     {arcver = 51, arcnum = 1, chipid = 173}
	debug          {ss = 0x0, fh = 0x0, ah = 0x0, asr = 0x0, is = 0x0, ra = 0x0, zz = 0x0, ed = 0x0, ep = 0x0, ub = 0x0, bh = 0x0,
	  sh = 0x0, ld = 0x0}   {ss = false, fh = false, ah = false, asr = 0, is = false, ra = false, zz = false, ed = false, ep = false,
	  ub = false, bh = false, sh = false, ld = false}
	(gdb)

I just want that when I run gdb 'continue' command without breakpoint and watchpiont, the program 
should continue running until a manual stop. it shouldn't halt automatically without 'HALT' flag in STATUS32 reg and DEBUG reg.

**Comment by anthony-kolesov** [comment]
Hi @lipinggoke

With respect of the action points - I don't think they are the cause here. OpenOCD reads DEBUG.AH and ASR to check if application halted because of the Actionpoint or not. It also checks BH - this field is set if processor halted because of the BRK_S instruction - the software breakpoint. There is no documentation per se, there are instructions in the ARC PRM in the description of the DEBUG regsiter. Relevant code of the OpenOCD is here: https://github.com/foss-for-synopsys-dwc-arc-processors/openocd/blob/master/src/target/arc_dbg.c#L454

If processor halted because of the breakpoint (either soft or hard), then OpenOCD identifies stop reason as SIG_TRAP signal, usually number 5. and specifies this to the GDB in the `T` response packet of GDB-RSP protocol. GDB then nows that debugging stoped because of the breakpoint it set. This is not the case here, because DEBUG.AH and BH are both set to 0, as far as I can see there are no stray breakpoints or actionpoints involved.

Message "Program stopped." printed by the GDB identifies that program stopped itself. For example this happens if there is a `flag 1` instruction in the code.

To more further I'd need you to conduct several experiments:

1. Does this problem happen if you use standard start library instead of the custom code. I mean those `_start` and `_reset` procedures. In theory `__start` from the C standard library should be enough to run your `main.c` on the board. This willl help us to narrow if there is anything in those files that interact badly with OpenOCD.

2. Could you do a `disass /s` command after program halts?

3. Could you also add a `set debug remote 1` command before doing the `j _reset` and post the respective log from the GDB.

4. Could you also post the end of the OpenOCD log - as far as I can see current log is for the initial "continue" code, it would be help ful for me to see what happens after it halt at those unexpected locations.

5. Please also try without `j _reset` - when doing the load` GDB already sets PC pointer to the start address which is indeed `_reset`, so you can just do `continue` command instead of `j _reset` - should work the same. In theory that shouldn't affect the execution, but who knows.

**Comment by lipinggoke** [comment]
Hi @EvgeniiDidin,

I have done as you told, but the arc700 core still would automatically halt after gdb 'continue' command run without any breakpoint and watchpoint.

Here are my command logs:

    D:\MyWork\GNU_ARC_Prj\test>cat hello.c

    int main(int argc, char *argv[])
    {
            int a = 1;
            int b = 1;
            int c = 0;

            do
            {
                    for(int i=0; i<10; i++)
                    {
                            c += (a+i)*(b+i);
                    }
            }while(1);

            return c;
    }

    D:\MyWork\GNU_ARC_Prj\test>arc-elf32-gcc -v -g -O0 -ggdb -o hello.out hello.c
    Using built-in specs.
    COLLECT_GCC=arc-elf32-gcc
    COLLECT_LTO_WRAPPER=d:/arc_gnu/bin/../libexec/gcc/arc-elf32/8.2.1/lto-wrapper.exe
    Target: arc-elf32
    Configured with: /SCRATCH/arcjenkins/custom-ru20-arcgnu2/workspace/arc_gnu_toolchain_release/gcc/configure --target=arc-elf32 --with-cp
    u=arc700 --with-pkgversion='ARCompact/ARCv2 ISA elf32 toolchain 2018.09' --with-bugurl=https://github.com/foss-for-synopsys-dwc-arc-pro
    cessors/toolchain/issues --enable-fast-install=N/A --with-endian=little --disable-werror --enable-languages=c,c++ --disable-shared --di
    sable-tls --disable-threads --prefix=/SCRATCH/arcjenkins/custom-ru20-arcgnu2/workspace/arc_gnu_toolchain_release/toolchain/../release_o
    utput/arc_gnu_2018.09_prebuilt_elf32_le_win_install --with-gnu-as --with-gnu-ld --host=i686-w64-mingw32 --with-python=no --with-newlib
    --with-headers=/SCRATCH/arcjenkins/custom-ru20-arcgnu2/workspace/arc_gnu_toolchain_release/toolchain/../release_output/arc_gnu_2018.09_
    prebuilt_elf32_le_win_install/arc-elf32/include --with-libs=/SCRATCH/arcjenkins/custom-ru20-arcgnu2/workspace/arc_gnu_toolchain_release
    /toolchain/../release_output/arc_gnu_2018.09_prebuilt_elf32_le_win_install/arc-elf32/lib --disable-libstdcxx-pch 'CFLAGS_FOR_TARGET=-ff
    unction-sections -fdata-sections '
    Thread model: single
    gcc version 8.2.1 20180814 (ARCompact/ARCv2 ISA elf32 toolchain 2018.09)
    COLLECT_GCC_OPTIONS='-v' '-g' '-O0' '-ggdb' '-o' 'hello.out' '-mcpu=arc700'
     d:/arc_gnu/bin/../libexec/gcc/arc-elf32/8.2.1/cc1.exe -quiet -v -imultilib arc700 -iprefix d:\arc_gnu\bin\../lib/gcc/arc-elf32/8.2.1/
    hello.c -quiet -dumpbase hello.c -mcpu=arc700 -auxbase hello -g -ggdb -O0 -version -o C:\Users\ADMINI~1\AppData\Local\Temp\ccPnLNPP.s
    GNU C17 (ARCompact/ARCv2 ISA elf32 toolchain 2018.09) version 8.2.1 20180814 (arc-elf32)
            compiled by GNU C version 4.9.2 20141030 (Fedora MinGW 4.9.2-1.el6), GMP version 6.1.1, MPFR version 3.1.4, MPC version 1.0.3,
    isl version none
    GGC heuristics: --param ggc-min-expand=100 --param ggc-min-heapsize=131072
    ignoring duplicate directory "d:/arc_gnu/lib/gcc/../../lib/gcc/arc-elf32/8.2.1/include"
    ignoring duplicate directory "d:/arc_gnu/lib/gcc/../../lib/gcc/arc-elf32/8.2.1/include-fixed"
    ignoring duplicate directory "d:/arc_gnu/lib/gcc/../../lib/gcc/arc-elf32/8.2.1/../../../../arc-elf32/sys-include"
    ignoring duplicate directory "d:/arc_gnu/lib/gcc/../../lib/gcc/arc-elf32/8.2.1/../../../../arc-elf32/include"
    #include "..." search starts here:
    #include <...> search starts here:
     d:\arc_gnu\bin\../lib/gcc/arc-elf32/8.2.1/include
     d:\arc_gnu\bin\../lib/gcc/arc-elf32/8.2.1/include-fixed
     d:\arc_gnu\bin\../lib/gcc/arc-elf32/8.2.1/../../../../arc-elf32/sys-include
     d:\arc_gnu\bin\../lib/gcc/arc-elf32/8.2.1/../../../../arc-elf32/include
    End of search list.
    GNU C17 (ARCompact/ARCv2 ISA elf32 toolchain 2018.09) version 8.2.1 20180814 (arc-elf32)
            compiled by GNU C version 4.9.2 20141030 (Fedora MinGW 4.9.2-1.el6), GMP version 6.1.1, MPFR version 3.1.4, MPC version 1.0.3,
    isl version none
    GGC heuristics: --param ggc-min-expand=100 --param ggc-min-heapsize=131072
    Compiler executable checksum: 420b2ed6fed367c72dc7c60e3c0bff3c
    COLLECT_GCC_OPTIONS='-v' '-g' '-O0' '-ggdb' '-o' 'hello.out' '-mcpu=arc700'
     d:/arc_gnu/bin/../lib/gcc/arc-elf32/8.2.1/../../../../arc-elf32/bin/as.exe -v -mcpu=arc700 -mEA -o C:\Users\ADMINI~1\AppData\Local\Tem
    p\ccqBNOYX.o C:\Users\ADMINI~1\AppData\Local\Temp\ccPnLNPP.s
    GNU assembler version 2.31.51 (arc-elf32) using BFD version (ARCompact/ARCv2 ISA elf32 toolchain 2018.09) 2.31.51.20181004
    COMPILER_PATH=d:/arc_gnu/bin/../libexec/gcc/arc-elf32/8.2.1/;d:/arc_gnu/bin/../libexec/gcc/;d:/arc_gnu/bin/../lib/gcc/arc-elf32/8.2.1/.
    ./../../../arc-elf32/bin/
    LIBRARY_PATH=d:/arc_gnu/bin/../lib/gcc/arc-elf32/8.2.1/arc700/;d:/arc_gnu/bin/../lib/gcc/arc-elf32/8.2.1/../../../../arc-elf32/lib/arc7
    00/;d:/arc_gnu/bin/../lib/gcc/arc-elf32/8.2.1/;d:/arc_gnu/bin/../lib/gcc/;d:/arc_gnu/bin/../lib/gcc/arc-elf32/8.2.1/../../../../arc-elf
    32/lib/
    COLLECT_GCC_OPTIONS='-v' '-g' '-O0' '-ggdb' '-o' 'hello.out' '-mcpu=arc700'
     d:/arc_gnu/bin/../libexec/gcc/arc-elf32/8.2.1/collect2.exe -plugin d:/arc_gnu/bin/../libexec/gcc/arc-elf32/8.2.1/liblto_plugin-0.dll -
    plugin-opt=d:/arc_gnu/bin/../libexec/gcc/arc-elf32/8.2.1/lto-wrapper.exe -plugin-opt=-fresolution=C:\Users\ADMINI~1\AppData\Local\Temp\
    ccaFIeEa.res -plugin-opt=-pass-through=-lgcc -plugin-opt=-pass-through=-lc -plugin-opt=-pass-through=-lnosys -o hello.out d:/arc_gnu/bi
    n/../lib/gcc/arc-elf32/8.2.1/../../../../arc-elf32/lib/arc700/crt0.o d:/arc_gnu/bin/../lib/gcc/arc-elf32/8.2.1/arc700/crti.o d:/arc_gnu
    /bin/../lib/gcc/arc-elf32/8.2.1/arc700/crttls.o d:/arc_gnu/bin/../lib/gcc/arc-elf32/8.2.1/arc700/crtbegin.o -Ld:/arc_gnu/bin/../lib/gcc
    /arc-elf32/8.2.1/arc700 -Ld:/arc_gnu/bin/../lib/gcc/arc-elf32/8.2.1/../../../../arc-elf32/lib/arc700 -Ld:/arc_gnu/bin/../lib/gcc/arc-el
    f32/8.2.1 -Ld:/arc_gnu/bin/../lib/gcc -Ld:/arc_gnu/bin/../lib/gcc/arc-elf32/8.2.1/../../../../arc-elf32/lib C:\Users\ADMINI~1\AppData\L
    ocal\Temp\ccqBNOYX.o --start-group -lgcc -lc -lnosys --end-group d:/arc_gnu/bin/../lib/gcc/arc-elf32/8.2.1/arc700/crtend.o d:/arc_gnu/b
    in/../lib/gcc/arc-elf32/8.2.1/arc700/crtn.o
    COLLECT_GCC_OPTIONS='-v' '-g' '-O0' '-ggdb' '-o' 'hello.out' '-mcpu=arc700'

    D:\MyWork\GNU_ARC_Prj\test>arc-elf32-gdb hello.out
    GNU gdb (ARCompact/ARCv2 ISA elf32 toolchain 2018.09) 8.0.50.20171026-git
    Copyright (C) 2017 Free Software Foundation, Inc.
    License GPLv3+: GNU GPL version 3 or later <http://gnu.org/licenses/gpl.html>
    This is free software: you are free to change and redistribute it.
    There is NO WARRANTY, to the extent permitted by law.  Type "show copying"
    and "show warranty" for details.
    This GDB was configured as "--host=i686-w64-mingw32 --target=arc-elf32".
    Type "show configuration" for configuration details.
    For bug reporting instructions, please see:
    <https://github.com/foss-for-synopsys-dwc-arc-processors/toolchain/issues>.
    Find the GDB manual and other documentation resources online at:
    <http://www.gnu.org/software/gdb/documentation/>.
    For help, type "help".
    Type "apropos word" to search for commands related to "word"...
    Reading symbols from hello.out...done.
    (gdb) target remote:3333
    Remote debugging using :3333
    0x0000214a in ?? ()
    (gdb) load
    Loading section .init, size 0x22 lma 0x100
    Loading section .text, size 0x338 lma 0x124
    Loading section .fini, size 0x16 lma 0x45c
    Loading section .rodata, size 0x4 lma 0x474
    Loading section .data, size 0x424 lma 0x2478
    Loading section .ctors, size 0x8 lma 0x289c
    Loading section .dtors, size 0x8 lma 0x28a4
    Loading section .sdata, size 0x8 lma 0x28ac
    Start address 0x124, load size 1968
    Transfer rate: 2 KB/sec, 246 bytes/write.
    (gdb) i b
    No breakpoints or watchpoints.
    (gdb) i all
    r0             0x0      0
    r1             0x0      0
    r2             0x50001200       1342181888
    r3             0x2d5f   11615
    r4             0x0      0
    r5             0x3      3
    r6             0xe      14
    r7             0x10000540       268436800
    r8             0x0      0
    r9             0x8      8
    r10            0x1      1
    r11            0x0      0
    r12            0x4      4
    r13            0x5000a000       1342218240
    r14            0x100005f8       268436984
    r15            0xfff81fef       4294451183
    r16            0x100005fc       268436988
    r17            0xfff81fee       4294451182
    r18            0x10000608       268437000
    r19            0x4040a1 4210849
    r20            0x10000609       268437001
    r21            0x5000a0a0       1342218400
    r22            0x1000060a       268437002
    r23            0x0      0
    r24            0x1000060c       268437004
    r25            0x0      0
    gp             0x10002500       0x10002500
    fp             0x10008000       0x10008000
    sp             0x10007ff4       0x10007ff4
    ilink1         0x0      0x0
    ilink2         0x0      0x0
    blink          0xa34    0xa34
    lp_count       0x0      0
    pcl            0x2148   0x2148
    pc             0x124    0x124 <__start>
    status32       0x1      [ H ]
    lp_start       0x0      0x0
    lp_end         0x0      0x0
    identity       {arcver = 0x33, arcnum = 0x1, chipid = 0xad}     {arcver = 51, arcnum = 1, chipid = 173}
    debug          {ss = 0x0, fh = 0x0, ah = 0x0, asr = 0x0, is = 0x0, ra = 0x0, zz = 0x0, ed = 0x0, ep = 0x0, ub = 0x0, bh = 0x0,
      sh = 0x0, ld = 0x0}   {ss = false, fh = false, ah = false, asr = 0, is = false, ra = false, zz = false, ed = false, ep = false,
      ub = false, bh = false, sh = false, ld = false}
    (gdb) set debug remote 1
    (gdb) c
    Continuing.
    Sending packet: $vCont?#49...Packet received:
    Packet vCont (verbose-resume) is NOT supported
    Sending packet: $Hc0#db...Packet received: OK
    Sending packet: $c#63...Packet received: O
    Packet received: T00
    Sending packet: $g#67...Packet received: 0000000000000000240000000100000001000000030000000e00000040050010000000000800000001000000000000
    00300400000000000000000000ef1ff8fffc050010ee1ff8ff08060010a140400009060010a0a000500a060010000000000c06001000000000ac290000bc780100a4780
    10000000000000000008401000000000000a8020000a00200004c0100005401000000080000
    Sending packet: $qfThreadInfo#bb...Packet received: l

    Program stopped.
    0x000002a0 in main (Sending packet: $m178a8,4#06...Packet received: 00000000
    argc=0, Sending packet: $m178a4,4#02...Packet received: 00000000
    argv=0x0) at hello.c:12
    12                              c += (a+i)*(b+i);
    (gdb) i all
    r0             0x0      0
    r1             0x0      0
    r2             0x24     36
    r3             0x1      1
    r4             0x1      1
    r5             0x3      3
    r6             0xe      14
    r7             0x10000540       268436800
    r8             0x0      0
    r9             0x8      8
    r10            0x1      1
    r11            0x0      0
    r12            0x430    1072
    r13            0x0      0
    r14            0x0      0
    r15            0xfff81fef       4294451183
    r16            0x100005fc       268436988
    r17            0xfff81fee       4294451182
    r18            0x10000608       268437000
    r19            0x4040a1 4210849
    r20            0x10000609       268437001
    r21            0x5000a0a0       1342218400
    r22            0x1000060a       268437002
    r23            0x0      0
    r24            0x1000060c       268437004
    r25            0x0      0
    gp             0x29ac   0x29ac
    fp             0x178bc  0x178bc
    sp             0x178a4  0x178a4
    ilink1         0x0      0x0
    ilink2         0x0      0x0
    blink          0x184    0x184 <__start+96>
    lp_count       0x0      0
    pcl            0x2a8    0x2a8 <main+80>
    pc             0x2a0    0x2a0 <main+72>
    status32       0x800    [ Z ]
    lp_start       0x14c    0x14c <__start+40>
    lp_end         0x154    0x154 <__start+48>
    Sending packet: $p44#d8...Packet received: 3301ad00
    identity       {arcver = 0x33, arcnum = 0x1, chipid = 0xad}     {arcver = 51, arcnum = 1, chipid = 173}
    Sending packet: $p45#d9...Packet received: 00000000
    debug          {ss = 0x0, fh = 0x0, ah = 0x0, asr = 0x0, is = 0x0, ra = 0x0, zz = 0x0, ed = 0x0, ep = 0x0, ub = 0x0, bh = 0x0,
      sh = 0x0, ld = 0x0}   {ss = false, fh = false, ah = false, asr = 0, is = false, ra = false, zz = false, ed = false, ep = false,
      ub = false, bh = false, sh = false, ld = false}
    (gdb) disass /s
    Dump of assembler code for function main:
    Sending packet: $m240,40#93...Packet received: c1c501dac1c6001e82700000b428c1c7d1c0e07e6d07cffffc1cc8b60a230037a6c1ec1b00b0e81b40b001da
    f41b80b001daf01b80b000dafc1b80b000daf81b
    Sending packet: $m280,40#97...Packet received: 80b01af0f41303b0f81302b05b63f01304b0f81302b080721d238200fc1303b05a63fc1b80b0f81302b0416a
    f81b80b0e078e078f81302b089e2e6f6e0f1e078
    hello.c:
    3       {
       0x00000258 <+0>:     st.aw   fp,[sp,-4]
       0x0000025c <+4>:     mov     fp,sp
       0x00000260 <+8>:     sub_s   sp,sp,0x18
       0x00000262 <+10>:    st      r0,[fp,-20]
       0x00000266 <+14>:    st      r1,[fp,-24]

    4               int a = 1;
       0x0000026a <+18>:    mov_s   r2,0x1
       0x0000026c <+20>:    st      r2,[fp,-12]

    5               int b = 1;
       0x00000270 <+24>:    mov_s   r2,0x1
       0x00000272 <+26>:    st      r2,[fp,-16]

    6               int c = 0;
       0x00000276 <+30>:    mov_s   r2,0
       0x00000278 <+32>:    st      r2,[fp,-4]

    7
    8               do
    9               {
    10                      for(int i=0; i<10; i++)
       0x0000027c <+36>:    mov_s   r2,0
       0x0000027e <+38>:    st      r2,[fp,-8]
       0x00000282 <+42>:    b_s     0x2b4 <main+92>

    11                      {
    12                              c += (a+i)*(b+i);
       0x00000284 <+44>:    ld      r3,[fp,-12]
       0x00000288 <+48>:    ld      r2,[fp,-8]
       0x0000028c <+52>:    add_s   r3,r3,r2
       0x0000028e <+54>:    ld      r4,[fp,-16]
       0x00000292 <+58>:    ld      r2,[fp,-8]
       0x00000296 <+62>:    add_s   r2,r2,r4
       0x00000298 <+64>:    mpyu    r2,r3,r2
       0x0000029c <+68>:    ld      r3,[fp,-4]
    => 0x000002a0 <+72>:    add_s   r2,r3,r2
       0x000002a2 <+74>:    st      r2,[fp,-4]

    10                      for(int i=0; i<10; i++)
       0x000002a6 <+78>:    ld      r2,[fp,-8]
    ---Type <return> to continue, or q <return> to quit---
       0x000002aa <+82>:    add_s   r2,r2,0x1
       0x000002ac <+84>:    st      r2,[fp,-8]
       0x000002b0 <+88>:    nop_s
       0x000002b2 <+90>:    nop_s
       0x000002b4 <+92>:    ld      r2,[fp,-8]
       0x000002b8 <+96>:    cmp_s   r2,0x9
       0x000002ba <+98>:    ble_s   0x284 <main+44>
       0x000002bc <+100>:   b_s     0x27c <main+36>
    End of assembler dump.
    (gdb)

and here are the OpenOCD logs while debugging:

    D:\ARC_Gnu\share\openocd>openocd -f openocd_gk2301_hs1.cfg
    Open On-Chip Debugger 0.9.0-dev-g72f0b9b (2018-11-21-18:58)
    Licensed under GNU GPL v2
    For bug reports, read
            http://openocd.sourceforge.net/doc/doxygen/bugs.html
    User : 16 8 command.c:546 command_print(): debug_level: 3
    Debug: 17 14 command.c:145 script_debug(): command - ocd_command ocd_command type ocd_adapter_khz 5000
    Debug: 18 27 command.c:145 script_debug(): command - adapter_khz ocd_adapter_khz 5000
    Debug: 20 37 core.c:1647 jtag_config_khz(): handle jtag khz
    Debug: 21 44 core.c:1614 adapter_khz_to_speed(): convert khz to interface specific speed value
    Debug: 22 55 core.c:1614 adapter_khz_to_speed(): convert khz to interface specific speed value
    User : 23 65 command.c:546 command_print(): adapter speed: 5000 kHz
    Debug: 24 73 command.c:145 script_debug(): command - ocd_command ocd_command type ocd_transport select jtag
    Debug: 25 85 command.c:145 script_debug(): command - ocd_transport ocd_transport select jtag
    Debug: 26 94 command.c:366 register_command_handler(): registering 'ocd_jtag_flush_queue_sleep'...
    Debug: 27 105 command.c:366 register_command_handler(): registering 'ocd_jtag_rclk'...
    Debug: 28 118 command.c:366 register_command_handler(): registering 'ocd_jtag_ntrst_delay'...
    Debug: 29 129 command.c:366 register_command_handler(): registering 'ocd_jtag_ntrst_assert_width'...
    Debug: 30 141 command.c:366 register_command_handler(): registering 'ocd_scan_chain'...
    Debug: 31 152 command.c:366 register_command_handler(): registering 'ocd_jtag_reset'...
    Debug: 32 162 command.c:366 register_command_handler(): registering 'ocd_runtest'...
    Debug: 33 172 command.c:366 register_command_handler(): registering 'ocd_irscan'...
    Debug: 34 182 command.c:366 register_command_handler(): registering 'ocd_verify_ircapture'...
    Debug: 35 192 command.c:366 register_command_handler(): registering 'ocd_verify_jtag'...
    Debug: 36 202 command.c:366 register_command_handler(): registering 'ocd_tms_sequence'...
    Debug: 37 212 command.c:366 register_command_handler(): registering 'ocd_wait_srst_deassert'...
    Debug: 38 223 command.c:366 register_command_handler(): registering 'ocd_jtag'...
    Debug: 39 232 command.c:366 register_command_handler(): registering 'ocd_jtag'...
    Debug: 40 241 command.c:366 register_command_handler(): registering 'ocd_jtag'...
    Debug: 41 250 command.c:366 register_command_handler(): registering 'ocd_jtag'...
    Debug: 42 259 command.c:366 register_command_handler(): registering 'ocd_jtag'...
    Debug: 43 268 command.c:366 register_command_handler(): registering 'ocd_jtag'...
    Debug: 44 278 command.c:366 register_command_handler(): registering 'ocd_jtag'...
    Debug: 45 286 command.c:366 register_command_handler(): registering 'ocd_jtag'...
    Debug: 46 294 command.c:366 register_command_handler(): registering 'ocd_jtag'...
    Debug: 47 303 command.c:366 register_command_handler(): registering 'ocd_jtag'...
    Debug: 48 312 command.c:366 register_command_handler(): registering 'ocd_jtag'...
    Debug: 49 322 command.c:366 register_command_handler(): registering 'ocd_jtag'...
    Debug: 50 331 command.c:366 register_command_handler(): registering 'ocd_jtag'...
    Debug: 51 340 command.c:366 register_command_handler(): registering 'ocd_svf'...
    Debug: 52 349 command.c:366 register_command_handler(): registering 'ocd_xsvf'...
    Debug: 53 358 command.c:145 script_debug(): command - ocd_command ocd_command type ocd_jtag newtap arc700 cpu -irlen 4 -ircapture 0x1 -
    expected-id 0x200034b1 -expected-id 0x201034b1 -expected-id 0x100434b1
    Debug: 54 382 command.c:145 script_debug(): command - ocd_jtag ocd_jtag newtap arc700 cpu -irlen 4 -ircapture 0x1 -expected-id 0x200034
    b1 -expected-id 0x201034b1 -expected-id 0x100434b1
    Debug: 55 406 tcl.c:554 jim_newtap_cmd(): Creating New Tap, Chip: arc700, Tap: cpu, Dotted: arc700.cpu, 10 params
    Debug: 56 422 tcl.c:579 jim_newtap_cmd(): Processing option: -irlen
    Debug: 57 433 tcl.c:579 jim_newtap_cmd(): Processing option: -ircapture
    Debug: 58 445 tcl.c:579 jim_newtap_cmd(): Processing option: -expected-id
    Debug: 59 456 tcl.c:579 jim_newtap_cmd(): Processing option: -expected-id
    Debug: 60 468 tcl.c:579 jim_newtap_cmd(): Processing option: -expected-id
    Debug: 61 480 core.c:1322 jtag_tap_init(): Created Tap: arc700.cpu @ abs position 0, irlen 4, capture: 0x1 mask: 0x3
    Debug: 62 500 command.c:145 script_debug(): command - ocd_command ocd_command type ocd_target create arc700.cpu arc700 -chain-position
    arc700.cpu
    Debug: 63 523 command.c:145 script_debug(): command - ocd_target ocd_target create arc700.cpu arc700 -chain-position arc700.cpu
    Debug: 64 541 target.c:1732 target_free_all_working_areas_restore(): freeing all working areas
    Debug: 65 556 command.c:366 register_command_handler(): registering 'ocd_arc'...
    Debug: 66 566 command.c:366 register_command_handler(): registering 'ocd_arc'...
    Debug: 67 577 command.c:366 register_command_handler(): registering 'ocd_arc'...
    Debug: 68 590 command.c:366 register_command_handler(): registering 'ocd_arc'...
    Debug: 69 603 command.c:366 register_command_handler(): registering 'ocd_arc'...
    Debug: 70 615 command.c:366 register_command_handler(): registering 'ocd_arc'...
    Debug: 71 626 command.c:366 register_command_handler(): registering 'ocd_arc'...
    Debug: 72 640 command.c:366 register_command_handler(): registering 'ocd_arc'...
    Debug: 73 653 command.c:366 register_command_handler(): registering 'ocd_arc'...
    Debug: 74 666 command.c:366 register_command_handler(): registering 'ocd_arc'...
    Debug: 75 679 command.c:366 register_command_handler(): registering 'ocd_arc'...
    Debug: 76 691 command.c:366 register_command_handler(): registering 'ocd_arc'...
    Debug: 77 703 command.c:366 register_command_handler(): registering 'ocd_arc'...
    Debug: 78 716 command.c:366 register_command_handler(): registering 'ocd_arc'...
    Debug: 79 727 command.c:366 register_command_handler(): registering 'ocd_arc'...
    Debug: 80 742 command.c:366 register_command_handler(): registering 'ocd_arc'...
    Debug: 81 753 command.c:366 register_command_handler(): registering 'ocd_arc'...
    Debug: 82 765 command.c:366 register_command_handler(): registering 'ocd_arc'...
    Debug: 83 778 arc_ocd.c:36 arc_ocd_init_arch_info(): Entering
    Debug: 84 788 arc32.c:643 arc32_reset_caches_states(): Resetting internal variables of caches states
    Debug: 85 803 arc32.c:855 arc32_add_reg_data_type(): -
    Debug: 86 812 arc32.c:855 arc32_add_reg_data_type(): -
    Debug: 87 822 arc32.c:855 arc32_add_reg_data_type(): -
    Debug: 88 830 arc32.c:855 arc32_add_reg_data_type(): -
    Debug: 89 841 arc32.c:855 arc32_add_reg_data_type(): -
    Debug: 90 850 arc32.c:855 arc32_add_reg_data_type(): -
    Debug: 91 857 arc32.c:855 arc32_add_reg_data_type(): -
    Debug: 92 866 arc32.c:855 arc32_add_reg_data_type(): -
    Debug: 93 873 arc32.c:855 arc32_add_reg_data_type(): -
    Debug: 94 881 arc32.c:855 arc32_add_reg_data_type(): -
    Debug: 95 889 arc32.c:855 arc32_add_reg_data_type(): -
    Debug: 96 897 arc32.c:855 arc32_add_reg_data_type(): -
    Debug: 97 904 arc32.c:855 arc32_add_reg_data_type(): -
    Debug: 98 913 arc32.c:855 arc32_add_reg_data_type(): -
    Debug: 99 922 arc32.c:855 arc32_add_reg_data_type(): -
    Debug: 100 928 arc32.c:855 arc32_add_reg_data_type(): -
    Debug: 101 936 command.c:366 register_command_handler(): registering 'ocd_arc700.cpu'...
    Debug: 102 949 command.c:366 register_command_handler(): registering 'ocd_arc700.cpu'...
    Debug: 103 961 command.c:366 register_command_handler(): registering 'ocd_arc700.cpu'...
    Debug: 104 973 command.c:366 register_command_handler(): registering 'ocd_arc700.cpu'...
    Debug: 105 984 command.c:366 register_command_handler(): registering 'ocd_arc700.cpu'...
    Debug: 106 997 command.c:366 register_command_handler(): registering 'ocd_arc700.cpu'...
    Debug: 107 1010 command.c:366 register_command_handler(): registering 'ocd_arc700.cpu'...
    Debug: 108 1022 command.c:366 register_command_handler(): registering 'ocd_arc700.cpu'...
    Debug: 109 1032 command.c:366 register_command_handler(): registering 'ocd_arc700.cpu'...
    Debug: 110 1045 command.c:366 register_command_handler(): registering 'ocd_arc700.cpu'...
    Debug: 111 1059 command.c:366 register_command_handler(): registering 'ocd_arc700.cpu'...
    Debug: 112 1072 command.c:366 register_command_handler(): registering 'ocd_arc700.cpu'...
    Debug: 113 1084 command.c:366 register_command_handler(): registering 'ocd_arc700.cpu'...
    Debug: 114 1096 command.c:366 register_command_handler(): registering 'ocd_arc700.cpu'...
    Debug: 115 1108 command.c:366 register_command_handler(): registering 'ocd_arc700.cpu'...
    Debug: 116 1120 command.c:366 register_command_handler(): registering 'ocd_arc700.cpu'...
    Debug: 117 1133 command.c:366 register_command_handler(): registering 'ocd_arc700.cpu'...
    Debug: 118 1147 command.c:366 register_command_handler(): registering 'ocd_arc700.cpu'...
    Debug: 119 1164 command.c:366 register_command_handler(): registering 'ocd_arc700.cpu'...
    Debug: 120 1177 command.c:366 register_command_handler(): registering 'ocd_arc700.cpu'...
    Debug: 121 1188 command.c:366 register_command_handler(): registering 'ocd_arc700.cpu'...
    Debug: 122 1200 command.c:366 register_command_handler(): registering 'ocd_arc700.cpu'...
    Debug: 123 1213 command.c:366 register_command_handler(): registering 'ocd_arc700.cpu'...
    Debug: 124 1225 command.c:366 register_command_handler(): registering 'ocd_arc700.cpu'...
    Debug: 125 1237 command.c:366 register_command_handler(): registering 'ocd_arc700.cpu'...
    Debug: 126 1249 command.c:366 register_command_handler(): registering 'ocd_arc700.cpu'...
    Debug: 127 1261 command.c:366 register_command_handler(): registering 'ocd_arc700.cpu'...
    Debug: 128 1274 command.c:366 register_command_handler(): registering 'ocd_arc700.cpu'...
    Debug: 129 1285 command.c:366 register_command_handler(): registering 'ocd_arc700.cpu'...
    Debug: 130 1296 command.c:366 register_command_handler(): registering 'ocd_arc700.cpu'...
    Debug: 131 1309 command.c:366 register_command_handler(): registering 'ocd_arc700.cpu'...
    Debug: 132 1321 command.c:366 register_command_handler(): registering 'ocd_arc700.cpu'...
    Debug: 133 1333 command.c:366 register_command_handler(): registering 'ocd_arc700.cpu'...
    Debug: 134 1346 command.c:366 register_command_handler(): registering 'ocd_arc700.cpu'...
    Debug: 135 1358 command.c:366 register_command_handler(): registering 'ocd_arc700.cpu'...
    Debug: 136 1371 command.c:366 register_command_handler(): registering 'ocd_arc700.cpu'...
    Debug: 137 1383 command.c:366 register_command_handler(): registering 'ocd_arc700.cpu'...
    Debug: 138 1395 command.c:366 register_command_handler(): registering 'ocd_arc700.cpu'...
    Debug: 139 1407 command.c:145 script_debug(): command - ocd_command ocd_command type ocd_arc700.cpu configure -coreid 0
    Debug: 140 1423 command.c:145 script_debug(): command - ocd_arc700.cpu ocd_arc700.cpu configure -coreid 0
    Debug: 141 1437 command.c:145 script_debug(): command - ocd_command ocd_command type ocd_arc700.cpu configure -dbgbase 0
    Debug: 142 1452 command.c:145 script_debug(): command - ocd_arc700.cpu ocd_arc700.cpu configure -dbgbase 0
    Debug: 143 1466 command.c:145 script_debug(): command - ocd_command ocd_command type ocd_arc700.cpu configure -endian little
    Debug: 144 1483 command.c:145 script_debug(): command - ocd_arc700.cpu ocd_arc700.cpu configure -endian little
    Debug: 145 1497 command.c:145 script_debug(): command - ocd_command ocd_command type ocd_arc700.cpu configure -work-area-phys 0x1000000
    0 -work-area-size 0x8000
    Debug: 146 1520 command.c:145 script_debug(): command - ocd_arc700.cpu ocd_arc700.cpu configure -work-area-phys 0x10000000 -work-area-s
    ize 0x8000
    Debug: 147 1541 target.c:1732 target_free_all_working_areas_restore(): freeing all working areas
    Debug: 148 1555 target.c:1732 target_free_all_working_areas_restore(): freeing all working areas
    Debug: 149 1567 command.c:145 script_debug(): command - ocd_command ocd_command type ocd_arc700.cpu configure -event reset-assert arc_a
    rcompact_reset arc700.cpu
    Debug: 150 1589 command.c:145 script_debug(): command - ocd_arc700.cpu ocd_arc700.cpu configure -event reset-assert arc_arcompact_reset
     arc700.cpu
    Debug: 151 1612 command.c:145 script_debug(): command - ocd_command ocd_command type ocd_arc add-reg-type-struct -name debug_t -bitfiel
    d ss 0 0 -bitfield fh 1 1 -bitfield ah 2 2 -bitfield asr 3 10 -bitfield is 11 11 -bitfield ra 22 22 -bitfield zz 23 23 -bitfield ed 24
    24 -bitfield ep 25 25 -bitfield ub 28 28 -bitfield bh 29 29 -bitfield sh 30 30 -bitfield ld 31 31
    Debug: 152 1661 command.c:145 script_debug(): command - ocd_arc ocd_arc add-reg-type-struct -name debug_t -bitfield ss 0 0 -bitfield fh
     1 1 -bitfield ah 2 2 -bitfield asr 3 10 -bitfield is 11 11 -bitfield ra 22 22 -bitfield zz 23 23 -bitfield ed 24 24 -bitfield ep 25 25
     -bitfield ub 28 28 -bitfield bh 29 29 -bitfield sh 30 30 -bitfield ld 31 31
    Debug: 153 1706 arc_mntr.c:243 jim_arc_add_reg_type_struct(): -
    Debug: 154 1715 arc32.c:855 arc32_add_reg_data_type(): -
    Debug: 155 1724 arc_mntr.c:385 jim_arc_add_reg_type_struct(): added struct type {name=debug_t}
    Debug: 156 1738 command.c:145 script_debug(): command - ocd_command ocd_command type ocd_arc add-reg-type-struct -name identity_t -bitf
    ield arcver 0 7 -bitfield arcnum 8 15 -bitfield chipid 16 31
    Debug: 157 1764 command.c:145 script_debug(): command - ocd_arc ocd_arc add-reg-type-struct -name identity_t -bitfield arcver 0 7 -bitf
    ield arcnum 8 15 -bitfield chipid 16 31
    Debug: 158 1789 arc_mntr.c:243 jim_arc_add_reg_type_struct(): -
    Debug: 159 1798 arc32.c:855 arc32_add_reg_data_type(): -
    Debug: 160 1806 arc_mntr.c:385 jim_arc_add_reg_type_struct(): added struct type {name=identity_t}
    Debug: 161 1819 command.c:145 script_debug(): command - ocd_command ocd_command type ocd_arc add-reg-type-flags -name status32_t -flag
    H 0 -flag E1 1 -flag E2 2 -flag A1 3 -flag A2 4 -flag AE 5 -flag DE 6 -flag U 7 -flag V 8 -flag C 9 -flag N 10 -flag Z 11 -flag L 12 -f
    lag R 13 -flag SE 14
    Debug: 162 1859 command.c:145 script_debug(): command - ocd_arc ocd_arc add-reg-type-flags -name status32_t -flag H 0 -flag E1 1 -flag
    E2 2 -flag A1 3 -flag A2 4 -flag AE 5 -flag DE 6 -flag U 7 -flag V 8 -flag C 9 -flag N 10 -flag Z 11 -flag L 12 -flag R 13 -flag SE 14
    Debug: 163 1891 arc_mntr.c:83 jim_arc_add_reg_type_flags(): -
    Debug: 164 1899 arc32.c:855 arc32_add_reg_data_type(): -
    Debug: 165 1906 arc_mntr.c:219 jim_arc_add_reg_type_flags(): added flags type {name=status32_t}
    Debug: 166 1917 command.c:145 script_debug(): command - ocd_command ocd_command type ocd_arc add-reg-type-struct -name bcr_ver_t -bitfi
    eld version 0 7
    Debug: 167 1938 command.c:145 script_debug(): command - ocd_arc ocd_arc add-reg-type-struct -name bcr_ver_t -bitfield version 0 7
    Debug: 168 1955 arc_mntr.c:243 jim_arc_add_reg_type_struct(): -
    Debug: 169 1964 arc32.c:855 arc32_add_reg_data_type(): -
    Debug: 170 1971 arc_mntr.c:385 jim_arc_add_reg_type_struct(): added struct type {name=bcr_ver_t}
    Debug: 171 1984 command.c:145 script_debug(): command - ocd_command ocd_command type ocd_arc add-reg -name r0 -num 0 -core -type uint32
     -g -feature org.gnu.gdb.arc.core.arcompact
    Debug: 172 2008 command.c:145 script_debug(): command - ocd_arc ocd_arc add-reg -name r0 -num 0 -core -type uint32 -g -feature org.gnu.
    gdb.arc.core.arcompact
    Debug: 173 2030 arc_mntr.c:427 jim_arc_add_reg(): -
    Debug: 174 2038 arc32.c:902 arc32_add_reg(): added register {name=r0, num=0x0, type=uint32, core, general}
    Debug: 175 2051 command.c:145 script_debug(): command - ocd_command ocd_command type ocd_arc add-reg -name r1 -num 1 -core -type uint32
     -g -feature org.gnu.gdb.arc.core.arcompact
    Debug: 176 2074 command.c:145 script_debug(): command - ocd_arc ocd_arc add-reg -name r1 -num 1 -core -type uint32 -g -feature org.gnu.
    gdb.arc.core.arcompact
    Debug: 177 2095 arc_mntr.c:427 jim_arc_add_reg(): -
    Debug: 178 2101 arc32.c:902 arc32_add_reg(): added register {name=r1, num=0x1, type=uint32, core, general}
    Debug: 179 2116 command.c:145 script_debug(): command - ocd_command ocd_command type ocd_arc add-reg -name r2 -num 2 -core -type uint32
     -g -feature org.gnu.gdb.arc.core.arcompact
    Debug: 180 2138 command.c:145 script_debug(): command - ocd_arc ocd_arc add-reg -name r2 -num 2 -core -type uint32 -g -feature org.gnu.
    gdb.arc.core.arcompact
    Debug: 181 2160 arc_mntr.c:427 jim_arc_add_reg(): -
    Debug: 182 2169 arc32.c:902 arc32_add_reg(): added register {name=r2, num=0x2, type=uint32, core, general}
    Debug: 183 2184 command.c:145 script_debug(): command - ocd_command ocd_command type ocd_arc add-reg -name r3 -num 3 -core -type uint32
     -g -feature org.gnu.gdb.arc.core.arcompact
    Debug: 184 2211 command.c:145 script_debug(): command - ocd_arc ocd_arc add-reg -name r3 -num 3 -core -type uint32 -g -feature org.gnu.
    gdb.arc.core.arcompact
    Debug: 185 2229 arc_mntr.c:427 jim_arc_add_reg(): -
    Debug: 186 2236 arc32.c:902 arc32_add_reg(): added register {name=r3, num=0x3, type=uint32, core, general}
    Debug: 187 2248 command.c:145 script_debug(): command - ocd_command ocd_command type ocd_arc add-reg -name r4 -num 4 -core -type uint32
     -g -feature org.gnu.gdb.arc.core.arcompact
    Debug: 188 2271 command.c:145 script_debug(): command - ocd_arc ocd_arc add-reg -name r4 -num 4 -core -type uint32 -g -feature org.gnu.
    gdb.arc.core.arcompact
    Debug: 189 2292 arc_mntr.c:427 jim_arc_add_reg(): -
    Debug: 190 2300 arc32.c:902 arc32_add_reg(): added register {name=r4, num=0x4, type=uint32, core, general}
    Debug: 191 2313 command.c:145 script_debug(): command - ocd_command ocd_command type ocd_arc add-reg -name r5 -num 5 -core -type uint32
     -g -feature org.gnu.gdb.arc.core.arcompact
    Debug: 192 2336 command.c:145 script_debug(): command - ocd_arc ocd_arc add-reg -name r5 -num 5 -core -type uint32 -g -feature org.gnu.
    gdb.arc.core.arcompact
    Debug: 193 2356 arc_mntr.c:427 jim_arc_add_reg(): -
    Debug: 194 2364 arc32.c:902 arc32_add_reg(): added register {name=r5, num=0x5, type=uint32, core, general}
    Debug: 195 2378 command.c:145 script_debug(): command - ocd_command ocd_command type ocd_arc add-reg -name r6 -num 6 -core -type uint32
     -g -feature org.gnu.gdb.arc.core.arcompact
    Debug: 196 2399 command.c:145 script_debug(): command - ocd_arc ocd_arc add-reg -name r6 -num 6 -core -type uint32 -g -feature org.gnu.
    gdb.arc.core.arcompact
    Debug: 197 2417 arc_mntr.c:427 jim_arc_add_reg(): -
    Debug: 198 2424 arc32.c:902 arc32_add_reg(): added register {name=r6, num=0x6, type=uint32, core, general}
    Debug: 199 2436 command.c:145 script_debug(): command - ocd_command ocd_command type ocd_arc add-reg -name r7 -num 7 -core -type uint32
     -g -feature org.gnu.gdb.arc.core.arcompact
    Debug: 200 2459 command.c:145 script_debug(): command - ocd_arc ocd_arc add-reg -name r7 -num 7 -core -type uint32 -g -feature org.gnu.
    gdb.arc.core.arcompact
    Debug: 201 2481 arc_mntr.c:427 jim_arc_add_reg(): -
    Debug: 202 2490 arc32.c:902 arc32_add_reg(): added register {name=r7, num=0x7, type=uint32, core, general}
    Debug: 203 2504 command.c:145 script_debug(): command - ocd_command ocd_command type ocd_arc add-reg -name r8 -num 8 -core -type uint32
     -g -feature org.gnu.gdb.arc.core.arcompact
    Debug: 204 2527 command.c:145 script_debug(): command - ocd_arc ocd_arc add-reg -name r8 -num 8 -core -type uint32 -g -feature org.gnu.
    gdb.arc.core.arcompact
    Debug: 205 2548 arc_mntr.c:427 jim_arc_add_reg(): -
    Debug: 206 2555 arc32.c:902 arc32_add_reg(): added register {name=r8, num=0x8, type=uint32, core, general}
    Debug: 207 2568 command.c:145 script_debug(): command - ocd_command ocd_command type ocd_arc add-reg -name r9 -num 9 -core -type uint32
     -g -feature org.gnu.gdb.arc.core.arcompact
    Debug: 208 2590 command.c:145 script_debug(): command - ocd_arc ocd_arc add-reg -name r9 -num 9 -core -type uint32 -g -feature org.gnu.
    gdb.arc.core.arcompact
    Debug: 209 2612 arc_mntr.c:427 jim_arc_add_reg(): -
    Debug: 210 2619 arc32.c:902 arc32_add_reg(): added register {name=r9, num=0x9, type=uint32, core, general}
    Debug: 211 2631 command.c:145 script_debug(): command - ocd_command ocd_command type ocd_arc add-reg -name r10 -num 10 -core -type uint
    32 -g -feature org.gnu.gdb.arc.core.arcompact
    Debug: 212 2655 command.c:145 script_debug(): command - ocd_arc ocd_arc add-reg -name r10 -num 10 -core -type uint32 -g -feature org.gn
    u.gdb.arc.core.arcompact
    Debug: 213 2675 arc_mntr.c:427 jim_arc_add_reg(): -
    Debug: 214 2681 arc32.c:902 arc32_add_reg(): added register {name=r10, num=0xa, type=uint32, core, general}
    Debug: 215 2694 command.c:145 script_debug(): command - ocd_command ocd_command type ocd_arc add-reg -name r11 -num 11 -core -type uint
    32 -g -feature org.gnu.gdb.arc.core.arcompact
    Debug: 216 2718 command.c:145 script_debug(): command - ocd_arc ocd_arc add-reg -name r11 -num 11 -core -type uint32 -g -feature org.gn
    u.gdb.arc.core.arcompact
    Debug: 217 2738 arc_mntr.c:427 jim_arc_add_reg(): -
    Debug: 218 2745 arc32.c:902 arc32_add_reg(): added register {name=r11, num=0xb, type=uint32, core, general}
    Debug: 219 2757 command.c:145 script_debug(): command - ocd_command ocd_command type ocd_arc add-reg -name r12 -num 12 -core -type uint
    32 -g -feature org.gnu.gdb.arc.core.arcompact
    Debug: 220 2779 command.c:145 script_debug(): command - ocd_arc ocd_arc add-reg -name r12 -num 12 -core -type uint32 -g -feature org.gn
    u.gdb.arc.core.arcompact
    Debug: 221 2801 arc_mntr.c:427 jim_arc_add_reg(): -
    Debug: 222 2809 arc32.c:902 arc32_add_reg(): added register {name=r12, num=0xc, type=uint32, core, general}
    Debug: 223 2821 command.c:145 script_debug(): command - ocd_command ocd_command type ocd_arc add-reg -name r13 -num 13 -core -type uint
    32 -g -feature org.gnu.gdb.arc.core.arcompact
    Debug: 224 2845 command.c:145 script_debug(): command - ocd_arc ocd_arc add-reg -name r13 -num 13 -core -type uint32 -g -feature org.gn
    u.gdb.arc.core.arcompact
    Debug: 225 2865 arc_mntr.c:427 jim_arc_add_reg(): -
    Debug: 226 2873 arc32.c:902 arc32_add_reg(): added register {name=r13, num=0xd, type=uint32, core, general}
    Debug: 227 2887 command.c:145 script_debug(): command - ocd_command ocd_command type ocd_arc add-reg -name r14 -num 14 -core -type uint
    32 -g -feature org.gnu.gdb.arc.core.arcompact
    Debug: 228 2909 command.c:145 script_debug(): command - ocd_arc ocd_arc add-reg -name r14 -num 14 -core -type uint32 -g -feature org.gn
    u.gdb.arc.core.arcompact
    Debug: 229 2931 arc_mntr.c:427 jim_arc_add_reg(): -
    Debug: 230 2938 arc32.c:902 arc32_add_reg(): added register {name=r14, num=0xe, type=uint32, core, general}
    Debug: 231 2950 command.c:145 script_debug(): command - ocd_command ocd_command type ocd_arc add-reg -name r15 -num 15 -core -type uint
    32 -g -feature org.gnu.gdb.arc.core.arcompact
    Debug: 232 2975 command.c:145 script_debug(): command - ocd_arc ocd_arc add-reg -name r15 -num 15 -core -type uint32 -g -feature org.gn
    u.gdb.arc.core.arcompact
    Debug: 233 2993 arc_mntr.c:427 jim_arc_add_reg(): -
    Debug: 234 3000 arc32.c:902 arc32_add_reg(): added register {name=r15, num=0xf, type=uint32, core, general}
    Debug: 235 3013 command.c:145 script_debug(): command - ocd_command ocd_command type ocd_arc add-reg -name r16 -num 16 -core -type uint
    32 -g -feature org.gnu.gdb.arc.core.arcompact
    Debug: 236 3035 command.c:145 script_debug(): command - ocd_arc ocd_arc add-reg -name r16 -num 16 -core -type uint32 -g -feature org.gn
    u.gdb.arc.core.arcompact
    Debug: 237 3054 arc_mntr.c:427 jim_arc_add_reg(): -
    Debug: 238 3060 arc32.c:902 arc32_add_reg(): added register {name=r16, num=0x10, type=uint32, core, general}
    Debug: 239 3074 command.c:145 script_debug(): command - ocd_command ocd_command type ocd_arc add-reg -name r17 -num 17 -core -type uint
    32 -g -feature org.gnu.gdb.arc.core.arcompact
    Debug: 240 3096 command.c:145 script_debug(): command - ocd_arc ocd_arc add-reg -name r17 -num 17 -core -type uint32 -g -feature org.gn
    u.gdb.arc.core.arcompact
    Debug: 241 3116 arc_mntr.c:427 jim_arc_add_reg(): -
    Debug: 242 3123 arc32.c:902 arc32_add_reg(): added register {name=r17, num=0x11, type=uint32, core, general}
    Debug: 243 3138 command.c:145 script_debug(): command - ocd_command ocd_command type ocd_arc add-reg -name r18 -num 18 -core -type uint
    32 -g -feature org.gnu.gdb.arc.core.arcompact
    Debug: 244 3162 command.c:145 script_debug(): command - ocd_arc ocd_arc add-reg -name r18 -num 18 -core -type uint32 -g -feature org.gn
    u.gdb.arc.core.arcompact
    Debug: 245 3184 arc_mntr.c:427 jim_arc_add_reg(): -
    Debug: 246 3193 arc32.c:902 arc32_add_reg(): added register {name=r18, num=0x12, type=uint32, core, general}
    Debug: 247 3208 command.c:145 script_debug(): command - ocd_command ocd_command type ocd_arc add-reg -name r19 -num 19 -core -type uint
    32 -g -feature org.gnu.gdb.arc.core.arcompact
    Debug: 248 3236 command.c:145 script_debug(): command - ocd_arc ocd_arc add-reg -name r19 -num 19 -core -type uint32 -g -feature org.gn
    u.gdb.arc.core.arcompact
    Debug: 249 3256 arc_mntr.c:427 jim_arc_add_reg(): -
    Debug: 250 3264 arc32.c:902 arc32_add_reg(): added register {name=r19, num=0x13, type=uint32, core, general}
    Debug: 251 3280 command.c:145 script_debug(): command - ocd_command ocd_command type ocd_arc add-reg -name r20 -num 20 -core -type uint
    32 -g -feature org.gnu.gdb.arc.core.arcompact
    Debug: 252 3304 command.c:145 script_debug(): command - ocd_arc ocd_arc add-reg -name r20 -num 20 -core -type uint32 -g -feature org.gn
    u.gdb.arc.core.arcompact
    Debug: 253 3324 arc_mntr.c:427 jim_arc_add_reg(): -
    Debug: 254 3332 arc32.c:902 arc32_add_reg(): added register {name=r20, num=0x14, type=uint32, core, general}
    Debug: 255 3346 command.c:145 script_debug(): command - ocd_command ocd_command type ocd_arc add-reg -name r21 -num 21 -core -type uint
    32 -g -feature org.gnu.gdb.arc.core.arcompact
    Debug: 256 3367 command.c:145 script_debug(): command - ocd_arc ocd_arc add-reg -name r21 -num 21 -core -type uint32 -g -feature org.gn
    u.gdb.arc.core.arcompact
    Debug: 257 3386 arc_mntr.c:427 jim_arc_add_reg(): -
    Debug: 258 3393 arc32.c:902 arc32_add_reg(): added register {name=r21, num=0x15, type=uint32, core, general}
    Debug: 259 3406 command.c:145 script_debug(): command - ocd_command ocd_command type ocd_arc add-reg -name r22 -num 22 -core -type uint
    32 -g -feature org.gnu.gdb.arc.core.arcompact
    Debug: 260 3428 command.c:145 script_debug(): command - ocd_arc ocd_arc add-reg -name r22 -num 22 -core -type uint32 -g -feature org.gn
    u.gdb.arc.core.arcompact
    Debug: 261 3448 arc_mntr.c:427 jim_arc_add_reg(): -
    Debug: 262 3455 arc32.c:902 arc32_add_reg(): added register {name=r22, num=0x16, type=uint32, core, general}
    Debug: 263 3468 command.c:145 script_debug(): command - ocd_command ocd_command type ocd_arc add-reg -name r23 -num 23 -core -type uint
    32 -g -feature org.gnu.gdb.arc.core.arcompact
    Debug: 264 3491 command.c:145 script_debug(): command - ocd_arc ocd_arc add-reg -name r23 -num 23 -core -type uint32 -g -feature org.gn
    u.gdb.arc.core.arcompact
    Debug: 265 3511 arc_mntr.c:427 jim_arc_add_reg(): -
    Debug: 266 3518 arc32.c:902 arc32_add_reg(): added register {name=r23, num=0x17, type=uint32, core, general}
    Debug: 267 3531 command.c:145 script_debug(): command - ocd_command ocd_command type ocd_arc add-reg -name r24 -num 24 -core -type uint
    32 -g -feature org.gnu.gdb.arc.core.arcompact
    Debug: 268 3553 command.c:145 script_debug(): command - ocd_arc ocd_arc add-reg -name r24 -num 24 -core -type uint32 -g -feature org.gn
    u.gdb.arc.core.arcompact
    Debug: 269 3573 arc_mntr.c:427 jim_arc_add_reg(): -
    Debug: 270 3581 arc32.c:902 arc32_add_reg(): added register {name=r24, num=0x18, type=uint32, core, general}
    Debug: 271 3594 command.c:145 script_debug(): command - ocd_command ocd_command type ocd_arc add-reg -name r25 -num 25 -core -type uint
    32 -g -feature org.gnu.gdb.arc.core.arcompact
    Debug: 272 3615 command.c:145 script_debug(): command - ocd_arc ocd_arc add-reg -name r25 -num 25 -core -type uint32 -g -feature org.gn
    u.gdb.arc.core.arcompact
    Debug: 273 3636 arc_mntr.c:427 jim_arc_add_reg(): -
    Debug: 274 3644 arc32.c:902 arc32_add_reg(): added register {name=r25, num=0x19, type=uint32, core, general}
    Debug: 275 3657 command.c:145 script_debug(): command - ocd_command ocd_command type ocd_arc add-reg -name gp -num 26 -core -type data_
    ptr -g -feature org.gnu.gdb.arc.core.arcompact
    Debug: 276 3680 command.c:145 script_debug(): command - ocd_arc ocd_arc add-reg -name gp -num 26 -core -type data_ptr -g -feature org.g
    nu.gdb.arc.core.arcompact
    Debug: 277 3698 arc_mntr.c:427 jim_arc_add_reg(): -
    Debug: 278 3705 arc32.c:902 arc32_add_reg(): added register {name=gp, num=0x1a, type=data_ptr, core, general}
    Debug: 279 3718 command.c:145 script_debug(): command - ocd_command ocd_command type ocd_arc add-reg -name fp -num 27 -core -type data_
    ptr -g -feature org.gnu.gdb.arc.core.arcompact
    Debug: 280 3742 command.c:145 script_debug(): command - ocd_arc ocd_arc add-reg -name fp -num 27 -core -type data_ptr -g -feature org.g
    nu.gdb.arc.core.arcompact
    Debug: 281 3764 arc_mntr.c:427 jim_arc_add_reg(): -
    Debug: 282 3771 arc32.c:902 arc32_add_reg(): added register {name=fp, num=0x1b, type=data_ptr, core, general}
    Debug: 283 3785 command.c:145 script_debug(): command - ocd_command ocd_command type ocd_arc add-reg -name sp -num 28 -core -type data_
    ptr -g -feature org.gnu.gdb.arc.core.arcompact
    Debug: 284 3807 command.c:145 script_debug(): command - ocd_arc ocd_arc add-reg -name sp -num 28 -core -type data_ptr -g -feature org.g
    nu.gdb.arc.core.arcompact
    Debug: 285 3829 arc_mntr.c:427 jim_arc_add_reg(): -
    Debug: 286 3836 arc32.c:902 arc32_add_reg(): added register {name=sp, num=0x1c, type=data_ptr, core, general}
    Debug: 287 3849 command.c:145 script_debug(): command - ocd_command ocd_command type ocd_arc add-reg -name ilink1 -num 29 -core -type c
    ode_ptr -g -feature org.gnu.gdb.arc.core.arcompact
    Debug: 288 3871 command.c:145 script_debug(): command - ocd_arc ocd_arc add-reg -name ilink1 -num 29 -core -type code_ptr -g -feature o
    rg.gnu.gdb.arc.core.arcompact
    Debug: 289 3893 arc_mntr.c:427 jim_arc_add_reg(): -
    Debug: 290 3900 arc32.c:902 arc32_add_reg(): added register {name=ilink1, num=0x1d, type=code_ptr, core, general}
    Debug: 291 3913 command.c:145 script_debug(): command - ocd_command ocd_command type ocd_arc add-reg -name ilink2 -num 30 -core -type c
    ode_ptr -g -feature org.gnu.gdb.arc.core.arcompact
    Debug: 292 3934 command.c:145 script_debug(): command - ocd_arc ocd_arc add-reg -name ilink2 -num 30 -core -type code_ptr -g -feature o
    rg.gnu.gdb.arc.core.arcompact
    Debug: 293 3956 arc_mntr.c:427 jim_arc_add_reg(): -
    Debug: 294 3963 arc32.c:902 arc32_add_reg(): added register {name=ilink2, num=0x1e, type=code_ptr, core, general}
    Debug: 295 3977 command.c:145 script_debug(): command - ocd_command ocd_command type ocd_arc add-reg -name blink -num 31 -core -type co
    de_ptr -g -feature org.gnu.gdb.arc.core.arcompact
    Debug: 296 4003 command.c:145 script_debug(): command - ocd_arc ocd_arc add-reg -name blink -num 31 -core -type code_ptr -g -feature or
    g.gnu.gdb.arc.core.arcompact
    Debug: 297 4023 arc_mntr.c:427 jim_arc_add_reg(): -
    Debug: 298 4031 arc32.c:902 arc32_add_reg(): added register {name=blink, num=0x1f, type=code_ptr, core, general}
    Debug: 299 4045 command.c:145 script_debug(): command - ocd_command ocd_command type ocd_arc add-reg -name r32 -num 32 -core -type uint
    32 -g -feature org.gnu.gdb.arc.core.arcompact
    Debug: 300 4067 command.c:145 script_debug(): command - ocd_arc ocd_arc add-reg -name r32 -num 32 -core -type uint32 -g -feature org.gn
    u.gdb.arc.core.arcompact
    Debug: 301 4086 arc_mntr.c:427 jim_arc_add_reg(): -
    Debug: 302 4360 arc32.c:902 arc32_add_reg(): added register {name=r32, num=0x20, type=uint32, core, general}
    Debug: 303 4412 command.c:145 script_debug(): command - ocd_command ocd_command type ocd_arc add-reg -name r33 -num 33 -core -type uint
    32 -g -feature org.gnu.gdb.arc.core.arcompact
    Debug: 304 4428 command.c:145 script_debug(): command - ocd_arc ocd_arc add-reg -name r33 -num 33 -core -type uint32 -g -feature org.gn
    u.gdb.arc.core.arcompact
    Debug: 305 4441 arc_mntr.c:427 jim_arc_add_reg(): -
    Debug: 306 4444 arc32.c:902 arc32_add_reg(): added register {name=r33, num=0x21, type=uint32, core, general}
    Debug: 307 4453 command.c:145 script_debug(): command - ocd_command ocd_command type ocd_arc add-reg -name r34 -num 34 -core -type uint
    32 -g -feature org.gnu.gdb.arc.core.arcompact
    Debug: 308 4474 command.c:145 script_debug(): command - ocd_arc ocd_arc add-reg -name r34 -num 34 -core -type uint32 -g -feature org.gn
    u.gdb.arc.core.arcompact
    Debug: 309 4487 arc_mntr.c:427 jim_arc_add_reg(): -
    Debug: 310 4490 arc32.c:902 arc32_add_reg(): added register {name=r34, num=0x22, type=uint32, core, general}
    Debug: 311 4497 command.c:145 script_debug(): command - ocd_command ocd_command type ocd_arc add-reg -name r35 -num 35 -core -type uint
    32 -g -feature org.gnu.gdb.arc.core.arcompact
    Debug: 312 4516 command.c:145 script_debug(): command - ocd_arc ocd_arc add-reg -name r35 -num 35 -core -type uint32 -g -feature org.gn
    u.gdb.arc.core.arcompact
    Debug: 313 4529 arc_mntr.c:427 jim_arc_add_reg(): -
    Debug: 314 4532 arc32.c:902 arc32_add_reg(): added register {name=r35, num=0x23, type=uint32, core, general}
    Debug: 315 4540 command.c:145 script_debug(): command - ocd_command ocd_command type ocd_arc add-reg -name r36 -num 36 -core -type uint
    32 -g -feature org.gnu.gdb.arc.core.arcompact
    Debug: 316 4554 command.c:145 script_debug(): command - ocd_arc ocd_arc add-reg -name r36 -num 36 -core -type uint32 -g -feature org.gn
    u.gdb.arc.core.arcompact
    Debug: 317 4567 arc_mntr.c:427 jim_arc_add_reg(): -
    Debug: 318 4570 arc32.c:902 arc32_add_reg(): added register {name=r36, num=0x24, type=uint32, core, general}
    Debug: 319 4576 command.c:145 script_debug(): command - ocd_command ocd_command type ocd_arc add-reg -name r37 -num 37 -core -type uint
    32 -g -feature org.gnu.gdb.arc.core.arcompact
    Debug: 320 4587 command.c:145 script_debug(): command - ocd_arc ocd_arc add-reg -name r37 -num 37 -core -type uint32 -g -feature org.gn
    u.gdb.arc.core.arcompact
    Debug: 321 4596 arc_mntr.c:427 jim_arc_add_reg(): -
    Debug: 322 4599 arc32.c:902 arc32_add_reg(): added register {name=r37, num=0x25, type=uint32, core, general}
    Debug: 323 4605 command.c:145 script_debug(): command - ocd_command ocd_command type ocd_arc add-reg -name r38 -num 38 -core -type uint
    32 -g -feature org.gnu.gdb.arc.core.arcompact
    Debug: 324 4616 command.c:145 script_debug(): command - ocd_arc ocd_arc add-reg -name r38 -num 38 -core -type uint32 -g -feature org.gn
    u.gdb.arc.core.arcompact
    Debug: 325 4626 arc_mntr.c:427 jim_arc_add_reg(): -
    Debug: 326 4629 arc32.c:902 arc32_add_reg(): added register {name=r38, num=0x26, type=uint32, core, general}
    Debug: 327 4636 command.c:145 script_debug(): command - ocd_command ocd_command type ocd_arc add-reg -name r39 -num 39 -core -type uint
    32 -g -feature org.gnu.gdb.arc.core.arcompact
    Debug: 328 4646 command.c:145 script_debug(): command - ocd_arc ocd_arc add-reg -name r39 -num 39 -core -type uint32 -g -feature org.gn
    u.gdb.arc.core.arcompact
    Debug: 329 4657 arc_mntr.c:427 jim_arc_add_reg(): -
    Debug: 330 4660 arc32.c:902 arc32_add_reg(): added register {name=r39, num=0x27, type=uint32, core, general}
    Debug: 331 4666 command.c:145 script_debug(): command - ocd_command ocd_command type ocd_arc add-reg -name r40 -num 40 -core -type uint
    32 -g -feature org.gnu.gdb.arc.core.arcompact
    Debug: 332 4676 command.c:145 script_debug(): command - ocd_arc ocd_arc add-reg -name r40 -num 40 -core -type uint32 -g -feature org.gn
    u.gdb.arc.core.arcompact
    Debug: 333 4685 arc_mntr.c:427 jim_arc_add_reg(): -
    Debug: 334 4687 arc32.c:902 arc32_add_reg(): added register {name=r40, num=0x28, type=uint32, core, general}
    Debug: 335 4693 command.c:145 script_debug(): command - ocd_command ocd_command type ocd_arc add-reg -name r41 -num 41 -core -type uint
    32 -g -feature org.gnu.gdb.arc.core.arcompact
    Debug: 336 4703 command.c:145 script_debug(): command - ocd_arc ocd_arc add-reg -name r41 -num 41 -core -type uint32 -g -feature org.gn
    u.gdb.arc.core.arcompact
    Debug: 337 4712 arc_mntr.c:427 jim_arc_add_reg(): -
    Debug: 338 4714 arc32.c:902 arc32_add_reg(): added register {name=r41, num=0x29, type=uint32, core, general}
    Debug: 339 4721 command.c:145 script_debug(): command - ocd_command ocd_command type ocd_arc add-reg -name r42 -num 42 -core -type uint
    32 -g -feature org.gnu.gdb.arc.core.arcompact
    Debug: 340 4733 command.c:145 script_debug(): command - ocd_arc ocd_arc add-reg -name r42 -num 42 -core -type uint32 -g -feature org.gn
    u.gdb.arc.core.arcompact
    Debug: 341 4742 arc_mntr.c:427 jim_arc_add_reg(): -
    Debug: 342 4745 arc32.c:902 arc32_add_reg(): added register {name=r42, num=0x2a, type=uint32, core, general}
    Debug: 343 4751 command.c:145 script_debug(): command - ocd_command ocd_command type ocd_arc add-reg -name r43 -num 43 -core -type uint
    32 -g -feature org.gnu.gdb.arc.core.arcompact
    Debug: 344 4761 command.c:145 script_debug(): command - ocd_arc ocd_arc add-reg -name r43 -num 43 -core -type uint32 -g -feature org.gn
    u.gdb.arc.core.arcompact
    Debug: 345 4770 arc_mntr.c:427 jim_arc_add_reg(): -
    Debug: 346 4774 arc32.c:902 arc32_add_reg(): added register {name=r43, num=0x2b, type=uint32, core, general}
    Debug: 347 4780 command.c:145 script_debug(): command - ocd_command ocd_command type ocd_arc add-reg -name r44 -num 44 -core -type uint
    32 -g -feature org.gnu.gdb.arc.core.arcompact
    Debug: 348 4791 command.c:145 script_debug(): command - ocd_arc ocd_arc add-reg -name r44 -num 44 -core -type uint32 -g -feature org.gn
    u.gdb.arc.core.arcompact
    Debug: 349 4800 arc_mntr.c:427 jim_arc_add_reg(): -
    Debug: 350 4803 arc32.c:902 arc32_add_reg(): added register {name=r44, num=0x2c, type=uint32, core, general}
    Debug: 351 4809 command.c:145 script_debug(): command - ocd_command ocd_command type ocd_arc add-reg -name r45 -num 45 -core -type uint
    32 -g -feature org.gnu.gdb.arc.core.arcompact
    Debug: 352 4818 command.c:145 script_debug(): command - ocd_arc ocd_arc add-reg -name r45 -num 45 -core -type uint32 -g -feature org.gn
    u.gdb.arc.core.arcompact
    Debug: 353 4827 arc_mntr.c:427 jim_arc_add_reg(): -
    Debug: 354 4830 arc32.c:902 arc32_add_reg(): added register {name=r45, num=0x2d, type=uint32, core, general}
    Debug: 355 4835 command.c:145 script_debug(): command - ocd_command ocd_command type ocd_arc add-reg -name r46 -num 46 -core -type uint
    32 -g -feature org.gnu.gdb.arc.core.arcompact
    Debug: 356 4846 command.c:145 script_debug(): command - ocd_arc ocd_arc add-reg -name r46 -num 46 -core -type uint32 -g -feature org.gn
    u.gdb.arc.core.arcompact
    Debug: 357 4855 arc_mntr.c:427 jim_arc_add_reg(): -
    Debug: 358 4858 arc32.c:902 arc32_add_reg(): added register {name=r46, num=0x2e, type=uint32, core, general}
    Debug: 359 4865 command.c:145 script_debug(): command - ocd_command ocd_command type ocd_arc add-reg -name r47 -num 47 -core -type uint
    32 -g -feature org.gnu.gdb.arc.core.arcompact
    Debug: 360 4875 command.c:145 script_debug(): command - ocd_arc ocd_arc add-reg -name r47 -num 47 -core -type uint32 -g -feature org.gn
    u.gdb.arc.core.arcompact
    Debug: 361 4884 arc_mntr.c:427 jim_arc_add_reg(): -
    Debug: 362 4887 arc32.c:902 arc32_add_reg(): added register {name=r47, num=0x2f, type=uint32, core, general}
    Debug: 363 4893 command.c:145 script_debug(): command - ocd_command ocd_command type ocd_arc add-reg -name r48 -num 48 -core -type uint
    32 -g -feature org.gnu.gdb.arc.core.arcompact
    Debug: 364 4904 command.c:145 script_debug(): command - ocd_arc ocd_arc add-reg -name r48 -num 48 -core -type uint32 -g -feature org.gn
    u.gdb.arc.core.arcompact
    Debug: 365 4912 arc_mntr.c:427 jim_arc_add_reg(): -
    Debug: 366 4915 arc32.c:902 arc32_add_reg(): added register {name=r48, num=0x30, type=uint32, core, general}
    Debug: 367 4922 command.c:145 script_debug(): command - ocd_command ocd_command type ocd_arc add-reg -name r49 -num 49 -core -type uint
    32 -g -feature org.gnu.gdb.arc.core.arcompact
    Debug: 368 4933 command.c:145 script_debug(): command - ocd_arc ocd_arc add-reg -name r49 -num 49 -core -type uint32 -g -feature org.gn
    u.gdb.arc.core.arcompact
    Debug: 369 4942 arc_mntr.c:427 jim_arc_add_reg(): -
    Debug: 370 4945 arc32.c:902 arc32_add_reg(): added register {name=r49, num=0x31, type=uint32, core, general}
    Debug: 371 4952 command.c:145 script_debug(): command - ocd_command ocd_command type ocd_arc add-reg -name r50 -num 50 -core -type uint
    32 -g -feature org.gnu.gdb.arc.core.arcompact
    Debug: 372 4963 command.c:145 script_debug(): command - ocd_arc ocd_arc add-reg -name r50 -num 50 -core -type uint32 -g -feature org.gn
    u.gdb.arc.core.arcompact
    Debug: 373 4973 arc_mntr.c:427 jim_arc_add_reg(): -
    Debug: 374 4976 arc32.c:902 arc32_add_reg(): added register {name=r50, num=0x32, type=uint32, core, general}
    Debug: 375 4982 command.c:145 script_debug(): command - ocd_command ocd_command type ocd_arc add-reg -name r51 -num 51 -core -type uint
    32 -g -feature org.gnu.gdb.arc.core.arcompact
    Debug: 376 4992 command.c:145 script_debug(): command - ocd_arc ocd_arc add-reg -name r51 -num 51 -core -type uint32 -g -feature org.gn
    u.gdb.arc.core.arcompact
    Debug: 377 5000 arc_mntr.c:427 jim_arc_add_reg(): -
    Debug: 378 5004 arc32.c:902 arc32_add_reg(): added register {name=r51, num=0x33, type=uint32, core, general}
    Debug: 379 5010 command.c:145 script_debug(): command - ocd_command ocd_command type ocd_arc add-reg -name r52 -num 52 -core -type uint
    32 -g -feature org.gnu.gdb.arc.core.arcompact
    Debug: 380 5021 command.c:145 script_debug(): command - ocd_arc ocd_arc add-reg -name r52 -num 52 -core -type uint32 -g -feature org.gn
    u.gdb.arc.core.arcompact
    Debug: 381 5030 arc_mntr.c:427 jim_arc_add_reg(): -
    Debug: 382 5033 arc32.c:902 arc32_add_reg(): added register {name=r52, num=0x34, type=uint32, core, general}
    Debug: 383 5040 command.c:145 script_debug(): command - ocd_command ocd_command type ocd_arc add-reg -name r53 -num 53 -core -type uint
    32 -g -feature org.gnu.gdb.arc.core.arcompact
    Debug: 384 5051 command.c:145 script_debug(): command - ocd_arc ocd_arc add-reg -name r53 -num 53 -core -type uint32 -g -feature org.gn
    u.gdb.arc.core.arcompact
    Debug: 385 5059 arc_mntr.c:427 jim_arc_add_reg(): -
    Debug: 386 5062 arc32.c:902 arc32_add_reg(): added register {name=r53, num=0x35, type=uint32, core, general}
    Debug: 387 5067 command.c:145 script_debug(): command - ocd_command ocd_command type ocd_arc add-reg -name r54 -num 54 -core -type uint
    32 -g -feature org.gnu.gdb.arc.core.arcompact
    Debug: 388 5078 command.c:145 script_debug(): command - ocd_arc ocd_arc add-reg -name r54 -num 54 -core -type uint32 -g -feature org.gn
    u.gdb.arc.core.arcompact
    Debug: 389 5087 arc_mntr.c:427 jim_arc_add_reg(): -
    Debug: 390 5090 arc32.c:902 arc32_add_reg(): added register {name=r54, num=0x36, type=uint32, core, general}
    Debug: 391 5096 command.c:145 script_debug(): command - ocd_command ocd_command type ocd_arc add-reg -name r55 -num 55 -core -type uint
    32 -g -feature org.gnu.gdb.arc.core.arcompact
    Debug: 392 5106 command.c:145 script_debug(): command - ocd_arc ocd_arc add-reg -name r55 -num 55 -core -type uint32 -g -feature org.gn
    u.gdb.arc.core.arcompact
    Debug: 393 5115 arc_mntr.c:427 jim_arc_add_reg(): -
    Debug: 394 5118 arc32.c:902 arc32_add_reg(): added register {name=r55, num=0x37, type=uint32, core, general}
    Debug: 395 5124 command.c:145 script_debug(): command - ocd_command ocd_command type ocd_arc add-reg -name r56 -num 56 -core -type uint
    32 -g -feature org.gnu.gdb.arc.core.arcompact
    Debug: 396 5133 command.c:145 script_debug(): command - ocd_arc ocd_arc add-reg -name r56 -num 56 -core -type uint32 -g -feature org.gn
    u.gdb.arc.core.arcompact
    Debug: 397 5142 arc_mntr.c:427 jim_arc_add_reg(): -
    Debug: 398 5145 arc32.c:902 arc32_add_reg(): added register {name=r56, num=0x38, type=uint32, core, general}
    Debug: 399 5151 command.c:145 script_debug(): command - ocd_command ocd_command type ocd_arc add-reg -name r57 -num 57 -core -type uint
    32 -g -feature org.gnu.gdb.arc.core.arcompact
    Debug: 400 5162 command.c:145 script_debug(): command - ocd_arc ocd_arc add-reg -name r57 -num 57 -core -type uint32 -g -feature org.gn
    u.gdb.arc.core.arcompact
    Debug: 401 5171 arc_mntr.c:427 jim_arc_add_reg(): -
    Debug: 402 5174 arc32.c:902 arc32_add_reg(): added register {name=r57, num=0x39, type=uint32, core, general}
    Debug: 403 5180 command.c:145 script_debug(): command - ocd_command ocd_command type ocd_arc add-reg -name r58 -num 58 -core -type uint
    32 -g -feature org.gnu.gdb.arc.core.arcompact
    Debug: 404 5190 command.c:145 script_debug(): command - ocd_arc ocd_arc add-reg -name r58 -num 58 -core -type uint32 -g -feature org.gn
    u.gdb.arc.core.arcompact
    Debug: 405 5199 arc_mntr.c:427 jim_arc_add_reg(): -
    Debug: 406 5202 arc32.c:902 arc32_add_reg(): added register {name=r58, num=0x3a, type=uint32, core, general}
    Debug: 407 5208 command.c:145 script_debug(): command - ocd_command ocd_command type ocd_arc add-reg -name r59 -num 59 -core -type uint
    32 -g -feature org.gnu.gdb.arc.core.arcompact
    Debug: 408 5219 command.c:145 script_debug(): command - ocd_arc ocd_arc add-reg -name r59 -num 59 -core -type uint32 -g -feature org.gn
    u.gdb.arc.core.arcompact
    Debug: 409 5227 arc_mntr.c:427 jim_arc_add_reg(): -
    Debug: 410 5230 arc32.c:902 arc32_add_reg(): added register {name=r59, num=0x3b, type=uint32, core, general}
    Debug: 411 5236 command.c:145 script_debug(): command - ocd_command ocd_command type ocd_arc add-reg -name lp_count -num 60 -core -type
     uint32 -g -feature org.gnu.gdb.arc.core.arcompact
    Debug: 412 5247 command.c:145 script_debug(): command - ocd_arc ocd_arc add-reg -name lp_count -num 60 -core -type uint32 -g -feature o
    rg.gnu.gdb.arc.core.arcompact
    Debug: 413 5256 arc_mntr.c:427 jim_arc_add_reg(): -
    Debug: 414 5260 arc32.c:902 arc32_add_reg(): added register {name=lp_count, num=0x3c, type=uint32, core, general}
    Debug: 415 5267 command.c:145 script_debug(): command - ocd_command ocd_command type ocd_arc add-reg -name reserved -num 61 -core -type
     uint32 -g -feature org.gnu.gdb.arc.core.arcompact
    Debug: 416 5277 command.c:145 script_debug(): command - ocd_arc ocd_arc add-reg -name reserved -num 61 -core -type uint32 -g -feature o
    rg.gnu.gdb.arc.core.arcompact
    Debug: 417 5286 arc_mntr.c:427 jim_arc_add_reg(): -
    Debug: 418 5289 arc32.c:902 arc32_add_reg(): added register {name=reserved, num=0x3d, type=uint32, core, general}
    Debug: 419 5295 command.c:145 script_debug(): command - ocd_command ocd_command type ocd_arc add-reg -name limm -num 62 -core -type uin
    t32 -g -feature org.gnu.gdb.arc.core.arcompact
    Debug: 420 5305 command.c:145 script_debug(): command - ocd_arc ocd_arc add-reg -name limm -num 62 -core -type uint32 -g -feature org.g
    nu.gdb.arc.core.arcompact
    Debug: 421 5313 arc_mntr.c:427 jim_arc_add_reg(): -
    Debug: 422 5317 arc32.c:902 arc32_add_reg(): added register {name=limm, num=0x3e, type=uint32, core, general}
    Debug: 423 5323 command.c:145 script_debug(): command - ocd_command ocd_command type ocd_arc add-reg -name pcl -num 63 -core -type code
    _ptr -g -feature org.gnu.gdb.arc.core.arcompact
    Debug: 424 5334 command.c:145 script_debug(): command - ocd_arc ocd_arc add-reg -name pcl -num 63 -core -type code_ptr -g -feature org.
    gnu.gdb.arc.core.arcompact
    Debug: 425 5343 arc_mntr.c:427 jim_arc_add_reg(): -
    Debug: 426 5346 arc32.c:902 arc32_add_reg(): added register {name=pcl, num=0x3f, type=code_ptr, core, general}
    Debug: 427 5352 command.c:145 script_debug(): command - ocd_command ocd_command type ocd_arc add-reg -name pc -num 0x6 -type code_ptr -
    feature org.gnu.gdb.arc.aux-minimal -g
    Debug: 428 5363 command.c:145 script_debug(): command - ocd_arc ocd_arc add-reg -name pc -num 0x6 -type code_ptr -feature org.gnu.gdb.a
    rc.aux-minimal -g
    Debug: 429 5373 arc_mntr.c:427 jim_arc_add_reg(): -
    Debug: 430 5376 arc32.c:902 arc32_add_reg(): added register {name=pc, num=0x6, type=code_ptr, general}
    Debug: 431 5382 command.c:145 script_debug(): command - ocd_command ocd_command type ocd_arc add-reg -name lp_start -num 0x2 -type code
    _ptr -feature org.gnu.gdb.arc.aux-minimal -g
    Debug: 432 5394 command.c:145 script_debug(): command - ocd_arc ocd_arc add-reg -name lp_start -num 0x2 -type code_ptr -feature org.gnu
    .gdb.arc.aux-minimal -g
    Debug: 433 5402 arc_mntr.c:427 jim_arc_add_reg(): -
    Debug: 434 5405 arc32.c:902 arc32_add_reg(): added register {name=lp_start, num=0x2, type=code_ptr, general}
    Debug: 435 5411 command.c:145 script_debug(): command - ocd_command ocd_command type ocd_arc add-reg -name lp_end -num 0x3 -type code_p
    tr -feature org.gnu.gdb.arc.aux-minimal -g
    Debug: 436 5422 command.c:145 script_debug(): command - ocd_arc ocd_arc add-reg -name lp_end -num 0x3 -type code_ptr -feature org.gnu.g
    db.arc.aux-minimal -g
    Debug: 437 5431 arc_mntr.c:427 jim_arc_add_reg(): -
    Debug: 438 5434 arc32.c:902 arc32_add_reg(): added register {name=lp_end, num=0x3, type=code_ptr, general}
    Debug: 439 5440 command.c:145 script_debug(): command - ocd_command ocd_command type ocd_arc add-reg -name status32 -num 0xA -type stat
    us32_t -feature org.gnu.gdb.arc.aux-minimal -g
    Debug: 440 5453 command.c:145 script_debug(): command - ocd_arc ocd_arc add-reg -name status32 -num 0xA -type status32_t -feature org.g
    nu.gdb.arc.aux-minimal -g
    Debug: 441 5462 arc_mntr.c:427 jim_arc_add_reg(): -
    Debug: 442 5464 arc32.c:902 arc32_add_reg(): added register {name=status32, num=0xa, type=status32_t, general}
    Debug: 443 5471 command.c:145 script_debug(): command - ocd_command ocd_command type ocd_arc add-reg -name identity -num 0x004 -type id
    entity_t -feature org.gnu.gdb.arc.aux-other
    Debug: 444 5482 command.c:145 script_debug(): command - ocd_arc ocd_arc add-reg -name identity -num 0x004 -type identity_t -feature org
    .gnu.gdb.arc.aux-other
    Debug: 445 5489 arc_mntr.c:427 jim_arc_add_reg(): -
    Debug: 446 5493 arc32.c:902 arc32_add_reg(): added register {name=identity, num=0x4, type=identity_t}
    Debug: 447 5499 command.c:145 script_debug(): command - ocd_command ocd_command type ocd_arc add-reg -name debug -num 0x005 -type debug
    _t -feature org.gnu.gdb.arc.aux-other
    Debug: 448 5508 command.c:145 script_debug(): command - ocd_arc ocd_arc add-reg -name debug -num 0x005 -type debug_t -feature org.gnu.g
    db.arc.aux-other
    Debug: 449 5517 arc_mntr.c:427 jim_arc_add_reg(): -
    Debug: 450 5520 arc32.c:902 arc32_add_reg(): added register {name=debug, num=0x5, type=debug_t}
    Debug: 451 5525 command.c:145 script_debug(): command - ocd_command ocd_command type ocd_target current
    Debug: 452 5532 command.c:145 script_debug(): command - ocd_target ocd_target current
    Debug: 453 5537 command.c:145 script_debug(): command - ocd_command ocd_command type ocd_target current
    Debug: 454 5543 command.c:145 script_debug(): command - ocd_target ocd_target current
    Debug: 455 5548 command.c:145 script_debug(): command - ocd_command ocd_command type ocd_arc700.cpu configure -event examine-end arc_ar
    compact_examine_target arc700.cpu
    Debug: 456 5557 command.c:145 script_debug(): command - ocd_arc700.cpu ocd_arc700.cpu configure -event examine-end arc_arcompact_examin
    e_target arc700.cpu
    Debug: 457 5565 command.c:145 script_debug(): command - ocd_command ocd_command type ocd_init
    Debug: 458 5570 command.c:145 script_debug(): command - init ocd_init
    Debug: 459 5574 log.c:422 keep_alive(): keep_alive() was not invoked in the 1000ms timelimit (5574). This may cause trouble with GDB co
    nnections.
    Debug: 462 5583 command.c:145 script_debug(): command - ocd_command ocd_command type ocd_target init
    Debug: 463 5589 command.c:145 script_debug(): command - ocd_target ocd_target init
    Debug: 465 5594 command.c:145 script_debug(): command - ocd_command ocd_command type ocd_target names
    Debug: 466 5600 command.c:145 script_debug(): command - ocd_target ocd_target names
    Debug: 467 5606 command.c:145 script_debug(): command - ocd_command ocd_command type ocd_arc700.cpu cget -event gdb-flash-erase-start
    Debug: 468 5613 command.c:145 script_debug(): command - ocd_arc700.cpu ocd_arc700.cpu cget -event gdb-flash-erase-start
    Debug: 469 5619 command.c:145 script_debug(): command - ocd_command ocd_command type ocd_arc700.cpu configure -event gdb-flash-erase-st
    art reset init
    Debug: 470 5628 command.c:145 script_debug(): command - ocd_arc700.cpu ocd_arc700.cpu configure -event gdb-flash-erase-start reset init

    Debug: 471 5635 command.c:145 script_debug(): command - ocd_command ocd_command type ocd_arc700.cpu cget -event gdb-flash-write-end
    Debug: 472 5642 command.c:145 script_debug(): command - ocd_arc700.cpu ocd_arc700.cpu cget -event gdb-flash-write-end
    Debug: 473 5649 command.c:145 script_debug(): command - ocd_command ocd_command type ocd_arc700.cpu configure -event gdb-flash-write-en
    d reset halt
    Debug: 474 5658 command.c:145 script_debug(): command - ocd_arc700.cpu ocd_arc700.cpu configure -event gdb-flash-write-end reset halt
    Debug: 475 5665 target.c:1295 handle_target_init_command(): Initializing targets...
    Debug: 476 5670 arc32.c:987 arc32_build_reg_cache(): reg n=  0 name= r0 group=general feature=org.gnu.gdb.arc.core.arcompact
    Debug: 477 5677 arc32.c:987 arc32_build_reg_cache(): reg n=  1 name= r1 group=general feature=org.gnu.gdb.arc.core.arcompact
    Debug: 478 5684 arc32.c:987 arc32_build_reg_cache(): reg n=  2 name= r2 group=general feature=org.gnu.gdb.arc.core.arcompact
    Debug: 479 5691 arc32.c:987 arc32_build_reg_cache(): reg n=  3 name= r3 group=general feature=org.gnu.gdb.arc.core.arcompact
    Debug: 480 5698 arc32.c:987 arc32_build_reg_cache(): reg n=  4 name= r4 group=general feature=org.gnu.gdb.arc.core.arcompact
    Debug: 481 5705 arc32.c:987 arc32_build_reg_cache(): reg n=  5 name= r5 group=general feature=org.gnu.gdb.arc.core.arcompact
    Debug: 482 5711 arc32.c:987 arc32_build_reg_cache(): reg n=  6 name= r6 group=general feature=org.gnu.gdb.arc.core.arcompact
    Debug: 483 5719 arc32.c:987 arc32_build_reg_cache(): reg n=  7 name= r7 group=general feature=org.gnu.gdb.arc.core.arcompact
    Debug: 484 5726 arc32.c:987 arc32_build_reg_cache(): reg n=  8 name= r8 group=general feature=org.gnu.gdb.arc.core.arcompact
    Debug: 485 5733 arc32.c:987 arc32_build_reg_cache(): reg n=  9 name= r9 group=general feature=org.gnu.gdb.arc.core.arcompact
    Debug: 486 5741 arc32.c:987 arc32_build_reg_cache(): reg n= 10 name=r10 group=general feature=org.gnu.gdb.arc.core.arcompact
    Debug: 487 5748 arc32.c:987 arc32_build_reg_cache(): reg n= 11 name=r11 group=general feature=org.gnu.gdb.arc.core.arcompact
    Debug: 488 5755 arc32.c:987 arc32_build_reg_cache(): reg n= 12 name=r12 group=general feature=org.gnu.gdb.arc.core.arcompact
    Debug: 489 5762 arc32.c:987 arc32_build_reg_cache(): reg n= 13 name=r13 group=general feature=org.gnu.gdb.arc.core.arcompact
    Debug: 490 5769 arc32.c:987 arc32_build_reg_cache(): reg n= 14 name=r14 group=general feature=org.gnu.gdb.arc.core.arcompact
    Debug: 491 5775 arc32.c:987 arc32_build_reg_cache(): reg n= 15 name=r15 group=general feature=org.gnu.gdb.arc.core.arcompact
    Debug: 492 5783 arc32.c:987 arc32_build_reg_cache(): reg n= 16 name=r16 group=general feature=org.gnu.gdb.arc.core.arcompact
    Debug: 493 5789 arc32.c:987 arc32_build_reg_cache(): reg n= 17 name=r17 group=general feature=org.gnu.gdb.arc.core.arcompact
    Debug: 494 5796 arc32.c:987 arc32_build_reg_cache(): reg n= 18 name=r18 group=general feature=org.gnu.gdb.arc.core.arcompact
    Debug: 495 5803 arc32.c:987 arc32_build_reg_cache(): reg n= 19 name=r19 group=general feature=org.gnu.gdb.arc.core.arcompact
    Debug: 496 5809 arc32.c:987 arc32_build_reg_cache(): reg n= 20 name=r20 group=general feature=org.gnu.gdb.arc.core.arcompact
    Debug: 497 5816 arc32.c:987 arc32_build_reg_cache(): reg n= 21 name=r21 group=general feature=org.gnu.gdb.arc.core.arcompact
    Debug: 498 5823 arc32.c:987 arc32_build_reg_cache(): reg n= 22 name=r22 group=general feature=org.gnu.gdb.arc.core.arcompact
    Debug: 499 5831 arc32.c:987 arc32_build_reg_cache(): reg n= 23 name=r23 group=general feature=org.gnu.gdb.arc.core.arcompact
    Debug: 500 5837 arc32.c:987 arc32_build_reg_cache(): reg n= 24 name=r24 group=general feature=org.gnu.gdb.arc.core.arcompact
    Debug: 501 5844 arc32.c:987 arc32_build_reg_cache(): reg n= 25 name=r25 group=general feature=org.gnu.gdb.arc.core.arcompact
    Debug: 502 5852 arc32.c:987 arc32_build_reg_cache(): reg n= 26 name= gp group=general feature=org.gnu.gdb.arc.core.arcompact
    Debug: 503 5859 arc32.c:987 arc32_build_reg_cache(): reg n= 27 name= fp group=general feature=org.gnu.gdb.arc.core.arcompact
    Debug: 504 5867 arc32.c:987 arc32_build_reg_cache(): reg n= 28 name= sp group=general feature=org.gnu.gdb.arc.core.arcompact
    Debug: 505 5874 arc32.c:987 arc32_build_reg_cache(): reg n= 29 name=ilink1 group=general feature=org.gnu.gdb.arc.core.arcompact
    Debug: 506 5881 arc32.c:987 arc32_build_reg_cache(): reg n= 30 name=ilink2 group=general feature=org.gnu.gdb.arc.core.arcompact
    Debug: 507 5889 arc32.c:987 arc32_build_reg_cache(): reg n= 31 name=blink group=general feature=org.gnu.gdb.arc.core.arcompact
    Debug: 508 5896 arc32.c:987 arc32_build_reg_cache(): reg n= 32 name=r32 group=general feature=org.gnu.gdb.arc.core.arcompact
    Debug: 509 5903 arc32.c:987 arc32_build_reg_cache(): reg n= 33 name=r33 group=general feature=org.gnu.gdb.arc.core.arcompact
    Debug: 510 5909 arc32.c:987 arc32_build_reg_cache(): reg n= 34 name=r34 group=general feature=org.gnu.gdb.arc.core.arcompact
    Debug: 511 5916 arc32.c:987 arc32_build_reg_cache(): reg n= 35 name=r35 group=general feature=org.gnu.gdb.arc.core.arcompact
    Debug: 512 5923 arc32.c:987 arc32_build_reg_cache(): reg n= 36 name=r36 group=general feature=org.gnu.gdb.arc.core.arcompact
    Debug: 513 5931 arc32.c:987 arc32_build_reg_cache(): reg n= 37 name=r37 group=general feature=org.gnu.gdb.arc.core.arcompact
    Debug: 514 5938 arc32.c:987 arc32_build_reg_cache(): reg n= 38 name=r38 group=general feature=org.gnu.gdb.arc.core.arcompact
    Debug: 515 5945 arc32.c:987 arc32_build_reg_cache(): reg n= 39 name=r39 group=general feature=org.gnu.gdb.arc.core.arcompact
    Debug: 516 5952 arc32.c:987 arc32_build_reg_cache(): reg n= 40 name=r40 group=general feature=org.gnu.gdb.arc.core.arcompact
    Debug: 517 5959 arc32.c:987 arc32_build_reg_cache(): reg n= 41 name=r41 group=general feature=org.gnu.gdb.arc.core.arcompact
    Debug: 518 5970 arc32.c:987 arc32_build_reg_cache(): reg n= 42 name=r42 group=general feature=org.gnu.gdb.arc.core.arcompact
    Debug: 519 5982 arc32.c:987 arc32_build_reg_cache(): reg n= 43 name=r43 group=general feature=org.gnu.gdb.arc.core.arcompact
    Debug: 520 5990 arc32.c:987 arc32_build_reg_cache(): reg n= 44 name=r44 group=general feature=org.gnu.gdb.arc.core.arcompact
    Debug: 521 5999 arc32.c:987 arc32_build_reg_cache(): reg n= 45 name=r45 group=general feature=org.gnu.gdb.arc.core.arcompact
    Debug: 522 6013 arc32.c:987 arc32_build_reg_cache(): reg n= 46 name=r46 group=general feature=org.gnu.gdb.arc.core.arcompact
    Debug: 523 6024 arc32.c:987 arc32_build_reg_cache(): reg n= 47 name=r47 group=general feature=org.gnu.gdb.arc.core.arcompact
    Debug: 524 6035 arc32.c:987 arc32_build_reg_cache(): reg n= 48 name=r48 group=general feature=org.gnu.gdb.arc.core.arcompact
    Debug: 525 6044 arc32.c:987 arc32_build_reg_cache(): reg n= 49 name=r49 group=general feature=org.gnu.gdb.arc.core.arcompact
    Debug: 526 6050 arc32.c:987 arc32_build_reg_cache(): reg n= 50 name=r50 group=general feature=org.gnu.gdb.arc.core.arcompact
    Debug: 527 6057 arc32.c:987 arc32_build_reg_cache(): reg n= 51 name=r51 group=general feature=org.gnu.gdb.arc.core.arcompact
    Debug: 528 6064 arc32.c:987 arc32_build_reg_cache(): reg n= 52 name=r52 group=general feature=org.gnu.gdb.arc.core.arcompact
    Debug: 529 6071 arc32.c:987 arc32_build_reg_cache(): reg n= 53 name=r53 group=general feature=org.gnu.gdb.arc.core.arcompact
    Debug: 530 6077 arc32.c:987 arc32_build_reg_cache(): reg n= 54 name=r54 group=general feature=org.gnu.gdb.arc.core.arcompact
    Debug: 531 6084 arc32.c:987 arc32_build_reg_cache(): reg n= 55 name=r55 group=general feature=org.gnu.gdb.arc.core.arcompact
    Debug: 532 6091 arc32.c:987 arc32_build_reg_cache(): reg n= 56 name=r56 group=general feature=org.gnu.gdb.arc.core.arcompact
    Debug: 533 6099 arc32.c:987 arc32_build_reg_cache(): reg n= 57 name=r57 group=general feature=org.gnu.gdb.arc.core.arcompact
    Debug: 534 6106 arc32.c:987 arc32_build_reg_cache(): reg n= 58 name=r58 group=general feature=org.gnu.gdb.arc.core.arcompact
    Debug: 535 6114 arc32.c:987 arc32_build_reg_cache(): reg n= 59 name=r59 group=general feature=org.gnu.gdb.arc.core.arcompact
    Debug: 536 6121 arc32.c:987 arc32_build_reg_cache(): reg n= 60 name=lp_count group=general feature=org.gnu.gdb.arc.core.arcompact
    Debug: 537 6128 arc32.c:987 arc32_build_reg_cache(): reg n= 61 name=reserved group=general feature=org.gnu.gdb.arc.core.arcompact
    Debug: 538 6135 arc32.c:987 arc32_build_reg_cache(): reg n= 62 name=limm group=general feature=org.gnu.gdb.arc.core.arcompact
    Debug: 539 6143 arc32.c:987 arc32_build_reg_cache(): reg n= 63 name=pcl group=general feature=org.gnu.gdb.arc.core.arcompact
    Debug: 540 6150 arc32.c:997 arc32_build_reg_cache(): reg n= 64 name= pc group=general feature=org.gnu.gdb.arc.aux-minimal
    Debug: 541 6157 arc32.c:997 arc32_build_reg_cache(): reg n= 65 name=lp_start group=general feature=org.gnu.gdb.arc.aux-minimal
    Debug: 542 6165 arc32.c:997 arc32_build_reg_cache(): reg n= 66 name=lp_end group=general feature=org.gnu.gdb.arc.aux-minimal
    Debug: 543 6172 arc32.c:997 arc32_build_reg_cache(): reg n= 67 name=status32 group=general feature=org.gnu.gdb.arc.aux-minimal
    Debug: 544 6179 arc32.c:997 arc32_build_reg_cache(): reg n= 68 name=identity group= feature=org.gnu.gdb.arc.aux-other
    Debug: 545 6185 arc32.c:997 arc32_build_reg_cache(): reg n= 69 name=debug group= feature=org.gnu.gdb.arc.aux-other
    Debug: 546 6192 command.c:366 register_command_handler(): registering 'ocd_target_request'...
    Debug: 547 6197 command.c:366 register_command_handler(): registering 'ocd_trace'...
    Debug: 548 6202 command.c:366 register_command_handler(): registering 'ocd_trace'...
    Debug: 549 6206 command.c:366 register_command_handler(): registering 'ocd_fast_load_image'...
    Debug: 550 6211 command.c:366 register_command_handler(): registering 'ocd_fast_load'...
    Debug: 551 6218 command.c:366 register_command_handler(): registering 'ocd_profile'...
    Debug: 552 6223 command.c:366 register_command_handler(): registering 'ocd_virt2phys'...
    Debug: 553 6229 command.c:366 register_command_handler(): registering 'ocd_reg'...
    Debug: 554 6233 command.c:366 register_command_handler(): registering 'ocd_poll'...
    Debug: 555 6240 command.c:366 register_command_handler(): registering 'ocd_wait_halt'...
    Debug: 556 6245 command.c:366 register_command_handler(): registering 'ocd_halt'...
    Debug: 557 6250 command.c:366 register_command_handler(): registering 'ocd_resume'...
    Debug: 558 6255 command.c:366 register_command_handler(): registering 'ocd_reset'...
    Debug: 559 6259 command.c:366 register_command_handler(): registering 'ocd_soft_reset_halt'...
    Debug: 560 6265 command.c:366 register_command_handler(): registering 'ocd_step'...
    Debug: 561 6269 command.c:366 register_command_handler(): registering 'ocd_mdw'...
    Debug: 562 6274 command.c:366 register_command_handler(): registering 'ocd_mdh'...
    Debug: 563 6279 command.c:366 register_command_handler(): registering 'ocd_mdb'...
    Debug: 564 6284 command.c:366 register_command_handler(): registering 'ocd_mww'...
    Debug: 565 6288 command.c:366 register_command_handler(): registering 'ocd_mwh'...
    Debug: 566 6293 command.c:366 register_command_handler(): registering 'ocd_mwb'...
    Debug: 567 6297 command.c:366 register_command_handler(): registering 'ocd_bp'...
    Debug: 568 6302 command.c:366 register_command_handler(): registering 'ocd_rbp'...
    Debug: 569 6307 command.c:366 register_command_handler(): registering 'ocd_wp'...
    Debug: 570 6312 command.c:366 register_command_handler(): registering 'ocd_rwp'...
    Debug: 571 6316 command.c:366 register_command_handler(): registering 'ocd_load_image'...
    Debug: 572 6322 command.c:366 register_command_handler(): registering 'ocd_dump_image'...
    Debug: 573 6327 command.c:366 register_command_handler(): registering 'ocd_verify_image'...
    Debug: 574 6332 command.c:366 register_command_handler(): registering 'ocd_test_image'...
    Debug: 575 6337 command.c:366 register_command_handler(): registering 'ocd_reset_nag'...
    Debug: 576 6342 command.c:366 register_command_handler(): registering 'ocd_ps'...
    Debug: 577 6347 command.c:366 register_command_handler(): registering 'ocd_test_mem_access'...
    Debug: 578 6351 ftdi.c:652 ftdi_initialize(): ftdi interface using shortest path jtag state transitions
    Debug: 579 6500 mpsse.c:363 mpsse_purge(): -
    Debug: 580 6503 mpsse.c:644 mpsse_loopback_config(): off
    Debug: 581 6505 mpsse.c:689 mpsse_set_frequency(): target 5000000 Hz
    Debug: 582 6508 mpsse.c:681 mpsse_rtck_config(): off
    Debug: 583 6512 mpsse.c:670 mpsse_divide_by_5_config(): off
    Debug: 584 6515 mpsse.c:650 mpsse_set_divisor(): 5
    Debug: 585 6517 mpsse.c:713 mpsse_set_frequency(): actually 5000000 Hz
    Debug: 586 6520 ftdi.c:1126 ftdi_swd_switch_seq(): SWD-to-JTAG
    Debug: 588 6523 core.c:1614 adapter_khz_to_speed(): convert khz to interface specific speed value
    Debug: 589 6529 core.c:1617 adapter_khz_to_speed(): have interface set up
    Debug: 590 6533 mpsse.c:689 mpsse_set_frequency(): target 5000000 Hz
    Debug: 591 6537 mpsse.c:681 mpsse_rtck_config(): off
    Debug: 592 6540 mpsse.c:670 mpsse_divide_by_5_config(): off
    Debug: 593 6544 mpsse.c:650 mpsse_set_divisor(): 5
    Debug: 594 6547 mpsse.c:713 mpsse_set_frequency(): actually 5000000 Hz
    Debug: 595 6551 core.c:1614 adapter_khz_to_speed(): convert khz to interface specific speed value
    Debug: 596 6556 core.c:1617 adapter_khz_to_speed(): have interface set up
    Info : 597 6560 core.c:1403 adapter_init(): clock speed 5000 kHz
    Debug: 598 6564 openocd.c:137 handle_init_command(): Debug Adapter init complete
    Debug: 599 6569 command.c:145 script_debug(): command - ocd_command ocd_command type ocd_transport init
    Debug: 600 6576 command.c:145 script_debug(): command - ocd_transport ocd_transport init
    Debug: 602 6581 transport.c:240 handle_transport_init(): handle_transport_init
    Debug: 603 6586 core.c:720 jtag_add_reset(): SRST line released
    Debug: 604 6590 core.c:744 jtag_add_reset(): TRST line released
    Debug: 605 6594 core.c:324 jtag_call_event_callbacks(): jtag event: TAP reset
    Debug: 606 6598 command.c:145 script_debug(): command - ocd_command ocd_command type ocd_jtag arp_init
    Debug: 607 6605 command.c:145 script_debug(): command - ocd_jtag ocd_jtag arp_init
    Debug: 608 6609 core.c:1416 jtag_init_inner(): Init JTAG chain
    Debug: 609 6613 core.c:324 jtag_call_event_callbacks(): jtag event: TAP reset
    Debug: 610 6617 core.c:1049 jtag_examine_chain(): DR scan interrogation for IDCODE/BYPASS
    Debug: 611 6623 core.c:324 jtag_call_event_callbacks(): jtag event: TAP reset
    Info : 612 6628 core.c:952 jtag_examine_chain_display(): JTAG tap: arc700.cpu tap/device found: 0x100434b1 (mfg: 0x258, part: 0x0043, v
    er: 0x1)
    Debug: 613 6636 core.c:1209 jtag_validate_ircapture(): IR capture validation scan
    Debug: 614 6641 core.c:1266 jtag_validate_ircapture(): arc700.cpu: IR capture 0x01
    Debug: 615 6646 openocd.c:150 handle_init_command(): Examining targets...
    Debug: 616 6651 target.c:1411 target_call_event_callbacks(): target event 21 (examine-start)
    Debug: 617 6656 arc_ocd.c:192 arc_ocd_examine(): -
    Debug: 618 6660 arc32.c:753 arc32_configure(): -
    Debug: 619 6662 target.c:1411 target_call_event_callbacks(): target event 22 (examine-end)
    Debug: 620 6668 target.c:4093 target_handle_event(): target: (0) arc700.cpu (arc700) event: 22 (examine-end) action: arc_arcompact_exam
    ine_target arc700.cpu
    Debug: 621 6677 command.c:145 script_debug(): command - ocd_command ocd_command type ocd_targets arc700.cpu
    Debug: 622 6683 command.c:145 script_debug(): command - targets ocd_targets arc700.cpu
    Debug: 624 6688 command.c:145 script_debug(): command - ocd_command ocd_command type ocd_arc reg-field identity arcver
    Debug: 625 6695 command.c:145 script_debug(): command - ocd_arc ocd_arc reg-field identity arcver
    Debug: 626 6701 arc_mntr.c:724 jim_arc_reg_field(): -
    Debug: 627 6704 arc32.c:1112 arc32_get_register_field(): getting register field (reg_name=identity, field_name=arcver)
    Debug: 628 6711 arc_jtag.c:298 arc_jtag_read_registers(): Reading aux registers: addr[0]=0x4;count=1
    Debug: 629 6718 arc_jtag.c:341 arc_jtag_read_registers(): Read from register: buf[0]=0xad0133
    Debug: 630 6723 arc_regs.c:84 arc_regs_get_core_reg(): Get register gdb_num=68, name=identity, value=0xad0133
    Debug: 631 6729 arc32.c:1154 arc32_get_register_field(): return (value=0x33)
    Debug: 632 6734 command.c:145 script_debug(): command - ocd_command ocd_command type ocd_arc set-reg-exists identity pc status32 debug
    lp_start lp_end
    Debug: 633 6744 command.c:145 script_debug(): command - ocd_arc ocd_arc set-reg-exists identity pc status32 debug lp_start lp_end
    Debug: 635 6753 command.c:145 script_debug(): command - ocd_command ocd_command type ocd_arc set-reg-exists r0 r1 r2 r3 r4 r5 r6 r7 r8
    r9 r10 r11 r12 r13 r14 r15 r16 r17 r18 r19 r20 r21 r22 r23 r24 r25 gp fp sp ilink1 ilink2 blink lp_count pcl
    Debug: 636 6768 command.c:145 script_debug(): command - ocd_arc ocd_arc set-reg-exists r0 r1 r2 r3 r4 r5 r6 r7 r8 r9 r10 r11 r12 r13 r1
    4 r15 r16 r17 r18 r19 r20 r21 r22 r23 r24 r25 gp fp sp ilink1 ilink2 blink lp_count pcl
    Debug: 638 6781 command.c:145 script_debug(): command - ocd_command ocd_command type ocd_flash init
    Debug: 639 6786 command.c:145 script_debug(): command - ocd_flash ocd_flash init
    Debug: 641 6792 tcl.c:890 handle_flash_init_command(): Initializing flash devices...
    Debug: 642 6797 command.c:145 script_debug(): command - ocd_command ocd_command type ocd_mflash init
    Debug: 643 6803 command.c:145 script_debug(): command - ocd_mflash ocd_mflash init
    Debug: 645 6808 mflash.c:1379 handle_mflash_init_command(): Initializing mflash devices...
    Debug: 646 6813 command.c:145 script_debug(): command - ocd_command ocd_command type ocd_nand init
    Debug: 647 6819 command.c:145 script_debug(): command - ocd_nand ocd_nand init
    Debug: 649 6824 tcl.c:497 handle_nand_init_command(): Initializing NAND devices...
    Debug: 650 6829 command.c:145 script_debug(): command - ocd_command ocd_command type ocd_pld init
    Debug: 651 6834 command.c:145 script_debug(): command - ocd_pld ocd_pld init
    Debug: 653 6838 pld.c:207 handle_pld_init_command(): Initializing PLDs...
    Debug: 654 6848 command.c:145 script_debug(): command - ocd_command ocd_command type ocd_reset halt
    Debug: 655 6854 command.c:145 script_debug(): command - reset ocd_reset halt
    Debug: 657 6859 command.c:145 script_debug(): command - ocd_command ocd_command type ocd_target names
    Debug: 658 6864 command.c:145 script_debug(): command - ocd_target ocd_target names
    Debug: 659 6869 command.c:145 script_debug(): command - ocd_command ocd_command type ocd_arc700.cpu invoke-event reset-start
    Debug: 660 6877 command.c:145 script_debug(): command - ocd_arc700.cpu ocd_arc700.cpu invoke-event reset-start
    Debug: 661 6883 command.c:145 script_debug(): command - ocd_command ocd_command type ocd_transport select
    Debug: 662 6889 command.c:145 script_debug(): command - ocd_transport ocd_transport select
    Debug: 663 6895 command.c:145 script_debug(): command - ocd_command ocd_command type ocd_jtag arp_init-reset
    Debug: 664 6901 command.c:145 script_debug(): command - ocd_jtag ocd_jtag arp_init-reset
    Debug: 665 6906 core.c:1524 jtag_init_reset(): Initializing with hard TRST+SRST reset
    Debug: 666 6911 core.c:733 jtag_add_reset(): JTAG reset with TLR instead of TRST
    Debug: 667 6916 core.c:324 jtag_call_event_callbacks(): jtag event: TAP reset
    Debug: 668 6921 core.c:1416 jtag_init_inner(): Init JTAG chain
    Debug: 669 6924 core.c:324 jtag_call_event_callbacks(): jtag event: TAP reset
    Debug: 670 6929 core.c:1049 jtag_examine_chain(): DR scan interrogation for IDCODE/BYPASS
    Debug: 671 6934 core.c:324 jtag_call_event_callbacks(): jtag event: TAP reset
    Info : 672 6939 core.c:952 jtag_examine_chain_display(): JTAG tap: arc700.cpu tap/device found: 0x100434b1 (mfg: 0x258, part: 0x0043, v
    er: 0x1)
    Debug: 673 6948 core.c:1209 jtag_validate_ircapture(): IR capture validation scan
    Debug: 674 6953 core.c:1266 jtag_validate_ircapture(): arc700.cpu: IR capture 0x01
    Debug: 675 6958 command.c:145 script_debug(): command - ocd_command ocd_command type ocd_transport select
    Debug: 676 6964 command.c:145 script_debug(): command - ocd_transport ocd_transport select
    Debug: 677 6969 command.c:145 script_debug(): command - ocd_command ocd_command type ocd_arc700.cpu cget -chain-position
    Debug: 678 6977 command.c:145 script_debug(): command - ocd_arc700.cpu ocd_arc700.cpu cget -chain-position
    Debug: 679 6983 command.c:145 script_debug(): command - ocd_command ocd_command type ocd_jtag tapisenabled arc700.cpu
    Debug: 680 6990 command.c:145 script_debug(): command - ocd_jtag ocd_jtag tapisenabled arc700.cpu
    Debug: 681 6995 command.c:145 script_debug(): command - ocd_command ocd_command type ocd_arc700.cpu invoke-event examine-start
    Debug: 682 7003 command.c:145 script_debug(): command - ocd_arc700.cpu ocd_arc700.cpu invoke-event examine-start
    Debug: 683 7010 command.c:145 script_debug(): command - ocd_command ocd_command type ocd_arc700.cpu arp_examine
    Debug: 684 7016 command.c:145 script_debug(): command - ocd_arc700.cpu ocd_arc700.cpu arp_examine
    Debug: 685 7022 arc_ocd.c:192 arc_ocd_examine(): -
    Debug: 686 7025 command.c:145 script_debug(): command - ocd_command ocd_command type ocd_arc700.cpu invoke-event examine-end
    Debug: 687 7032 command.c:145 script_debug(): command - ocd_arc700.cpu ocd_arc700.cpu invoke-event examine-end
    Debug: 688 7038 target.c:4093 target_handle_event(): target: (0) arc700.cpu (arc700) event: 22 (examine-end) action: arc_arcompact_exam
    ine_target arc700.cpu
    Debug: 689 7047 command.c:145 script_debug(): command - ocd_command ocd_command type ocd_targets arc700.cpu
    Debug: 690 7053 command.c:145 script_debug(): command - targets ocd_targets arc700.cpu
    Debug: 693 7058 command.c:145 script_debug(): command - ocd_command ocd_command type ocd_arc reg-field identity arcver
    Debug: 694 7065 command.c:145 script_debug(): command - ocd_arc ocd_arc reg-field identity arcver
    Debug: 695 7071 arc_mntr.c:724 jim_arc_reg_field(): -
    Debug: 696 7074 arc32.c:1112 arc32_get_register_field(): getting register field (reg_name=identity, field_name=arcver)
    Debug: 697 7081 arc32.c:1154 arc32_get_register_field(): return (value=0x33)
    Debug: 698 7085 command.c:145 script_debug(): command - ocd_command ocd_command type ocd_arc set-reg-exists identity pc status32 debug
    lp_start lp_end
    Debug: 699 7094 command.c:145 script_debug(): command - ocd_arc ocd_arc set-reg-exists identity pc status32 debug lp_start lp_end
    Debug: 701 7103 command.c:145 script_debug(): command - ocd_command ocd_command type ocd_arc set-reg-exists r0 r1 r2 r3 r4 r5 r6 r7 r8
    r9 r10 r11 r12 r13 r14 r15 r16 r17 r18 r19 r20 r21 r22 r23 r24 r25 gp fp sp ilink1 ilink2 blink lp_count pcl
    Debug: 702 7117 command.c:145 script_debug(): command - ocd_arc ocd_arc set-reg-exists r0 r1 r2 r3 r4 r5 r6 r7 r8 r9 r10 r11 r12 r13 r1
    4 r15 r16 r17 r18 r19 r20 r21 r22 r23 r24 r25 gp fp sp ilink1 ilink2 blink lp_count pcl
    Debug: 704 7130 command.c:145 script_debug(): command - ocd_command ocd_command type ocd_arc700.cpu invoke-event reset-assert-pre
    Debug: 705 7137 command.c:145 script_debug(): command - ocd_arc700.cpu ocd_arc700.cpu invoke-event reset-assert-pre
    Debug: 706 7144 command.c:145 script_debug(): command - ocd_command ocd_command type ocd_transport select
    Debug: 707 7151 command.c:145 script_debug(): command - ocd_transport ocd_transport select
    Debug: 708 7156 command.c:145 script_debug(): command - ocd_command ocd_command type ocd_arc700.cpu cget -chain-position
    Debug: 709 7163 command.c:145 script_debug(): command - ocd_arc700.cpu ocd_arc700.cpu cget -chain-position
    Debug: 710 7170 command.c:145 script_debug(): command - ocd_command ocd_command type ocd_jtag tapisenabled arc700.cpu
    Debug: 711 7176 command.c:145 script_debug(): command - ocd_jtag ocd_jtag tapisenabled arc700.cpu
    Debug: 712 7182 command.c:145 script_debug(): command - ocd_command ocd_command type ocd_arc700.cpu arp_reset assert 1
    Debug: 713 7189 command.c:145 script_debug(): command - ocd_arc700.cpu ocd_arc700.cpu arp_reset assert 1
    Debug: 714 7195 target.c:1732 target_free_all_working_areas_restore(): freeing all working areas
    Debug: 715 7201 arc_ocd.c:93 arc_ocd_assert_reset(): target->state: halted
    Debug: 716 7206 target.c:4093 target_handle_event(): target: (0) arc700.cpu (arc700) event: 9 (reset-assert) action: arc_arcompact_rese
    t arc700.cpu
    Debug: 717 7214 command.c:145 script_debug(): command - ocd_command ocd_command type ocd_targets arc700.cpu
    Debug: 718 7221 command.c:145 script_debug(): command - targets ocd_targets arc700.cpu
    Debug: 720 7225 command.c:145 script_debug(): command - ocd_command ocd_command type ocd_halt
    Debug: 721 7232 command.c:145 script_debug(): command - halt ocd_halt
    Debug: 723 7236 target.c:2650 handle_halt_command(): -
    Debug: 724 7239 arc_dbg.c:524 arc_dbg_halt(): target->state: halted
    Debug: 725 7243 arc_dbg.c:527 arc_dbg_halt(): target was already halted
    Debug: 726 7248 command.c:145 script_debug(): command - ocd_command ocd_command type ocd_arc jtag aux-reg 0xA 0x1
    Debug: 727 7255 command.c:145 script_debug(): command - ocd_arc ocd_arc jtag aux-reg 0xA 0x1
    Debug: 728 7260 arc_jtag.c:224 arc_jtag_write_registers(): Writing to aux registers: addr[0]=0xa;count=1;buffer[0]=0x00000001
    Debug: 729 7268 command.c:145 script_debug(): command - ocd_command ocd_command type ocd_arc jtag core-reg 60 0
    Debug: 730 7276 command.c:145 script_debug(): command - ocd_arc ocd_arc jtag core-reg 60 0
    Debug: 731 7282 arc_jtag.c:224 arc_jtag_write_registers(): Writing to core registers: addr[0]=0x3c;count=1;buffer[0]=0x00000000
    Debug: 732 7290 command.c:145 script_debug(): command - ocd_command ocd_command type ocd_arc jtag aux-reg 0x2 0
    Debug: 733 7297 command.c:145 script_debug(): command - ocd_arc ocd_arc jtag aux-reg 0x2 0
    Debug: 734 7302 arc_jtag.c:224 arc_jtag_write_registers(): Writing to aux registers: addr[0]=0x2;count=1;buffer[0]=0x00000000
    Debug: 735 7312 command.c:145 script_debug(): command - ocd_command ocd_command type ocd_arc jtag aux-reg 0x3 0
    Debug: 736 7318 command.c:145 script_debug(): command - ocd_arc ocd_arc jtag aux-reg 0x3 0
    Debug: 737 7324 arc_jtag.c:224 arc_jtag_write_registers(): Writing to aux registers: addr[0]=0x3;count=1;buffer[0]=0x00000000
    Debug: 738 7331 command.c:145 script_debug(): command - ocd_command ocd_command type ocd_arc jtag aux-reg 0x25
    Debug: 739 7338 command.c:145 script_debug(): command - ocd_arc ocd_arc jtag aux-reg 0x25
    Debug: 740 7343 arc_jtag.c:298 arc_jtag_read_registers(): Reading aux registers: addr[0]=0x25;count=1
    Debug: 741 7349 arc_jtag.c:341 arc_jtag_read_registers(): Read from register: buf[0]=0x0
    Debug: 742 7355 arc_mem.c:189 arc_mem_read(): Read memory: addr=0x00000000, size=4, count=1
    Debug: 743 7361 arc_mem.c:54 arc_mem_read_block(): Read memory: addr=0x00000000, size=4, count=1
    Debug: 744 7366 arc32.c:527 arc32_dcache_flush(): Flushing D$.
    Debug: 745 7370 arc_jtag.c:298 arc_jtag_read_registers(): Reading aux registers: addr[0]=0x48;count=1
    Debug: 746 7376 arc_jtag.c:341 arc_jtag_read_registers(): Read from register: buf[0]=0xc3
    Debug: 747 7381 arc_jtag.c:224 arc_jtag_write_registers(): Writing to aux registers: addr[0]=0x47;count=1;buffer[0]=0x00000001
    Debug: 748 7390 arc_jtag.c:596 arc_jtag_read_memory(): Reading memory: addr=0x0;count=1;slow=Y
    Debug: 749 7395 command.c:145 script_debug(): command - ocd_command ocd_command type ocd_arc jtag aux-reg 0x6 8522
    Debug: 750 7403 command.c:145 script_debug(): command - ocd_arc ocd_arc jtag aux-reg 0x6 8522
    Debug: 751 7409 arc_jtag.c:224 arc_jtag_write_registers(): Writing to aux registers: addr[0]=0x6;count=1;buffer[0]=0x0000214a
    Debug: 752 7418 command.c:145 script_debug(): command - ocd_command ocd_command type ocd_arc700.cpu invoke-event reset-assert-post
    Debug: 753 7426 command.c:145 script_debug(): command - ocd_arc700.cpu ocd_arc700.cpu invoke-event reset-assert-post
    Debug: 754 7433 command.c:145 script_debug(): command - ocd_command ocd_command type ocd_arc700.cpu invoke-event reset-deassert-pre
    Debug: 755 7441 command.c:145 script_debug(): command - ocd_arc700.cpu ocd_arc700.cpu invoke-event reset-deassert-pre
    Debug: 756 7449 command.c:145 script_debug(): command - ocd_command ocd_command type ocd_transport select
    Debug: 757 7456 command.c:145 script_debug(): command - ocd_transport ocd_transport select
    Debug: 758 7460 command.c:145 script_debug(): command - ocd_command ocd_command type ocd_arc700.cpu cget -chain-position
    Debug: 759 7468 command.c:145 script_debug(): command - ocd_arc700.cpu ocd_arc700.cpu cget -chain-position
    Debug: 760 7474 command.c:145 script_debug(): command - ocd_command ocd_command type ocd_jtag tapisenabled arc700.cpu
    Debug: 761 7482 command.c:145 script_debug(): command - ocd_jtag ocd_jtag tapisenabled arc700.cpu
    Debug: 762 7488 command.c:145 script_debug(): command - ocd_command ocd_command type ocd_arc700.cpu arp_reset deassert 1
    Debug: 763 7494 command.c:145 script_debug(): command - ocd_arc700.cpu ocd_arc700.cpu arp_reset deassert 1
    Debug: 764 7501 target.c:1732 target_free_all_working_areas_restore(): freeing all working areas
    Debug: 765 7507 arc_ocd.c:149 arc_ocd_deassert_reset(): target->state: reset
    Debug: 766 7512 command.c:145 script_debug(): command - ocd_command ocd_command type ocd_arc700.cpu invoke-event reset-deassert-post
    Debug: 767 7520 command.c:145 script_debug(): command - ocd_arc700.cpu ocd_arc700.cpu invoke-event reset-deassert-post
    Debug: 768 7527 command.c:145 script_debug(): command - ocd_command ocd_command type ocd_transport select
    Debug: 769 7534 command.c:145 script_debug(): command - ocd_transport ocd_transport select
    Debug: 770 7540 command.c:145 script_debug(): command - ocd_command ocd_command type ocd_arc700.cpu cget -chain-position
    Debug: 771 7547 command.c:145 script_debug(): command - ocd_arc700.cpu ocd_arc700.cpu cget -chain-position
    Debug: 772 7554 command.c:145 script_debug(): command - ocd_command ocd_command type ocd_jtag tapisenabled arc700.cpu
    Debug: 773 7561 command.c:145 script_debug(): command - ocd_jtag ocd_jtag tapisenabled arc700.cpu
    Debug: 774 7567 command.c:145 script_debug(): command - ocd_command ocd_command type ocd_arc700.cpu arp_waitstate halted 1000
    Debug: 775 7574 command.c:145 script_debug(): command - ocd_arc700.cpu ocd_arc700.cpu arp_waitstate halted 1000
    Debug: 777 7582 arc_ocd.c:68 arc_ocd_poll(): ARC core is halted or in reset.
    Debug: 778 7587 arc_jtag.c:298 arc_jtag_read_registers(): Reading aux registers: addr[0]=0x6;count=1
    Debug: 779 7593 arc_jtag.c:341 arc_jtag_read_registers(): Read from register: buf[0]=0x214a
    Debug: 780 7599 arc32.c:141 arc32_save_context(): -
    Debug: 781 7601 arc_jtag.c:298 arc_jtag_read_registers(): Reading core registers: addr[0]=0x0;count=34
    Debug: 782 7609 arc_jtag.c:341 arc_jtag_read_registers(): Read from register: buf[0]=0x0
    Debug: 783 7615 arc_jtag.c:298 arc_jtag_read_registers(): Reading aux registers: addr[0]=0x6;count=4
    Debug: 784 7621 arc_jtag.c:341 arc_jtag_read_registers(): Read from register: buf[0]=0x214a
    Debug: 785 7627 arc32.c:218 arc32_save_context(): Get core register regnum=0, name=r0, value=0x00000000
    Debug: 786 7633 arc32.c:218 arc32_save_context(): Get core register regnum=1, name=r1, value=0x00000000
    Debug: 787 7639 arc32.c:218 arc32_save_context(): Get core register regnum=2, name=r2, value=0x50001200
    Debug: 788 7645 arc32.c:218 arc32_save_context(): Get core register regnum=3, name=r3, value=0x00002d5f
    Debug: 789 7651 arc32.c:218 arc32_save_context(): Get core register regnum=4, name=r4, value=0x00000000
    Debug: 790 7657 arc32.c:218 arc32_save_context(): Get core register regnum=5, name=r5, value=0x00000003
    Debug: 791 7663 arc32.c:218 arc32_save_context(): Get core register regnum=6, name=r6, value=0x0000000e
    Debug: 792 7670 arc32.c:218 arc32_save_context(): Get core register regnum=7, name=r7, value=0x10000540
    Debug: 793 7676 arc32.c:218 arc32_save_context(): Get core register regnum=8, name=r8, value=0x00000000
    Debug: 794 7682 arc32.c:218 arc32_save_context(): Get core register regnum=9, name=r9, value=0x00000008
    Debug: 795 7687 arc32.c:218 arc32_save_context(): Get core register regnum=10, name=r10, value=0x00000001
    Debug: 796 7694 arc32.c:218 arc32_save_context(): Get core register regnum=11, name=r11, value=0x00000000
    Debug: 797 7700 arc32.c:218 arc32_save_context(): Get core register regnum=12, name=r12, value=0x00000004
    Debug: 798 7706 arc32.c:218 arc32_save_context(): Get core register regnum=13, name=r13, value=0x5000a000
    Debug: 799 7712 arc32.c:218 arc32_save_context(): Get core register regnum=14, name=r14, value=0x100005f8
    Debug: 800 7719 arc32.c:218 arc32_save_context(): Get core register regnum=15, name=r15, value=0xfff81fef
    Debug: 801 7725 arc32.c:218 arc32_save_context(): Get core register regnum=16, name=r16, value=0x100005fc
    Debug: 802 7731 arc32.c:218 arc32_save_context(): Get core register regnum=17, name=r17, value=0xfff81fee
    Debug: 803 7738 arc32.c:218 arc32_save_context(): Get core register regnum=18, name=r18, value=0x10000608
    Debug: 804 7744 arc32.c:218 arc32_save_context(): Get core register regnum=19, name=r19, value=0x004040a1
    Debug: 805 7750 arc32.c:218 arc32_save_context(): Get core register regnum=20, name=r20, value=0x10000609
    Debug: 806 7756 arc32.c:218 arc32_save_context(): Get core register regnum=21, name=r21, value=0x5000a0a0
    Debug: 807 7762 arc32.c:218 arc32_save_context(): Get core register regnum=22, name=r22, value=0x1000060a
    Debug: 808 7768 arc32.c:218 arc32_save_context(): Get core register regnum=23, name=r23, value=0x00000000
    Debug: 809 7774 arc32.c:218 arc32_save_context(): Get core register regnum=24, name=r24, value=0x1000060c
    Debug: 810 7781 arc32.c:218 arc32_save_context(): Get core register regnum=25, name=r25, value=0x00000000
    Debug: 811 7787 arc32.c:218 arc32_save_context(): Get core register regnum=26, name=gp, value=0x10002500
    Debug: 812 7793 arc32.c:218 arc32_save_context(): Get core register regnum=27, name=fp, value=0x10008000
    Debug: 813 7800 arc32.c:218 arc32_save_context(): Get core register regnum=28, name=sp, value=0x10007ff4
    Debug: 814 7806 arc32.c:218 arc32_save_context(): Get core register regnum=29, name=ilink1, value=0x00000000
    Debug: 815 7814 arc32.c:218 arc32_save_context(): Get core register regnum=30, name=ilink2, value=0x00000000
    Debug: 816 7821 arc32.c:218 arc32_save_context(): Get core register regnum=31, name=blink, value=0x00000a34
    Debug: 817 7827 arc32.c:218 arc32_save_context(): Get core register regnum=60, name=lp_count, value=0x00000000
    Debug: 818 7833 arc32.c:218 arc32_save_context(): Get core register regnum=63, name=pcl, value=0x00002148
    Debug: 819 7840 arc32.c:238 arc32_save_context(): Get aux register regnum=64, name=pc, value=0x0000214a
    Debug: 820 7846 arc32.c:238 arc32_save_context(): Get aux register regnum=65, name=lp_start, value=0x00000000
    Debug: 821 7853 arc32.c:238 arc32_save_context(): Get aux register regnum=66, name=lp_end, value=0x00000000
    Debug: 822 7858 arc32.c:238 arc32_save_context(): Get aux register regnum=67, name=status32, value=0x00000001
    Debug: 823 7865 arc32.c:643 arc32_reset_caches_states(): Resetting internal variables of caches states
    Debug: 824 7870 target.c:1411 target_call_event_callbacks(): target event 0 (gdb-halt)
    Debug: 825 7875 target.c:1411 target_call_event_callbacks(): target event 1 (halted)
    User : 826 7880 target.c:1784 target_arch_state(): target state: halted
    Debug: 827 7884 arc32.c:1063 arc32_get_register_value_u32(): reg_name=pc
    Debug: 828 7888 arc32.c:1081 arc32_get_register_value_u32(): return pc=0x0000214a
    Debug: 829 7893 arc32.c:614 arc32_arch_state(): target state: halted in: ARC32 mode, PC at: 0x0000214a
    Debug: 830 7900 command.c:145 script_debug(): command - ocd_command ocd_command type ocd_arc700.cpu curstate
    Debug: 831 7906 command.c:145 script_debug(): command - ocd_arc700.cpu ocd_arc700.cpu curstate
    Debug: 832 7912 command.c:145 script_debug(): command - ocd_command ocd_command type ocd_arc700.cpu invoke-event reset-end
    Debug: 833 7920 command.c:145 script_debug(): command - ocd_arc700.cpu ocd_arc700.cpu invoke-event reset-end
    Debug: 834 7927 command.c:145 script_debug(): command - ocd_command ocd_command type ocd_init
    Debug: 835 7933 command.c:145 script_debug(): command - init ocd_init
    Info : 837 49895 server.c:87 add_connection(): accepting 'gdb' connection on tcp/3333
    Debug: 838 49906 breakpoints.c:359 breakpoint_clear_target_internal(): Delete all breakpoints for target: arc700.cpu
    Debug: 839 49920 breakpoints.c:499 watchpoint_clear_target(): Delete all watchpoints for target: arc700.cpu
    Debug: 840 49932 target.c:1411 target_call_event_callbacks(): target event 23 (gdb-attach)
    Debug: 841 49944 gdb_server.c:994 gdb_new_connection(): New GDB Connection: 1, Target arc700.cpu, state: halted
    Debug: 842 49956 gdb_server.c:2670 gdb_input_inner(): received packet: 'qSupported:multiprocess+;swbreak+;hwbreak+;qRelocInsn+;fork-eve
    nts+;vfork-events+;exec-events+;vContSupported+;QThreadEvents+;no-resumed+'
    Debug: 843 49983 arc_regs.c:155 arc_regs_get_gdb_reg_list(): REG_CLASS_ALL: number of regs=70
    Debug: 844 49996 gdb_server.c:2670 gdb_input_inner(): received packet: 'vMustReplyEmpty'
    Debug: 845 50008 gdb_server.c:2670 gdb_input_inner(): received packet: 'QStartNoAckMode'
    Debug: 846 50020 gdb_server.c:632 gdb_get_packet_inner(): Received first acknowledgment after entering noack mode. Ignoring it.
    Debug: 847 50034 gdb_server.c:2670 gdb_input_inner(): received packet: 'Hg0'
    Debug: 848 50044 gdb_server.c:2670 gdb_input_inner(): received packet: 'qXfer:features:read:target.xml:0,fff'
    Debug: 849 50057 arc_regs.c:155 arc_regs_get_gdb_reg_list(): REG_CLASS_ALL: number of regs=70
    Debug: 850 50072 gdb_server.c:2670 gdb_input_inner(): received packet: 'qXfer:features:read:target.xml:fff,1000'
    Debug: 851 50101 gdb_server.c:2670 gdb_input_inner(): received packet: 'qTStatus'
    Debug: 852 50111 gdb_server.c:2670 gdb_input_inner(): received packet: '?'
    Debug: 853 50121 gdb_server.c:2670 gdb_input_inner(): received packet: 'qfThreadInfo'
    Debug: 854 50132 gdb_server.c:2670 gdb_input_inner(): received packet: 'Hc-1'
    Debug: 855 50143 gdb_server.c:2670 gdb_input_inner(): received packet: 'qC'
    Debug: 856 50152 gdb_server.c:2670 gdb_input_inner(): received packet: 'qAttached'
    Debug: 857 50162 gdb_server.c:2670 gdb_input_inner(): received packet: 'qOffsets'
    Debug: 858 50172 gdb_server.c:2670 gdb_input_inner(): received packet: 'g'
    Debug: 859 50180 arc_regs.c:173 arc_regs_get_gdb_reg_list(): REG_CLASS_GENERAL: number of regs=38
    Debug: 860 50192 gdb_server.c:2670 gdb_input_inner(): received packet: 'qfThreadInfo'
    Debug: 861 50208 gdb_server.c:2670 gdb_input_inner(): received packet: 'qSymbol::'
    Debug: 862 50219 gdb_server.c:2670 gdb_input_inner(): received packet: 'm2140,40'
    Debug: 863 50228 gdb_server.c:1381 gdb_read_memory_packet(): addr: 0x00002140, len: 0x00000040
    Debug: 864 50238 target.c:1926 target_read_buffer(): reading buffer of 64 byte at 0x00002140
    Debug: 865 50248 arc_mem.c:189 arc_mem_read(): Read memory: addr=0x00002140, size=4, count=16
    Debug: 866 50259 arc_mem.c:54 arc_mem_read_block(): Read memory: addr=0x00002140, size=4, count=16
    Debug: 867 50272 arc32.c:527 arc32_dcache_flush(): Flushing D$.
    Debug: 868 50278 arc_jtag.c:298 arc_jtag_read_registers(): Reading aux registers: addr[0]=0x48;count=1
    Debug: 869 50290 arc_jtag.c:341 arc_jtag_read_registers(): Read from register: buf[0]=0xc3
    Debug: 870 50300 arc_jtag.c:224 arc_jtag_write_registers(): Writing to aux registers: addr[0]=0x47;count=1;buffer[0]=0x00000001
    Debug: 871 50317 arc_jtag.c:596 arc_jtag_read_memory(): Reading memory: addr=0x2140;count=16;slow=Y
    Debug: 872 57753 gdb_server.c:2668 gdb_input_inner(): received packet: 'X100,0:<binary-data>'
    Debug: 873 57765 gdb_server.c:2668 gdb_input_inner(): received packet: 'X100,22:<binary-data>'
    Debug: 874 57773 gdb_server.c:1513 gdb_write_memory_binary_packet(): addr: 0x00000100, len: 0x00000022
    Debug: 875 57789 target.c:1865 target_write_buffer(): writing buffer of 34 byte at 0x00000100
    Debug: 876 57801 arc_mem.c:266 arc_mem_write(): address: 0x00000100, size: 4, count: 8
    Debug: 877 57811 arc_mem.c:72 arc_mem_write_block32(): Write 4-byte memory block: addr=0x00000100, count=8
    Debug: 878 57827 arc_jtag.c:528 arc_jtag_write_memory(): Writing to memory: addr=0x00000100;count=8;buffer[0]=0x00000000
    Debug: 879 57843 arc32.c:432 arc32_icache_invalidate(): Invalidating I$.
    Debug: 880 57852 arc_jtag.c:224 arc_jtag_write_registers(): Writing to aux registers: addr[0]=0x10;count=1;buffer[0]=0xffffffff
    Debug: 881 57869 arc32.c:449 arc32_dcache_invalidate(): Invalidating D$.
    Debug: 882 57877 arc_jtag.c:298 arc_jtag_read_registers(): Reading aux registers: addr[0]=0x48;count=1
    Debug: 883 57889 arc_jtag.c:341 arc_jtag_read_registers(): Read from register: buf[0]=0xc3
    Debug: 884 57901 arc_jtag.c:224 arc_jtag_write_registers(): Writing to aux registers: addr[0]=0x48;count=1;buffer[0]=0x00000083
    Debug: 885 57917 arc_jtag.c:224 arc_jtag_write_registers(): Writing to aux registers: addr[0]=0x47;count=1;buffer[0]=0x00000001
    Debug: 886 57932 arc_jtag.c:224 arc_jtag_write_registers(): Writing to aux registers: addr[0]=0x48;count=1;buffer[0]=0x000000c3
    Debug: 887 57947 arc_mem.c:266 arc_mem_write(): address: 0x00000120, size: 2, count: 1
    Debug: 888 57957 arc_mem.c:97 arc_mem_write_block16(): Write 2-byte memory block: addr=0x00000120, count=1
    Debug: 889 57968 arc_jtag.c:596 arc_jtag_read_memory(): Reading memory: addr=0x120;count=1;slow=Y
    Debug: 890 57980 arc_jtag.c:528 arc_jtag_write_memory(): Writing to memory: addr=0x00000120;count=1;buffer[0]=0xbe807ee0
    Debug: 891 57994 gdb_server.c:2668 gdb_input_inner(): received packet: 'X124,338:<binary-data>'
    Debug: 892 58007 gdb_server.c:1513 gdb_write_memory_binary_packet(): addr: 0x00000124, len: 0x00000338
    Debug: 893 58022 target.c:1865 target_write_buffer(): writing buffer of 824 byte at 0x00000124
    Debug: 894 58034 arc_mem.c:266 arc_mem_write(): address: 0x00000124, size: 4, count: 206
    Debug: 895 58044 arc_mem.c:72 arc_mem_write_block32(): Write 4-byte memory block: addr=0x00000124, count=206
    Debug: 896 58056 arc_jtag.c:528 arc_jtag_write_memory(): Writing to memory: addr=0x00000124;count=206;buffer[0]=0x3f80220a
    Debug: 897 58072 gdb_server.c:2668 gdb_input_inner(): received packet: 'X45c,16:<binary-data>'
    Debug: 898 58083 gdb_server.c:1513 gdb_write_memory_binary_packet(): addr: 0x0000045c, len: 0x00000016
    Debug: 899 58099 target.c:1865 target_write_buffer(): writing buffer of 22 byte at 0x0000045c
    Debug: 900 58110 arc_mem.c:266 arc_mem_write(): address: 0x0000045c, size: 4, count: 5
    Debug: 901 58121 arc_mem.c:72 arc_mem_write_block32(): Write 4-byte memory block: addr=0x0000045c, count=5
    Debug: 902 58133 arc_jtag.c:528 arc_jtag_write_memory(): Writing to memory: addr=0x0000045c;count=5;buffer[0]=0x00000000
    Debug: 903 58148 arc_mem.c:266 arc_mem_write(): address: 0x00000470, size: 2, count: 1
    Debug: 904 58158 arc_mem.c:97 arc_mem_write_block16(): Write 2-byte memory block: addr=0x00000470, count=1
    Debug: 905 58171 arc_jtag.c:596 arc_jtag_read_memory(): Reading memory: addr=0x470;count=1;slow=Y
    Debug: 906 58184 arc_jtag.c:528 arc_jtag_write_memory(): Writing to memory: addr=0x00000470;count=1;buffer[0]=0xb9827ee0
    Debug: 907 58199 gdb_server.c:2668 gdb_input_inner(): received packet: 'X474,4:<binary-data>'
    Debug: 908 58209 gdb_server.c:1513 gdb_write_memory_binary_packet(): addr: 0x00000474, len: 0x00000004
    Debug: 909 58225 target.c:1865 target_write_buffer(): writing buffer of 4 byte at 0x00000474
    Debug: 910 58236 arc_mem.c:266 arc_mem_write(): address: 0x00000474, size: 4, count: 1
    Debug: 911 58245 arc_mem.c:72 arc_mem_write_block32(): Write 4-byte memory block: addr=0x00000474, count=1
    Debug: 912 58257 arc_jtag.c:528 arc_jtag_write_memory(): Writing to memory: addr=0x00000474;count=1;buffer[0]=0x00002478
    Debug: 913 58272 gdb_server.c:2668 gdb_input_inner(): received packet: 'X2478,424:<binary-data>'
    Debug: 914 58284 gdb_server.c:1513 gdb_write_memory_binary_packet(): addr: 0x00002478, len: 0x00000424
    Debug: 915 58300 target.c:1865 target_write_buffer(): writing buffer of 1060 byte at 0x00002478
    Debug: 916 58310 arc_mem.c:266 arc_mem_write(): address: 0x00002478, size: 4, count: 265
    Debug: 917 58322 arc_mem.c:72 arc_mem_write_block32(): Write 4-byte memory block: addr=0x00002478, count=265
    Debug: 918 58335 arc_jtag.c:528 arc_jtag_write_memory(): Writing to memory: addr=0x00002478;count=265;buffer[0]=0x00000000
    Debug: 919 58351 gdb_server.c:2668 gdb_input_inner(): received packet: 'X289c,8:<binary-data>'
    Debug: 920 58363 gdb_server.c:1513 gdb_write_memory_binary_packet(): addr: 0x0000289c, len: 0x00000008
    Debug: 921 58379 target.c:1865 target_write_buffer(): writing buffer of 8 byte at 0x0000289c
    Debug: 922 58389 arc_mem.c:266 arc_mem_write(): address: 0x0000289c, size: 4, count: 2
    Debug: 923 58399 arc_mem.c:72 arc_mem_write_block32(): Write 4-byte memory block: addr=0x0000289c, count=2
    Debug: 924 58411 arc_jtag.c:528 arc_jtag_write_memory(): Writing to memory: addr=0x0000289c;count=2;buffer[0]=0xffffffff
    Debug: 925 58428 gdb_server.c:2668 gdb_input_inner(): received packet: 'X28a4,8:<binary-data>'
    Debug: 926 58439 gdb_server.c:1513 gdb_write_memory_binary_packet(): addr: 0x000028a4, len: 0x00000008
    Debug: 927 58453 target.c:1865 target_write_buffer(): writing buffer of 8 byte at 0x000028a4
    Debug: 928 58464 arc_mem.c:266 arc_mem_write(): address: 0x000028a4, size: 4, count: 2
    Debug: 929 58475 arc_mem.c:72 arc_mem_write_block32(): Write 4-byte memory block: addr=0x000028a4, count=2
    Debug: 930 58486 arc_jtag.c:528 arc_jtag_write_memory(): Writing to memory: addr=0x000028a4;count=2;buffer[0]=0xffffffff
    Debug: 931 58501 gdb_server.c:2668 gdb_input_inner(): received packet: 'X28ac,8:<binary-data>'
    Debug: 932 58512 gdb_server.c:1513 gdb_write_memory_binary_packet(): addr: 0x000028ac, len: 0x00000008
    Debug: 933 58528 target.c:1865 target_write_buffer(): writing buffer of 8 byte at 0x000028ac
    Debug: 934 58539 arc_mem.c:266 arc_mem_write(): address: 0x000028ac, size: 4, count: 2
    Debug: 935 58547 arc_mem.c:72 arc_mem_write_block32(): Write 4-byte memory block: addr=0x000028ac, count=2
    Debug: 936 58560 arc_jtag.c:528 arc_jtag_write_memory(): Writing to memory: addr=0x000028ac;count=2;buffer[0]=0x00000000
    Debug: 937 58574 gdb_server.c:2670 gdb_input_inner(): received packet: 'P40=24010000'
    Debug: 938 58584 gdb_server.c:1293 gdb_set_register_packet(): -
    Debug: 939 58591 arc_regs.c:155 arc_regs_get_gdb_reg_list(): REG_CLASS_ALL: number of regs=70
    Debug: 940 58603 arc_regs.c:91 arc_regs_set_core_reg(): -
    Debug: 941 58609 arc_regs.c:116 arc_regs_set_core_reg(): Set register gdb_num=64, name=pc, value=0x00000124
    Debug: 942 93336 gdb_server.c:2670 gdb_input_inner(): received packet: 'p44'
    Debug: 943 93345 arc_regs.c:155 arc_regs_get_gdb_reg_list(): REG_CLASS_ALL: number of regs=70
    Debug: 944 93357 arc_jtag.c:298 arc_jtag_read_registers(): Reading aux registers: addr[0]=0x4;count=1
    Debug: 945 93370 arc_jtag.c:341 arc_jtag_read_registers(): Read from register: buf[0]=0xad0133
    Debug: 946 93381 arc_regs.c:84 arc_regs_get_core_reg(): Get register gdb_num=68, name=identity, value=0xad0133
    Debug: 947 93406 gdb_server.c:2670 gdb_input_inner(): received packet: 'p45'
    Debug: 948 93414 arc_regs.c:155 arc_regs_get_gdb_reg_list(): REG_CLASS_ALL: number of regs=70
    Debug: 949 93425 arc_jtag.c:298 arc_jtag_read_registers(): Reading aux registers: addr[0]=0x5;count=1
    Debug: 950 93437 arc_jtag.c:341 arc_jtag_read_registers(): Read from register: buf[0]=0x0
    Debug: 951 93448 arc_regs.c:84 arc_regs_get_core_reg(): Get register gdb_num=69, name=debug, value=0x0
    Debug: 952 149510 gdb_server.c:2670 gdb_input_inner(): received packet: 'vCont?'
    Debug: 953 149528 gdb_server.c:2670 gdb_input_inner(): received packet: 'Hc0'
    Debug: 954 149543 gdb_server.c:2670 gdb_input_inner(): received packet: 'c'
    Debug: 955 149553 target.c:1411 target_call_event_callbacks(): target event 5 (gdb-start)
    Debug: 956 149565 gdb_server.c:1531 gdb_step_continue_packet(): -
    Debug: 957 149574 gdb_server.c:1540 gdb_step_continue_packet(): continue
    Debug: 958 149584 target.c:1411 target_call_event_callbacks(): target event 3 (resume-start)
    Debug: 959 149595 arc_dbg.c:562 arc_dbg_resume(): current:1, address:0x00000000, handle_breakpoints:0, debug_execution:0
    Debug: 960 149610 arc_dbg.c:571 arc_dbg_resume(): we are in debug execution mode
    Debug: 961 149619 target.c:1732 target_free_all_working_areas_restore(): freeing all working areas
    Debug: 962 149630 arc32.c:263 arc32_restore_context(): -
    Debug: 963 149636 arc32.c:302 arc32_restore_context(): Will write regnum=64
    Debug: 964 149645 arc_jtag.c:224 arc_jtag_write_registers(): Writing to core registers: addr[0]=0xefefefef;count=0;buffer[0]=0xefefefef

    Debug: 965 149663 arc_jtag.c:224 arc_jtag_write_registers(): Writing to aux registers: addr[0]=0x6;count=1;buffer[0]=0x00000124
    Debug: 966 149678 arc_dbg.c:594 arc_dbg_resume(): Target resumes from PC=0x124, pc.dirty=1, pc.valid=1
    Debug: 967 149690 arc_dbg.c:600 arc_dbg_resume(): resume Core (when start-core) with PC @:0x00000124
    Debug: 968 149701 arc_jtag.c:224 arc_jtag_write_registers(): Writing to aux registers: addr[0]=0x6;count=1;buffer[0]=0x00000124
    Debug: 969 149716 arc_jtag.c:224 arc_jtag_write_registers(): Writing to aux registers: addr[0]=0x40c;count=1;buffer[0]=0xffffffff
    Debug: 970 149731 arc32.c:343 arc32_enable_interrupts(): interrupts enabled
    Debug: 971 149740 arc_jtag.c:298 arc_jtag_read_registers(): Reading aux registers: addr[0]=0x5;count=1
    Debug: 972 149752 arc_jtag.c:341 arc_jtag_read_registers(): Read from register: buf[0]=0x0
    Debug: 973 149762 arc_jtag.c:224 arc_jtag_write_registers(): Writing to aux registers: addr[0]=0x5;count=1;buffer[0]=0x00000002
    Debug: 974 149778 arc_jtag.c:298 arc_jtag_read_registers(): Reading aux registers: addr[0]=0xa;count=1
    Debug: 975 149790 arc_jtag.c:341 arc_jtag_read_registers(): Read from register: buf[0]=0x1
    Debug: 976 149801 arc_jtag.c:224 arc_jtag_write_registers(): Writing to aux registers: addr[0]=0xa;count=1;buffer[0]=0x00000000
    Debug: 977 149816 arc32.c:365 arc32_start_core(): Core started to run
    Debug: 978 149824 target.c:1411 target_call_event_callbacks(): target event 2 (resumed)
    Debug: 979 149835 arc_dbg.c:633 arc_dbg_resume(): target resumed at 0x00000124
    Debug: 980 149845 target.c:1411 target_call_event_callbacks(): target event 4 (resume-end)
    Debug: 981 149856 arc_ocd.c:68 arc_ocd_poll(): ARC core is halted or in reset.
    Debug: 982 149865 arc_jtag.c:298 arc_jtag_read_registers(): Reading aux registers: addr[0]=0x6;count=1
    Debug: 983 149877 arc_jtag.c:341 arc_jtag_read_registers(): Read from register: buf[0]=0x2aa
    Debug: 984 149888 arc32.c:141 arc32_save_context(): -
    Debug: 985 149893 arc_jtag.c:298 arc_jtag_read_registers(): Reading core registers: addr[0]=0x0;count=34
    Debug: 986 149906 arc_jtag.c:341 arc_jtag_read_registers(): Read from register: buf[0]=0x0
    Debug: 987 149916 arc_jtag.c:298 arc_jtag_read_registers(): Reading aux registers: addr[0]=0x6;count=4
    Debug: 988 149929 arc_jtag.c:341 arc_jtag_read_registers(): Read from register: buf[0]=0x2a0
    Debug: 989 149941 arc32.c:218 arc32_save_context(): Get core register regnum=0, name=r0, value=0x00000000
    Debug: 990 149952 arc32.c:218 arc32_save_context(): Get core register regnum=1, name=r1, value=0x00000000
    Debug: 991 149965 arc32.c:218 arc32_save_context(): Get core register regnum=2, name=r2, value=0x00000024
    Debug: 992 149977 arc32.c:218 arc32_save_context(): Get core register regnum=3, name=r3, value=0x00000001
    Debug: 993 149990 arc32.c:218 arc32_save_context(): Get core register regnum=4, name=r4, value=0x00000001
    Debug: 994 150003 arc32.c:218 arc32_save_context(): Get core register regnum=5, name=r5, value=0x00000003
    Debug: 995 150015 arc32.c:218 arc32_save_context(): Get core register regnum=6, name=r6, value=0x0000000e
    Debug: 996 150028 arc32.c:218 arc32_save_context(): Get core register regnum=7, name=r7, value=0x10000540
    Debug: 997 150040 arc32.c:218 arc32_save_context(): Get core register regnum=8, name=r8, value=0x00000000
    Debug: 998 150053 arc32.c:218 arc32_save_context(): Get core register regnum=9, name=r9, value=0x00000008
    Debug: 999 150066 arc32.c:218 arc32_save_context(): Get core register regnum=10, name=r10, value=0x00000001
    Debug: 1000 150079 arc32.c:218 arc32_save_context(): Get core register regnum=11, name=r11, value=0x00000000
    Debug: 1001 150090 arc32.c:218 arc32_save_context(): Get core register regnum=12, name=r12, value=0x00000430
    Debug: 1002 150103 arc32.c:218 arc32_save_context(): Get core register regnum=13, name=r13, value=0x00000000
    Debug: 1003 150115 arc32.c:218 arc32_save_context(): Get core register regnum=14, name=r14, value=0x00000000
    Debug: 1004 150128 arc32.c:218 arc32_save_context(): Get core register regnum=15, name=r15, value=0xfff81fef
    Debug: 1005 150140 arc32.c:218 arc32_save_context(): Get core register regnum=16, name=r16, value=0x100005fc
    Debug: 1006 150151 arc32.c:218 arc32_save_context(): Get core register regnum=17, name=r17, value=0xfff81fee
    Debug: 1007 150163 arc32.c:218 arc32_save_context(): Get core register regnum=18, name=r18, value=0x10000608
    Debug: 1008 150176 arc32.c:218 arc32_save_context(): Get core register regnum=19, name=r19, value=0x004040a1
    Debug: 1009 150188 arc32.c:218 arc32_save_context(): Get core register regnum=20, name=r20, value=0x10000609
    Debug: 1010 150200 arc32.c:218 arc32_save_context(): Get core register regnum=21, name=r21, value=0x5000a0a0
    Debug: 1011 150214 arc32.c:218 arc32_save_context(): Get core register regnum=22, name=r22, value=0x1000060a
    Debug: 1012 150227 arc32.c:218 arc32_save_context(): Get core register regnum=23, name=r23, value=0x00000000
    Debug: 1013 150240 arc32.c:218 arc32_save_context(): Get core register regnum=24, name=r24, value=0x1000060c
    Debug: 1014 150253 arc32.c:218 arc32_save_context(): Get core register regnum=25, name=r25, value=0x00000000
    Debug: 1015 150266 arc32.c:218 arc32_save_context(): Get core register regnum=26, name=gp, value=0x000029ac
    Debug: 1016 150279 arc32.c:218 arc32_save_context(): Get core register regnum=27, name=fp, value=0x000178bc
    Debug: 1017 150292 arc32.c:218 arc32_save_context(): Get core register regnum=28, name=sp, value=0x000178a4
    Debug: 1018 150304 arc32.c:218 arc32_save_context(): Get core register regnum=29, name=ilink1, value=0x00000000
    Debug: 1019 150317 arc32.c:218 arc32_save_context(): Get core register regnum=30, name=ilink2, value=0x00000000
    Debug: 1020 150330 arc32.c:218 arc32_save_context(): Get core register regnum=31, name=blink, value=0x00000184
    Debug: 1021 150343 arc32.c:218 arc32_save_context(): Get core register regnum=60, name=lp_count, value=0x00000000
    Debug: 1022 150356 arc32.c:218 arc32_save_context(): Get core register regnum=63, name=pcl, value=0x000002a8
    Debug: 1023 150369 arc32.c:238 arc32_save_context(): Get aux register regnum=64, name=pc, value=0x000002a0
    Debug: 1024 150382 arc32.c:238 arc32_save_context(): Get aux register regnum=65, name=lp_start, value=0x0000014c
    Debug: 1025 150396 arc32.c:238 arc32_save_context(): Get aux register regnum=66, name=lp_end, value=0x00000154
    Debug: 1026 150408 arc32.c:238 arc32_save_context(): Get aux register regnum=67, name=status32, value=0x00000800
    Debug: 1027 150420 arc32.c:643 arc32_reset_caches_states(): Resetting internal variables of caches states
    Debug: 1028 150433 arc32.c:1112 arc32_get_register_field(): getting register field (reg_name=debug, field_name=bh)
    Debug: 1029 150446 arc_jtag.c:298 arc_jtag_read_registers(): Reading aux registers: addr[0]=0x5;count=1
    Debug: 1031 150459 arc_jtag.c:341 arc_jtag_read_registers(): Read from register: buf[0]=0x0
    Debug: 1032 150472 arc_regs.c:84 arc_regs_get_core_reg(): Get register gdb_num=69, name=debug, value=0x0
    Debug: 1033 150485 arc32.c:1154 arc32_get_register_field(): return (value=0x0)
    Debug: 1034 150494 arc32.c:1112 arc32_get_register_field(): getting register field (reg_name=debug, field_name=ah)
    Debug: 1035 150507 arc32.c:1154 arc32_get_register_field(): return (value=0x0)
    Debug: 1036 150516 target.c:1411 target_call_event_callbacks(): target event 0 (gdb-halt)
    Debug: 1037 150527 target.c:1411 target_call_event_callbacks(): target event 1 (halted)
    Debug: 1038 150540 target.c:1411 target_call_event_callbacks(): target event 6 (gdb-end)
    Debug: 1039 150551 gdb_server.c:2670 gdb_input_inner(): received packet: 'g'
    Debug: 1040 150560 arc_regs.c:173 arc_regs_get_gdb_reg_list(): REG_CLASS_GENERAL: number of regs=38
    Debug: 1041 150611 gdb_server.c:2670 gdb_input_inner(): received packet: 'qfThreadInfo'
    Debug: 1042 150636 gdb_server.c:2670 gdb_input_inner(): received packet: 'm178a8,4'
    Debug: 1043 150645 gdb_server.c:1381 gdb_read_memory_packet(): addr: 0x000178a8, len: 0x00000004
    Debug: 1044 150657 target.c:1926 target_read_buffer(): reading buffer of 4 byte at 0x000178a8
    Debug: 1045 150668 arc_mem.c:189 arc_mem_read(): Read memory: addr=0x000178a8, size=4, count=1
    Debug: 1046 150679 arc_mem.c:54 arc_mem_read_block(): Read memory: addr=0x000178a8, size=4, count=1
    Debug: 1047 150691 arc32.c:527 arc32_dcache_flush(): Flushing D$.
    Debug: 1048 150698 arc_jtag.c:298 arc_jtag_read_registers(): Reading aux registers: addr[0]=0x48;count=1
    Debug: 1049 150712 arc_jtag.c:341 arc_jtag_read_registers(): Read from register: buf[0]=0xc3
    Debug: 1050 150722 arc_jtag.c:224 arc_jtag_write_registers(): Writing to aux registers: addr[0]=0x47;count=1;buffer[0]=0x00000001
    Debug: 1051 150737 arc_jtag.c:596 arc_jtag_read_memory(): Reading memory: addr=0x178a8;count=1;slow=Y
    Debug: 1052 150760 gdb_server.c:2670 gdb_input_inner(): received packet: 'm178a4,4'
    Debug: 1053 150770 gdb_server.c:1381 gdb_read_memory_packet(): addr: 0x000178a4, len: 0x00000004
    Debug: 1054 150780 target.c:1926 target_read_buffer(): reading buffer of 4 byte at 0x000178a4
    Debug: 1055 150791 arc_mem.c:189 arc_mem_read(): Read memory: addr=0x000178a4, size=4, count=1
    Debug: 1056 150803 arc_mem.c:54 arc_mem_read_block(): Read memory: addr=0x000178a4, size=4, count=1
    Debug: 1057 150815 arc_jtag.c:596 arc_jtag_read_memory(): Reading memory: addr=0x178a4;count=1;slow=Y
    Debug: 1058 179899 gdb_server.c:2670 gdb_input_inner(): received packet: 'p44'
    Debug: 1059 179908 arc_regs.c:155 arc_regs_get_gdb_reg_list(): REG_CLASS_ALL: number of regs=70
    Debug: 1060 179920 arc_jtag.c:298 arc_jtag_read_registers(): Reading aux registers: addr[0]=0x4;count=1
    Debug: 1061 179933 arc_jtag.c:341 arc_jtag_read_registers(): Read from register: buf[0]=0xad0133
    Debug: 1062 179944 arc_regs.c:84 arc_regs_get_core_reg(): Get register gdb_num=68, name=identity, value=0xad0133
    Debug: 1063 179975 gdb_server.c:2670 gdb_input_inner(): received packet: 'p45'
    Debug: 1064 179984 arc_regs.c:155 arc_regs_get_gdb_reg_list(): REG_CLASS_ALL: number of regs=70
    Debug: 1065 183837 gdb_server.c:2670 gdb_input_inner(): received packet: 'm240,40'
    Debug: 1066 183846 gdb_server.c:1381 gdb_read_memory_packet(): addr: 0x00000240, len: 0x00000040
    Debug: 1067 183856 target.c:1926 target_read_buffer(): reading buffer of 64 byte at 0x00000240
    Debug: 1068 183864 arc_mem.c:189 arc_mem_read(): Read memory: addr=0x00000240, size=4, count=16
    Debug: 1069 183878 arc_mem.c:54 arc_mem_read_block(): Read memory: addr=0x00000240, size=4, count=16
    Debug: 1070 183893 arc_jtag.c:596 arc_jtag_read_memory(): Reading memory: addr=0x240;count=16;slow=Y
    Debug: 1071 183928 gdb_server.c:2670 gdb_input_inner(): received packet: 'm280,40'
    Debug: 1072 183939 gdb_server.c:1381 gdb_read_memory_packet(): addr: 0x00000280, len: 0x00000040
    Debug: 1073 183950 target.c:1926 target_read_buffer(): reading buffer of 64 byte at 0x00000280
    Debug: 1074 183961 arc_mem.c:189 arc_mem_read(): Read memory: addr=0x00000280, size=4, count=16
    Debug: 1075 183973 arc_mem.c:54 arc_mem_read_block(): Read memory: addr=0x00000280, size=4, count=16
    Debug: 1076 183984 arc_jtag.c:596 arc_jtag_read_memory(): Reading memory: addr=0x280;count=16;slow=Y

and it seems that there is no 'flag' instruction in this simple example program's assembler codes which may cause this situation.

These are my openocd script contents:

    # =============================================================================
    #                   Digilent JTAG HS1 interface config 
    # =============================================================================

    #
    # Digilent HS1
    #
    # The Digilent HS1 is a high-speed FT2232H-based adapter, compliant with the
    # Xilinx JTAG 14-pin pinout.
    # It does not support ARM reset signals (SRST and TRST) but can still be used for
    # hardware debugging, with some limitations.
    #

    interface ftdi
    ftdi_vid_pid 0x0403 0x6010
    ftdi_layout_init 0x0088 0x008b


    # =============================================================================
    #                   Goke Microectronics ARC700 GK2301 board config
    # =============================================================================

    debug_level 3
    adapter_khz 5000

    # ARCs support only JTAG.
    transport select jtag


    # =============================================================================
    #               ARC700 common proc, extract out from arc/common.tcl
    # =============================================================================

    # Things common to all ARCs

    # It is assumed that target is already halted.
    proc arc_common_reset { {target ""} } {
        if {target != "" } {
            targetstarget
        }

        # This proc makes several operations and they should be transactional, so
        # we have to halt CPU, otherwise it is possible that we will, say, disable
        # interrupts, but then running CPU will enable them before we will move PC
        # to reset vector. So in theory we would need to halt and resume, then if
        # command was "reset halt" OpenOCD will halt the core. However that is
        # undesired because semantically "reset halt" should be halted on first
        # instruction after reset, and that will not happen if we will resume core
        # form this function. This event also doesn't have any arguments so we
        # cannot know if it was "reset halt" or not, so we cannot make "resume"
        # conditional. As a result this proc will always halt and user will always
        # have to resume... Not very user-friendly, sigh. But at least that seems
        # to work reliably though.
        halt

        # 1. Interrupts are disabled (STATUS32.IE)
        # 2. The status register flags are cleared.
        # All fields, except the H bit, are set to 0 when the processor is Reset.
        arc jtag aux-reg 0xA 0x1

        # 3. The loop count, loop start, and loop end registers are cleared.
        arc jtag core-reg 60 0
        arc jtag aux-reg 0x2 0
        arc jtag aux-reg    0x3 0

        # 4. The scoreboard unit is cleared.
        # 5. The pending-load flag is cleared.

        # Program execution begins at the address referenced by the four byte reset
        # vector located at the interrupt vector base address, which is the first
        # entry (offset 0x00) in the vector table.
        set int_vector_base [arc jtag aux-reg 0x25]
        set start_pc ""
        mem2array start_pc 32int_vector_base 1
        arc jtag aux-reg 0x6start_pc(0)

        # It is OK to do uncached writes - register cache will be invalidated by
        # the reset_assert() function.
    }


    # =============================================================================
    #  ARCompactISA procs, such as ARC700, extract out from arc/arcompact.tcl
    # =============================================================================

    proc arc_arcompact_examine_target { {target ""} } {
        if {target != "" } {
            targetstarget
        }

        set arcver [arc reg-field identity arcver]
        if {arcver < 0x20 ||arcver > 0x3F } {
            puts "ERROR: This is not an ARCompact core. Wrong CPU configuration file used?"
            exit 1
        }

        # Those registers always exist. DEBUG is formally optional, however it
        # comes with JTAG interface, and so far there is no way OpenOCD can
        # communicate with target without JTAG interface.
        arc set-reg-exists identity pc status32 debug lp_start lp_end

        # 32 core registers
        arc set-reg-exists \
            r0  r1  r2  r3  r4  r5  r6  r7  r8  r9  r10 r11 r12 \
            r13 r14 r15 r16 r17 r18 r19 r20 r21 r22 r23 r24 r25 \
            gp fp sp ilink1 ilink2 blink lp_count pcl
    }

    proc arc_arcompact_init_regs { } {
        # XML features
        set core_feature "org.gnu.gdb.arc.core.arcompact"
        set aux_min_feature "org.gnu.gdb.arc.aux-minimal"
        set aux_other_feature "org.gnu.gdb.arc.aux-other"

        # AUX registers types
        arc add-reg-type-struct -name debug_t \
            -bitfield ss  0  0 \
            -bitfield fh  1  1 \
            -bitfield ah  2  2 \
            -bitfield asr 3 10 \
            -bitfield is 11 11 \
            -bitfield ra 22 22 \
            -bitfield zz 23 23 \
            -bitfield ed 24 24 \
            -bitfield ep 25 25 \
            -bitfield ub 28 28 \
            -bitfield bh 29 29 \
            -bitfield sh 30 30 \
            -bitfield ld 31 31

        arc add-reg-type-struct -name identity_t \
            -bitfield arcver 0 7 -bitfield arcnum 8 15 -bitfield chipid 16 31
        arc add-reg-type-flags -name status32_t \
            -flag H  0 -flag E1 1 -flag E2  2 -flag A1 3 \
            -flag A2 4 -flag AE 5 -flag DE  6 -flag U  7 \
            -flag V  8 -flag C  9 -flag N  10 -flag Z 11 \
            -flag L 12 -flag R 13 -flag SE 14

        # BCR types
        arc add-reg-type-struct -name bcr_ver_t -bitfield version 0 7

        # Core registers
        set core_regs {
            r0       0  uint32
            r1       1  uint32
            r2       2  uint32
            r3       3  uint32
            r4       4  uint32
            r5       5  uint32
            r6       6  uint32
            r7       7  uint32
            r8       8  uint32
            r9       9  uint32
            r10      10 uint32
            r11      11 uint32
            r12      12 uint32
            r13      13 uint32
            r14      14 uint32
            r15      15 uint32
            r16      16 uint32
            r17      17 uint32
            r18      18 uint32
            r19      19 uint32
            r20      20 uint32
            r21      21 uint32
            r22      22 uint32
            r23      23 uint32
            r24      24 uint32
            r25      25 uint32
            gp       26 data_ptr
            fp       27 data_ptr
            sp       28 data_ptr
            ilink1   29 code_ptr
            ilink2   30 code_ptr
            blink    31 code_ptr
            r32      32 uint32
            r33      33 uint32
            r34      34 uint32
            r35      35 uint32
            r36      36 uint32
            r37      37 uint32
            r38      38 uint32
            r39      39 uint32
            r40      40 uint32
            r41      41 uint32
            r42      42 uint32
            r43      43 uint32
            r44      44 uint32
            r45      45 uint32
            r46      46 uint32
            r47      47 uint32
            r48      48 uint32
            r49      49 uint32
            r50      50 uint32
            r51      51 uint32
            r52      52 uint32
            r53      53 uint32
            r54      54 uint32
            r55      55 uint32
            r56      56 uint32
            r57      57 uint32
            r58      58 uint32
            r59      59 uint32
            lp_count 60 uint32
            reserved 61 uint32
            limm     62 uint32
            pcl      63 code_ptr
        }
        foreach {reg count type}core_regs {
            arc add-reg -namereg -numcount -core -typetype -g \
                -featurecore_feature
        }

        # AUX min
        set aux_min {
            0x6 pc       code_ptr
            0x2 lp_start code_ptr
            0x3 lp_end   code_ptr
            0xA status32 status32_t
        }
        foreach {num name type}aux_min {
            arc add-reg -namename -numnum -typetype -featureaux_min_feature -g
        }

        # AUX other
        set aux_other {
            0x004 identity      identity_t
            0x005 debug         debug_t
        }
        foreach {num name type}aux_other {
            arc add-reg -namename -numnum -typetype -featureaux_other_feature
        }

        [target current] configure \
            -event examine-end "arc_arcompact_examine_target [target current]"
    }

    # Scripts in "target" folder should call this function instead of direct
    # invocation of arc_common_reset.
    proc arc_arcompact_reset { {target ""} } {
        arc_common_resettarget
    }


    # =============================================================================
    #                        ARC700 gk2301 chip config
    # =============================================================================

    set _CHIPNAME arc700
    set _TARGETNAME_CHIPNAME.cpu

    # ARC 700 on GK2301:  0x100434b1
    jtag newtap_CHIPNAME cpu -irlen 4 -ircapture 0x1 -expected-id 0x200034b1 \
                               -expected-id 0x201034b1 -expected-id 0x100434b1

    set _coreid 0
    set _dbgbase [expr 0x00000000 | ($_coreid << 13)]

    # DCCM
    set _sram_addr 0x10000000
    set _sram_size 0x8000

    target create_TARGETNAME arc700 -chain-position_TARGETNAME
    $_TARGETNAME configure -coreid_coreid
    $_TARGETNAME configure -dbgbase_dbgbase
    $_TARGETNAME configure -endian little
    $_TARGETNAME configure -work-area-phys_sram_addr -work-area-size_sram_size

    # There is no SRST, so do a software reset
    $_TARGETNAME configure -event reset-assert "arc_arcompact_reset_TARGETNAME"

    arc_arcompact_init_regs


    # =============================================================================
    #                         board control
    # =============================================================================

    # Initialize
    init
    reset halt

**Comment by lipinggoke** [comment]
Adding $pc and $pcl register pointing instructions:

	(gdb) display/i $pc
	1: x/i $pc
	=> 0x2a0 <main+72>:     add_s   r2,r3,r2
	(gdb) display/i $pcl
	2: x/i $pcl
	   0x2a8 <main+80>:     stw_s   r0,[r0,0x4]
	(gdb)

**Comment by anthony-kolesov** [comment]
Looking at the OpenOCD log I'm getting an impression that JTAG Status register specifies that processor has halted (this is a JTAG internal register, not visible to the processor itself), however processor seems to actually continue to run - thus `H` bit is not set in the STATUS32 and PCL is somehow so different from PC. Unfortunately current logging in OpenOCD doesn't capture the raw JTAG Status value - only that the Running bit is not set. 

I think we can fix this by adding an extra check here: https://github.com/foss-for-synopsys-dwc-arc-processors/openocd/blob/master/src/target/arc_ocd.c#L58
If JTAG Status Running is not set, then OpenOCD should check for STATUS32.H bit and assume that H has higher priority if they disagree. Normally, though those bits sholdn't disagree... We will try to make a patch for you early next week.

Have you also tried tried with a reduced JTAG frequency, for example 1MHz instead of 5MHz? I doubt reducing frquency will help here, because 5MHz is already slow enough even for most of FPGAs, but worth trying. I don't think we encoutered this type of issues with ARC 700 on AXS101.

**Comment by lipinggoke** [comment]
Hi @anthony-kolesov,
I have tried the 1MHz option by 'adapter_khz 1000', the same problem exists.

**Comment by lipinggoke** [comment]
Hi @anthony-kolesov,
May I ask whether the patch pass through the openocd tests and is avaiable now ?

**Comment by anthony-kolesov** [comment]
@EvgeniiDidin is working on this.

**Comment by anthony-kolesov** [comment]
Hi @lipinggoke 

A pull request #33 has been created to fix this issue. It will take some time to finish it, however as far as I see all changes needed are with respect of the code style/etc, functionally this patch should already fix your problem.

Could you download this patch and rebuild OpenOCD with it and see if it resolves your issue? The  problem that you have doesn't appear with boards that our team has access to, so it is impossible for Evgenii to directly confirm if this fix resolves your issue.

**Comment by lipinggoke** [comment]
Hi @anthony-kolesov and @EvgeniiDidin,

I have been trying to build the windows version openocd.

Here are my steps:

1, I installed a brand-new ubuntu 16.04 x86_64 version.
2, Install the prerequisites as told here, https://github.com/foss-for-synopsys-dwc-arc-processors/toolchain : 

    # apt-get install texinfo byacc flex libncurses5-dev zlib1g-dev libexpat1-dev texlive build-essential git wget gawk bison

3, Install cross-compiling tools:

    # apt-get install mingw-w64

4, Download arc_gnu_2018.09_sources.tar.gz   from https://github.com/foss-for-synopsys-dwc-arc-processors/toolchain/releases, and extract it to ~/arc_gnu dir.  
5, cd to ~/arc_gnu/arc_gnu_2018.09_sources/openocd and do configuration :

    #./configure --host i686-w64-mingw32 --enable-ftdi --disable-doxygen-html --disable-werror

and I got this error: 

    configure: error: jimtcl not found, run git submodule init and git submodule update.

Could you please tell me how to build the windows openocd version ? 
Also may I ask what is the exact configure options originally used by GNU Toolchain for ARC Processors, 2018.09 release package? so that I could build the same openocd with just only this  patch merged.

Sincerely,
-Ping.Li

**Comment by anthony-kolesov** [comment]
Hi Liping,

There are instructions here: https://github.com/foss-for-synopsys-dwc-arc-processors/openocd/blob/master/doc/README.ARC, search for "How to build OpenOCD for Windows (cross compile on Linux)".

1. This includes somewhat different prerequisites.
2. Before ./configure you should run `./bootstrap`, this will download jimtcl.
3. Note that you also need libusb for windows. Our manual gives instructions how to build it with mingw,  but possible there is an APT package for mingw with the prebuilt, I'm not sure.

**Comment by lipinggoke** [comment]
Hi @anthony-kolesov and @EvgeniiDidin ,

I have checked this patch, it does work.
Here are the debug logs, it does have discrepancy between JTAG and the ARC700 core.

	Debug: 1572 101118 arc_jtag.c:298 arc_jtag_read_registers(): Reading aux registers: addr[0]=0xa;count=1
	Debug: 1573 101138 arc_jtag.c:341 arc_jtag_read_registers(): Read from register: buf[0]=0x800
	Debug: 1574 101163 arc_ocd.c:78 arc_ocd_poll(): discrepancy of STATUS32(0) HALT bit and ARC_JTAG_STAT_RU, target is still running
	Debug: 1575 101294 arc_jtag.c:298 arc_jtag_read_registers(): Reading aux registers: addr[0]=0xa;count=1
	Debug: 1576 101324 arc_jtag.c:341 arc_jtag_read_registers(): Read from register: buf[0]=0x800
	Debug: 1577 101349 arc_ocd.c:78 arc_ocd_poll(): discrepancy of STATUS32(0) HALT bit and ARC_JTAG_STAT_RU, target is still running
	Debug: 1578 101481 arc_jtag.c:298 arc_jtag_read_registers(): Reading aux registers: addr[0]=0xa;count=1
	Debug: 1579 101511 arc_jtag.c:341 arc_jtag_read_registers(): Read from register: buf[0]=0x800
	Debug: 1580 101536 arc_ocd.c:78 arc_ocd_poll(): discrepancy of STATUS32(0) HALT bit and ARC_JTAG_STAT_RU, target is still running
	Debug: 1581 101667 arc_jtag.c:298 arc_jtag_read_registers(): Reading aux registers: addr[0]=0xa;count=1
	Debug: 1582 101696 arc_jtag.c:341 arc_jtag_read_registers(): Read from register: buf[0]=0x800
	Debug: 1583 101721 arc_ocd.c:78 arc_ocd_poll(): discrepancy of STATUS32(0) HALT bit and ARC_JTAG_STAT_RU, target is still running

Thanks your guys conscientious and responsible support these days.

**Comment by lipinggoke** [comment]
Hi @anthony-kolesov and  @EvgeniiDidin ,
Today I am trying to use the openocd with this path to debug, I find it has some problem,  in breakpoint using and next / stop debugging.
I set a breakpoint in a later position then I do gdb continue execution. The openocd seems has halted at the breakpoint, but the gdb client could not be automatically stopped. I have to use CTRL-C to forcefully stop it.

 Here are the openocd logs:

	Debug: 2019 147153 gdb_server.c:2670 gdb_input_inner(): received packet: 'm40040000,40'
	Debug: 2020 147184 gdb_server.c:1381 gdb_read_memory_packet(): addr: 0x40040000, len: 0x00000040
	Debug: 2021 147200 target.c:1926 target_read_buffer(): reading buffer of 64 byte at 0x40040000
	Debug: 2022 147231 arc_mem.c:189 arc_mem_read(): Read memory: addr=0x40040000, size=4, count=16
	Debug: 2023 147246 arc_mem.c:54 arc_mem_read_block(): Read memory: addr=0x40040000, size=4, count=16
	Debug: 2024 147246 arc_jtag.c:596 arc_jtag_read_memory(): Reading memory: addr=0x40040000;count=16;slow=Y
	Debug: 2025 147262 gdb_server.c:2670 gdb_input_inner(): received packet: 'Z0,40040000,4'
	Debug: 2026 147278 gdb_server.c:1563 gdb_breakpoint_watchpoint_packet(): -
	Debug: 2027 147278 arc_dbg.c:108 arc_dbg_set_breakpoint(): bpid: 8
	Debug: 2028 147278 target.c:1926 target_read_buffer(): reading buffer of 4 byte at 0x40040000
	Debug: 2029 147293 arc_mem.c:189 arc_mem_read(): Read memory: addr=0x40040000, size=4, count=1
	Debug: 2030 147293 arc_mem.c:54 arc_mem_read_block(): Read memory: addr=0x40040000, size=4, count=1
	Debug: 2031 147309 arc_jtag.c:596 arc_jtag_read_memory(): Reading memory: addr=0x40040000;count=1;slow=Y
	Debug: 2032 147309 arc32.c:670 arc32_write_instruction_u32(): Address: 0x40040000, value: 0x256f003f
	Debug: 2033 147324 target.c:1865 target_write_buffer(): writing buffer of 4 byte at 0x40040000
	Debug: 2034 147324 arc_mem.c:266 arc_mem_write(): address: 0x40040000, size: 4, count: 1
	Debug: 2035 147324 arc_mem.c:72 arc_mem_write_block32(): Write 4-byte memory block: addr=0x40040000, count=1
	Debug: 2036 147340 arc_jtag.c:528 arc_jtag_write_memory(): Writing to memory: addr=0x40040000;count=1;buffer[0]=0x003f256f
	Debug: 2037 147356 target.c:1926 target_read_buffer(): reading buffer of 4 byte at 0x40040000
	Debug: 2038 147356 arc_mem.c:189 arc_mem_read(): Read memory: addr=0x40040000, size=4, count=1
	Debug: 2039 147356 arc_mem.c:54 arc_mem_read_block(): Read memory: addr=0x40040000, size=4, count=1
	Debug: 2040 147371 arc_jtag.c:596 arc_jtag_read_memory(): Reading memory: addr=0x40040000;count=1;slow=Y
	Debug: 2041 147371 arc32.c:705 arc32_read_instruction_u32(): Address: 0x40040000, value: 0x256f003f
	Debug: 2042 147387 breakpoints.c:106 breakpoint_add_internal(): added software breakpoint at 0x40040000 of length 0x00000004, (BPID: 8)

	Debug: 2043 147402 gdb_server.c:2670 gdb_input_inner(): received packet: 'm40040880,40'
	Debug: 2044 147402 gdb_server.c:1381 gdb_read_memory_packet(): addr: 0x40040880, len: 0x00000040
	Debug: 2045 147418 target.c:1926 target_read_buffer(): reading buffer of 64 byte at 0x40040880
	Debug: 2046 147418 arc_mem.c:189 arc_mem_read(): Read memory: addr=0x40040880, size=4, count=16
	Debug: 2047 147434 arc_mem.c:54 arc_mem_read_block(): Read memory: addr=0x40040880, size=4, count=16
	Debug: 2048 147434 arc_jtag.c:596 arc_jtag_read_memory(): Reading memory: addr=0x40040880;count=16;slow=Y
	Debug: 2049 147449 gdb_server.c:2670 gdb_input_inner(): received packet: 'Z0,400408bc,2'
	Debug: 2050 147449 gdb_server.c:1563 gdb_breakpoint_watchpoint_packet(): -
	Debug: 2051 147465 arc_dbg.c:108 arc_dbg_set_breakpoint(): bpid: 9
	Debug: 2052 147465 target.c:1926 target_read_buffer(): reading buffer of 2 byte at 0x400408bc
	Debug: 2053 147465 arc_mem.c:189 arc_mem_read(): Read memory: addr=0x400408bc, size=2, count=1
	Debug: 2054 147480 arc_mem.c:54 arc_mem_read_block(): Read memory: addr=0x400408bc, size=4, count=1
	Debug: 2055 147480 arc_jtag.c:596 arc_jtag_read_memory(): Reading memory: addr=0x400408bc;count=1;slow=Y
	Debug: 2056 147496 target.c:2183 target_write_u16(): address: 0x400408bc, value: 0x00007fff
	Debug: 2057 147496 arc_mem.c:266 arc_mem_write(): address: 0x400408bc, size: 2, count: 1
	Debug: 2058 147512 arc_mem.c:97 arc_mem_write_block16(): Write 2-byte memory block: addr=0x400408bc, count=1
	Debug: 2059 147512 arc_jtag.c:596 arc_jtag_read_memory(): Reading memory: addr=0x400408bc;count=1;slow=Y
	Debug: 2060 147527 arc_jtag.c:528 arc_jtag_write_memory(): Writing to memory: addr=0x400408bc;count=1;buffer[0]=0x1bfc7fff
	Debug: 2061 147543 arc_mem.c:189 arc_mem_read(): Read memory: addr=0x400408bc, size=2, count=1
	Debug: 2062 147543 arc_mem.c:54 arc_mem_read_block(): Read memory: addr=0x400408bc, size=4, count=1
	Debug: 2063 147543 arc_jtag.c:596 arc_jtag_read_memory(): Reading memory: addr=0x400408bc;count=1;slow=Y
	Debug: 2064 147558 target.c:2098 target_read_u16(): address: 0x400408bc, value: 0x7fff
	Debug: 2065 147558 breakpoints.c:106 breakpoint_add_internal(): added software breakpoint at 0x400408bc of length 0x00000002, (BPID: 9)

	Debug: 2066 147574 gdb_server.c:2670 gdb_input_inner(): received packet: 's'
	Debug: 2067 147590 target.c:1411 target_call_event_callbacks(): target event 5 (gdb-start)
	Debug: 2068 147590 gdb_server.c:1531 gdb_step_continue_packet(): -
	Debug: 2069 147590 gdb_server.c:1544 gdb_step_continue_packet(): step
	Debug: 2070 147605 arc_dbg.c:664 arc_dbg_step(): Target steps one instruction from PC=0x40040100
	Debug: 2071 147605 arc32.c:263 arc32_restore_context(): -
	Debug: 2072 147605 arc_jtag.c:224 arc_jtag_write_registers(): Writing to core registers: addr[0]=0xefefefef;count=0;buffer[0]=0xefefefe
	f
	Debug: 2073 147621 arc_jtag.c:224 arc_jtag_write_registers(): Writing to aux registers: addr[0]=0xefefefef;count=0;buffer[0]=0xefefefef

	Debug: 2074 147636 target.c:1411 target_call_event_callbacks(): target event 2 (resumed)
	Debug: 2075 147636 arc_jtag.c:224 arc_jtag_write_registers(): Writing to aux registers: addr[0]=0x40c;count=1;buffer[0]=0x00000000
	Debug: 2076 147652 arc32.c:348 arc32_enable_interrupts(): interrupts disabled
	Debug: 2077 147652 arc_jtag.c:298 arc_jtag_read_registers(): Reading aux registers: addr[0]=0x5;count=1
	Debug: 2078 147668 arc_jtag.c:341 arc_jtag_read_registers(): Read from register: buf[0]=0x0
	Debug: 2079 147668 arc_jtag.c:224 arc_jtag_write_registers(): Writing to aux registers: addr[0]=0x5;count=1;buffer[0]=0x00000002
	Debug: 2080 147699 arc_jtag.c:298 arc_jtag_read_registers(): Reading aux registers: addr[0]=0xa;count=1
	Debug: 2081 147699 arc_jtag.c:341 arc_jtag_read_registers(): Read from register: buf[0]=0x1
	Debug: 2082 147714 arc_jtag.c:224 arc_jtag_write_registers(): Writing to aux registers: addr[0]=0xa;count=1;buffer[0]=0x00000001
	Debug: 2083 147714 arc32.c:386 arc32_config_step():  [status32:0x00000001]
	Debug: 2084 147730 arc_jtag.c:298 arc_jtag_read_registers(): Reading aux registers: addr[0]=0x5;count=1
	Debug: 2085 147730 arc_jtag.c:341 arc_jtag_read_registers(): Read from register: buf[0]=0x0
	Debug: 2086 147746 arc_jtag.c:224 arc_jtag_write_registers(): Writing to aux registers: addr[0]=0x5;count=1;buffer[0]=0x00000800
	Debug: 2087 147746 arc32.c:406 arc32_config_step(): core debug step mode enabled [debug-reg:0x00000800]
	Debug: 2088 147777 arc_dbg.c:698 arc_dbg_step(): target stepped
	Debug: 2089 147777 arc_jtag.c:298 arc_jtag_read_registers(): Reading aux registers: addr[0]=0x6;count=1
	Debug: 2090 147777 arc_jtag.c:341 arc_jtag_read_registers(): Read from register: buf[0]=0x40040804
	Debug: 2091 147792 arc32.c:141 arc32_save_context(): -
	Debug: 2092 147792 arc_jtag.c:298 arc_jtag_read_registers(): Reading core registers: addr[0]=0x0;count=34
	Debug: 2093 147808 arc_jtag.c:341 arc_jtag_read_registers(): Read from register: buf[0]=0x10000248
	Debug: 2094 147808 arc_jtag.c:298 arc_jtag_read_registers(): Reading aux registers: addr[0]=0x6;count=4
	Debug: 2095 147824 arc_jtag.c:341 arc_jtag_read_registers(): Read from register: buf[0]=0x40040804
	Debug: 2096 147824 arc32.c:218 arc32_save_context(): Get core register regnum=0, name=r0, value=0x10000248
	Debug: 2097 147839 arc32.c:218 arc32_save_context(): Get core register regnum=1, name=r1, value=0x00000000
	Debug: 2098 147839 arc32.c:218 arc32_save_context(): Get core register regnum=2, name=r2, value=0x00000000
	Debug: 2099 147855 arc32.c:218 arc32_save_context(): Get core register regnum=3, name=r3, value=0x00000300
	Debug: 2100 147855 arc32.c:218 arc32_save_context(): Get core register regnum=4, name=r4, value=0x0000000a
	Debug: 2101 147870 arc32.c:218 arc32_save_context(): Get core register regnum=5, name=r5, value=0x0000015e
	Debug: 2102 147870 arc32.c:218 arc32_save_context(): Get core register regnum=6, name=r6, value=0x00000000
	Debug: 2103 147886 arc32.c:218 arc32_save_context(): Get core register regnum=7, name=r7, value=0x0001859a
	Debug: 2104 147886 arc32.c:218 arc32_save_context(): Get core register regnum=8, name=r8, value=0x00000008
	Debug: 2105 147902 arc32.c:218 arc32_save_context(): Get core register regnum=9, name=r9, value=0x00000001
	Debug: 2106 147902 arc32.c:218 arc32_save_context(): Get core register regnum=10, name=r10, value=0x40030600
	Debug: 2107 147917 arc32.c:218 arc32_save_context(): Get core register regnum=11, name=r11, value=0x00000007
	Debug: 2108 147917 arc32.c:218 arc32_save_context(): Get core register regnum=12, name=r12, value=0x00000014
	Debug: 2109 147933 arc32.c:218 arc32_save_context(): Get core register regnum=13, name=r13, value=0x10002850
	Debug: 2110 147933 arc32.c:218 arc32_save_context(): Get core register regnum=14, name=r14, value=0x00000000
	Debug: 2111 147948 arc32.c:218 arc32_save_context(): Get core register regnum=15, name=r15, value=0x00000000
	Debug: 2112 147948 arc32.c:218 arc32_save_context(): Get core register regnum=16, name=r16, value=0x00000000
	Debug: 2113 147964 arc32.c:218 arc32_save_context(): Get core register regnum=17, name=r17, value=0x00000000
	Debug: 2114 147964 arc32.c:218 arc32_save_context(): Get core register regnum=18, name=r18, value=0x00000000
	Debug: 2115 147980 arc32.c:218 arc32_save_context(): Get core register regnum=19, name=r19, value=0x00000000
	Debug: 2116 147980 arc32.c:218 arc32_save_context(): Get core register regnum=20, name=r20, value=0x00000000
	Debug: 2117 147995 arc32.c:218 arc32_save_context(): Get core register regnum=21, name=r21, value=0x00000000
	Debug: 2118 147995 arc32.c:218 arc32_save_context(): Get core register regnum=22, name=r22, value=0x00000000
	Debug: 2119 148011 arc32.c:218 arc32_save_context(): Get core register regnum=23, name=r23, value=0x00000000
	Debug: 2120 148026 arc32.c:218 arc32_save_context(): Get core register regnum=24, name=r24, value=0x00000000
	Debug: 2121 148026 arc32.c:218 arc32_save_context(): Get core register regnum=25, name=r25, value=0x00000000
	Debug: 2122 148042 arc32.c:218 arc32_save_context(): Get core register regnum=26, name=gp, value=0x00000000
	Debug: 2123 148042 arc32.c:218 arc32_save_context(): Get core register regnum=27, name=fp, value=0x10007fe0
	Debug: 2124 148058 arc32.c:218 arc32_save_context(): Get core register regnum=28, name=sp, value=0x10007fcc
	Debug: 2125 148058 arc32.c:218 arc32_save_context(): Get core register regnum=29, name=ilink1, value=0x0000046a
	Debug: 2126 148073 arc32.c:218 arc32_save_context(): Get core register regnum=30, name=ilink2, value=0x00000000
	Debug: 2127 148073 arc32.c:218 arc32_save_context(): Get core register regnum=31, name=blink, value=0x40040104
	Debug: 2128 148089 arc32.c:218 arc32_save_context(): Get core register regnum=60, name=lp_count, value=0x00000000
	Debug: 2129 148089 arc32.c:218 arc32_save_context(): Get core register regnum=63, name=pcl, value=0x40040804
	Debug: 2130 148104 arc32.c:238 arc32_save_context(): Get aux register regnum=64, name=pc, value=0x40040804
	Debug: 2131 148104 arc32.c:238 arc32_save_context(): Get aux register regnum=65, name=lp_start, value=0x00000000
	Debug: 2132 148120 arc32.c:238 arc32_save_context(): Get aux register regnum=66, name=lp_end, value=0x00000000
	Debug: 2133 148120 arc32.c:238 arc32_save_context(): Get aux register regnum=67, name=status32, value=0x00000001
	Debug: 2134 148136 arc32.c:643 arc32_reset_caches_states(): Resetting internal variables of caches states
	Debug: 2135 148136 target.c:1411 target_call_event_callbacks(): target event 0 (gdb-halt)
	Debug: 2136 148151 target.c:1411 target_call_event_callbacks(): target event 1 (halted)
	Debug: 2137 148151 target.c:1411 target_call_event_callbacks(): target event 6 (gdb-end)
	Debug: 2138 148167 gdb_server.c:2670 gdb_input_inner(): received packet: 'g'
	Debug: 2139 148167 arc_regs.c:173 arc_regs_get_gdb_reg_list(): REG_CLASS_GENERAL: number of regs=38
	Debug: 2140 148182 gdb_server.c:2670 gdb_input_inner(): received packet: 'm40040100,40'
	Debug: 2141 148182 gdb_server.c:1381 gdb_read_memory_packet(): addr: 0x40040100, len: 0x00000040
	Debug: 2142 148182 target.c:1926 target_read_buffer(): reading buffer of 64 byte at 0x40040100
	Debug: 2143 148198 arc_mem.c:189 arc_mem_read(): Read memory: addr=0x40040100, size=4, count=16
	Debug: 2144 148198 arc_mem.c:54 arc_mem_read_block(): Read memory: addr=0x40040100, size=4, count=16
	Debug: 2145 148214 arc32.c:527 arc32_dcache_flush(): Flushing D$.
	Debug: 2146 148214 arc_jtag.c:298 arc_jtag_read_registers(): Reading aux registers: addr[0]=0x48;count=1
	Debug: 2147 148229 arc_jtag.c:341 arc_jtag_read_registers(): Read from register: buf[0]=0xc3
	Debug: 2148 148229 arc_jtag.c:224 arc_jtag_write_registers(): Writing to aux registers: addr[0]=0x47;count=1;buffer[0]=0x00000001
	Debug: 2149 148245 arc_jtag.c:596 arc_jtag_read_memory(): Reading memory: addr=0x40040100;count=16;slow=Y
	Debug: 2150 148245 gdb_server.c:2670 gdb_input_inner(): received packet: 'Z0,40040100,4'
	Debug: 2151 148260 gdb_server.c:1563 gdb_breakpoint_watchpoint_packet(): -
	Debug: 2152 148260 arc_dbg.c:108 arc_dbg_set_breakpoint(): bpid: 10
	Debug: 2153 148276 target.c:1926 target_read_buffer(): reading buffer of 4 byte at 0x40040100
	Debug: 2154 148276 arc_mem.c:189 arc_mem_read(): Read memory: addr=0x40040100, size=4, count=1
	Debug: 2155 148276 arc_mem.c:54 arc_mem_read_block(): Read memory: addr=0x40040100, size=4, count=1
	Debug: 2156 148292 arc_jtag.c:596 arc_jtag_read_memory(): Reading memory: addr=0x40040100;count=1;slow=Y
	Debug: 2157 148292 arc32.c:670 arc32_write_instruction_u32(): Address: 0x40040100, value: 0x256f003f
	Debug: 2158 148307 target.c:1865 target_write_buffer(): writing buffer of 4 byte at 0x40040100
	Debug: 2159 148307 arc_mem.c:266 arc_mem_write(): address: 0x40040100, size: 4, count: 1
	Debug: 2160 148323 arc_mem.c:72 arc_mem_write_block32(): Write 4-byte memory block: addr=0x40040100, count=1
	Debug: 2161 148323 arc_jtag.c:528 arc_jtag_write_memory(): Writing to memory: addr=0x40040100;count=1;buffer[0]=0x003f256f
	Debug: 2162 148338 arc32.c:432 arc32_icache_invalidate(): Invalidating I$.
	Debug: 2163 148338 arc_jtag.c:224 arc_jtag_write_registers(): Writing to aux registers: addr[0]=0x10;count=1;buffer[0]=0xffffffff
	Debug: 2164 148354 arc32.c:449 arc32_dcache_invalidate(): Invalidating D$.
	Debug: 2165 148354 arc_jtag.c:298 arc_jtag_read_registers(): Reading aux registers: addr[0]=0x48;count=1
	Debug: 2166 148370 arc_jtag.c:341 arc_jtag_read_registers(): Read from register: buf[0]=0xc3
	Debug: 2167 148370 arc_jtag.c:224 arc_jtag_write_registers(): Writing to aux registers: addr[0]=0x48;count=1;buffer[0]=0x00000083
	Debug: 2168 148385 arc_jtag.c:224 arc_jtag_write_registers(): Writing to aux registers: addr[0]=0x47;count=1;buffer[0]=0x00000001
	Debug: 2169 148401 arc_jtag.c:224 arc_jtag_write_registers(): Writing to aux registers: addr[0]=0x48;count=1;buffer[0]=0x000000c3
	Debug: 2170 148401 target.c:1926 target_read_buffer(): reading buffer of 4 byte at 0x40040100
	Debug: 2171 148416 arc_mem.c:189 arc_mem_read(): Read memory: addr=0x40040100, size=4, count=1
	Debug: 2172 148416 arc_mem.c:54 arc_mem_read_block(): Read memory: addr=0x40040100, size=4, count=1
	Debug: 2173 148432 arc_jtag.c:596 arc_jtag_read_memory(): Reading memory: addr=0x40040100;count=1;slow=Y
	Debug: 2174 148432 arc32.c:705 arc32_read_instruction_u32(): Address: 0x40040100, value: 0x256f003f
	Debug: 2175 148448 breakpoints.c:106 breakpoint_add_internal(): added software breakpoint at 0x40040100 of length 0x00000004, (BPID: 10
	)
	Debug: 2176 148448 gdb_server.c:2670 gdb_input_inner(): received packet: 'Hc0'
	Debug: 2177 148463 gdb_server.c:2670 gdb_input_inner(): received packet: 'c'
	Debug: 2178 148463 target.c:1411 target_call_event_callbacks(): target event 5 (gdb-start)
	Debug: 2179 148479 gdb_server.c:1531 gdb_step_continue_packet(): -
	Debug: 2180 148479 gdb_server.c:1540 gdb_step_continue_packet(): continue
	Debug: 2181 148479 target.c:1411 target_call_event_callbacks(): target event 3 (resume-start)
	Debug: 2182 148494 arc_dbg.c:562 arc_dbg_resume(): current:1, address:0x00000000, handle_breakpoints:0, debug_execution:0
	Debug: 2183 148494 arc_dbg.c:571 arc_dbg_resume(): we are in debug execution mode
	Debug: 2184 148510 target.c:1732 target_free_all_working_areas_restore(): freeing all working areas
	Debug: 2185 148510 arc32.c:263 arc32_restore_context(): -
	Debug: 2186 148510 arc_jtag.c:224 arc_jtag_write_registers(): Writing to core registers: addr[0]=0xefefefef;count=0;buffer[0]=0xefefefe
	f
	Debug: 2187 148526 arc_jtag.c:224 arc_jtag_write_registers(): Writing to aux registers: addr[0]=0xefefefef;count=0;buffer[0]=0xefefefef

	Debug: 2188 148541 arc_dbg.c:594 arc_dbg_resume(): Target resumes from PC=0x40040804, pc.dirty=0, pc.valid=1
	Debug: 2189 148541 arc_dbg.c:600 arc_dbg_resume(): resume Core (when start-core) with PC @:0x40040804
	Debug: 2190 148557 arc_jtag.c:224 arc_jtag_write_registers(): Writing to aux registers: addr[0]=0x6;count=1;buffer[0]=0x40040804
	Debug: 2191 148572 arc_jtag.c:224 arc_jtag_write_registers(): Writing to aux registers: addr[0]=0x40c;count=1;buffer[0]=0xffffffff
	Debug: 2192 148572 arc32.c:343 arc32_enable_interrupts(): interrupts enabled
	Debug: 2193 148588 arc_jtag.c:298 arc_jtag_read_registers(): Reading aux registers: addr[0]=0x5;count=1
	Debug: 2194 148588 arc_jtag.c:341 arc_jtag_read_registers(): Read from register: buf[0]=0x0
	Debug: 2195 148604 arc_jtag.c:224 arc_jtag_write_registers(): Writing to aux registers: addr[0]=0x5;count=1;buffer[0]=0x00000002
	Debug: 2196 148619 arc_jtag.c:298 arc_jtag_read_registers(): Reading aux registers: addr[0]=0xa;count=1
	Debug: 2197 148619 arc_jtag.c:341 arc_jtag_read_registers(): Read from register: buf[0]=0x1
	Debug: 2198 148635 arc_jtag.c:224 arc_jtag_write_registers(): Writing to aux registers: addr[0]=0xa;count=1;buffer[0]=0x00000000
	Debug: 2199 148635 arc32.c:365 arc32_start_core(): Core started to run
	Debug: 2200 148650 target.c:1411 target_call_event_callbacks(): target event 2 (resumed)
	Debug: 2201 148650 arc_dbg.c:633 arc_dbg_resume(): target resumed at 0x40040804
	Debug: 2202 148650 target.c:1411 target_call_event_callbacks(): target event 4 (resume-end)
	Debug: 2203 148666 arc_jtag.c:298 arc_jtag_read_registers(): Reading aux registers: addr[0]=0xa;count=1
	Debug: 2204 148666 arc_jtag.c:341 arc_jtag_read_registers(): Read from register: buf[0]=0x1
	Debug: 2205 148682 arc_ocd.c:71 arc_ocd_poll(): ARC core in halt state,
	Debug: 2206 148682 arc_jtag.c:298 arc_jtag_read_registers(): Reading aux registers: addr[0]=0x6;count=1
	Debug: 2207 148697 arc_jtag.c:341 arc_jtag_read_registers(): Read from register: buf[0]=0x400408bc
	Debug: 2208 148697 arc32.c:141 arc32_save_context(): -
	Debug: 2209 148697 arc_jtag.c:298 arc_jtag_read_registers(): Reading core registers: addr[0]=0x0;count=34
	Debug: 2210 148713 arc_jtag.c:341 arc_jtag_read_registers(): Read from register: buf[0]=0x0
	Debug: 2211 148713 arc_jtag.c:298 arc_jtag_read_registers(): Reading aux registers: addr[0]=0x6;count=4
	Debug: 2212 148728 arc_jtag.c:341 arc_jtag_read_registers(): Read from register: buf[0]=0x400408bc
	Debug: 2213 148744 arc32.c:218 arc32_save_context(): Get core register regnum=0, name=r0, value=0x00000000
	Debug: 2214 148744 arc32.c:218 arc32_save_context(): Get core register regnum=1, name=r1, value=0x00000000
	Debug: 2215 148760 arc32.c:218 arc32_save_context(): Get core register regnum=2, name=r2, value=0x00000000
	Debug: 2216 148760 arc32.c:218 arc32_save_context(): Get core register regnum=3, name=r3, value=0x00000000
	Debug: 2217 148775 arc32.c:218 arc32_save_context(): Get core register regnum=4, name=r4, value=0x00000000
	Debug: 2218 148775 arc32.c:218 arc32_save_context(): Get core register regnum=5, name=r5, value=0x00000000
	Debug: 2219 148791 arc32.c:218 arc32_save_context(): Get core register regnum=6, name=r6, value=0x00000000
	Debug: 2220 148791 arc32.c:218 arc32_save_context(): Get core register regnum=7, name=r7, value=0x00000000
	Debug: 2221 148806 arc32.c:218 arc32_save_context(): Get core register regnum=8, name=r8, value=0x00000000
	Debug: 2222 148806 arc32.c:218 arc32_save_context(): Get core register regnum=9, name=r9, value=0x00000000
	Debug: 2223 148822 arc32.c:218 arc32_save_context(): Get core register regnum=10, name=r10, value=0x00000000
	Debug: 2224 148822 arc32.c:218 arc32_save_context(): Get core register regnum=11, name=r11, value=0x00000000
	Debug: 2225 148838 arc32.c:218 arc32_save_context(): Get core register regnum=12, name=r12, value=0x00000000
	Debug: 2226 148838 arc32.c:218 arc32_save_context(): Get core register regnum=13, name=r13, value=0x00000000
	Debug: 2227 148853 arc32.c:218 arc32_save_context(): Get core register regnum=14, name=r14, value=0x00000000
	Debug: 2228 148853 arc32.c:218 arc32_save_context(): Get core register regnum=15, name=r15, value=0x00000000
	Debug: 2229 148869 arc32.c:218 arc32_save_context(): Get core register regnum=16, name=r16, value=0x00000000
	Debug: 2230 148869 arc32.c:218 arc32_save_context(): Get core register regnum=17, name=r17, value=0x00000000
	Debug: 2231 148884 arc32.c:218 arc32_save_context(): Get core register regnum=18, name=r18, value=0x00000000
	Debug: 2232 148884 arc32.c:218 arc32_save_context(): Get core register regnum=19, name=r19, value=0x00000000
	Debug: 2233 148900 arc32.c:218 arc32_save_context(): Get core register regnum=20, name=r20, value=0x00000000
	Debug: 2234 148900 arc32.c:218 arc32_save_context(): Get core register regnum=21, name=r21, value=0x00000000
	Debug: 2235 148916 arc32.c:218 arc32_save_context(): Get core register regnum=22, name=r22, value=0x00000000
	Debug: 2236 148916 arc32.c:218 arc32_save_context(): Get core register regnum=23, name=r23, value=0x00000000
	Debug: 2237 148931 arc32.c:218 arc32_save_context(): Get core register regnum=24, name=r24, value=0x00000000
	Debug: 2238 148931 arc32.c:218 arc32_save_context(): Get core register regnum=25, name=r25, value=0x00000000
	Debug: 2239 148947 arc32.c:218 arc32_save_context(): Get core register regnum=26, name=gp, value=0x10004008
	Debug: 2240 148947 arc32.c:218 arc32_save_context(): Get core register regnum=27, name=fp, value=0x10007fd8
	Debug: 2241 148962 arc32.c:218 arc32_save_context(): Get core register regnum=28, name=sp, value=0x10007fc8
	Debug: 2242 148962 arc32.c:218 arc32_save_context(): Get core register regnum=29, name=ilink1, value=0x00000000
	Debug: 2243 148978 arc32.c:218 arc32_save_context(): Get core register regnum=30, name=ilink2, value=0x00000000
	Debug: 2244 148978 arc32.c:218 arc32_save_context(): Get core register regnum=31, name=blink, value=0x00000000
	Debug: 2245 148994 arc32.c:218 arc32_save_context(): Get core register regnum=60, name=lp_count, value=0x00000000
	Debug: 2246 148994 arc32.c:218 arc32_save_context(): Get core register regnum=63, name=pcl, value=0x400408bc
	Debug: 2247 149009 arc32.c:238 arc32_save_context(): Get aux register regnum=64, name=pc, value=0x400408bc
	Debug: 2248 149009 arc32.c:238 arc32_save_context(): Get aux register regnum=65, name=lp_start, value=0x00000000
	Debug: 2249 149025 arc32.c:238 arc32_save_context(): Get aux register regnum=66, name=lp_end, value=0x00000000
	Debug: 2250 149025 arc32.c:238 arc32_save_context(): Get aux register regnum=67, name=status32, value=0x00000001
	Debug: 2251 149040 arc32.c:643 arc32_reset_caches_states(): Resetting internal variables of caches states
	Debug: 2252 149040 arc32.c:1112 arc32_get_register_field(): getting register field (reg_name=debug, field_name=bh)
	Debug: 2253 149056 arc_jtag.c:298 arc_jtag_read_registers(): Reading aux registers: addr[0]=0x5;count=1
	Debug: 2255 149072 arc_jtag.c:341 arc_jtag_read_registers(): Read from register: buf[0]=0x20000000
	Debug: 2256 149072 arc_regs.c:84 arc_regs_get_core_reg(): Get register gdb_num=69, name=debug, value=0x20000000
	Debug: 2257 149087 arc32.c:1154 arc32_get_register_field(): return (value=0x1)
	Debug: 2258 149087 target.c:1411 target_call_event_callbacks(): target event 19 (debug-halted)

and This is my gdb client behaviors:

	(gdb) c
	Continuing.

It continue running as above, the I hit CTRL-C and get this:
	
	The target is not running when halt was requested, stopping GDB.

	Program received signal SIGINT, Interrupt.
	main () at main.c:105
	105             int a = 1;
	(gdb)

It seems this patch has some side-effects, could you please try this test and check whether you have the same problem?

**Comment by anthony-kolesov** [comment]
@EvgeniiDidin, have you looked at this? According to the log it seems that OpenOCD works correctly until the `target.c:1411 target_call_event_callbacks(): target event 19 (debug-halted)` line, where it should send the stop packet to the GDB client, but I would need an equivalent log of a working setup to be sure.

**Comment by anthony-kolesov** [comment]
Meant to write this here, but put that in the merge request https://github.com/foss-for-synopsys-dwc-arc-processors/openocd/pull/33

> Ough, I see now an email.

**Comment by lipinggoke** [comment]
Hi @EvgeniiDidin and @anthony-kolesov ,
After the latest patch applied, the new openocd worked perfectly these days.
I am gonna close this issue right now.
Sincerely thanks for your support.
